ARM GAS  E:\cygwin64\tmp\ccFrEj0S.s 			page 1


   1              		.cpu cortex-m0
   2              		.eabi_attribute 20, 1
   3              		.eabi_attribute 21, 1
   4              		.eabi_attribute 23, 3
   5              		.eabi_attribute 24, 1
   6              		.eabi_attribute 25, 1
   7              		.eabi_attribute 26, 1
   8              		.eabi_attribute 30, 1
   9              		.eabi_attribute 34, 0
  10              		.eabi_attribute 18, 4
  11              		.file	"gpio.c"
  12              		.text
  13              	.Ltext0:
  14              		.cfi_sections	.debug_frame
  15              		.section	.text.MX_GPIO_Init,"ax",%progbits
  16              		.align	1
  17              		.global	MX_GPIO_Init
  18              		.syntax unified
  19              		.code	16
  20              		.thumb_func
  21              		.fpu softvfp
  23              	MX_GPIO_Init:
  24              	.LFB37:
  25              		.file 1 "Core/Src/gpio.c"
   1:Core/Src/gpio.c **** /**
   2:Core/Src/gpio.c ****   ******************************************************************************
   3:Core/Src/gpio.c ****   * File Name          : gpio.c
   4:Core/Src/gpio.c ****   * Description        : This file provides code for the configuration
   5:Core/Src/gpio.c ****   *                      of all used GPIO pins.
   6:Core/Src/gpio.c ****   ******************************************************************************
   7:Core/Src/gpio.c ****   * @attention
   8:Core/Src/gpio.c ****   *
   9:Core/Src/gpio.c ****   * <h2><center>&copy; Copyright (c) 2019 STMicroelectronics.
  10:Core/Src/gpio.c ****   * All rights reserved.</center></h2>
  11:Core/Src/gpio.c ****   *
  12:Core/Src/gpio.c ****   * This software component is licensed by ST under BSD 3-Clause license,
  13:Core/Src/gpio.c ****   * the "License"; You may not use this file except in compliance with the
  14:Core/Src/gpio.c ****   * License. You may obtain a copy of the License at:
  15:Core/Src/gpio.c ****   *                        opensource.org/licenses/BSD-3-Clause
  16:Core/Src/gpio.c ****   *
  17:Core/Src/gpio.c ****   ******************************************************************************
  18:Core/Src/gpio.c ****   */
  19:Core/Src/gpio.c **** 
  20:Core/Src/gpio.c **** /* Includes ------------------------------------------------------------------*/
  21:Core/Src/gpio.c **** #include "gpio.h"
  22:Core/Src/gpio.c **** /* USER CODE BEGIN 0 */
  23:Core/Src/gpio.c **** 
  24:Core/Src/gpio.c **** /* USER CODE END 0 */
  25:Core/Src/gpio.c **** 
  26:Core/Src/gpio.c **** /*----------------------------------------------------------------------------*/
  27:Core/Src/gpio.c **** /* Configure GPIO                                                             */
  28:Core/Src/gpio.c **** /*----------------------------------------------------------------------------*/
  29:Core/Src/gpio.c **** /* USER CODE BEGIN 1 */
  30:Core/Src/gpio.c **** 
  31:Core/Src/gpio.c **** /* USER CODE END 1 */
  32:Core/Src/gpio.c **** 
  33:Core/Src/gpio.c **** /** Configure pins as 
ARM GAS  E:\cygwin64\tmp\ccFrEj0S.s 			page 2


  34:Core/Src/gpio.c ****         * Analog 
  35:Core/Src/gpio.c ****         * Input 
  36:Core/Src/gpio.c ****         * Output
  37:Core/Src/gpio.c ****         * EVENT_OUT
  38:Core/Src/gpio.c ****         * EXTI
  39:Core/Src/gpio.c **** */
  40:Core/Src/gpio.c **** void MX_GPIO_Init(void)
  41:Core/Src/gpio.c **** {
  26              		.loc 1 41 0
  27              		.cfi_startproc
  28              		@ args = 0, pretend = 0, frame = 32
  29              		@ frame_needed = 0, uses_anonymous_args = 0
  30 0000 F0B5     		push	{r4, r5, r6, r7, lr}
  31              	.LCFI0:
  32              		.cfi_def_cfa_offset 20
  33              		.cfi_offset 4, -20
  34              		.cfi_offset 5, -16
  35              		.cfi_offset 6, -12
  36              		.cfi_offset 7, -8
  37              		.cfi_offset 14, -4
  38 0002 89B0     		sub	sp, sp, #36
  39              	.LCFI1:
  40              		.cfi_def_cfa_offset 56
  42:Core/Src/gpio.c **** 
  43:Core/Src/gpio.c ****   GPIO_InitTypeDef GPIO_InitStruct = {0};
  41              		.loc 1 43 0
  42 0004 1422     		movs	r2, #20
  43 0006 0021     		movs	r1, #0
  44 0008 03A8     		add	r0, sp, #12
  45 000a FFF7FEFF 		bl	memset
  46              	.LVL0:
  47              	.LBB2:
  44:Core/Src/gpio.c **** 
  45:Core/Src/gpio.c ****   /* GPIO Ports Clock Enable */
  46:Core/Src/gpio.c ****   __HAL_RCC_GPIOF_CLK_ENABLE();
  48              		.loc 1 46 0
  49 000e 374B     		ldr	r3, .L2
  50 0010 5969     		ldr	r1, [r3, #20]
  51 0012 8020     		movs	r0, #128
  52 0014 C003     		lsls	r0, r0, #15
  53 0016 0143     		orrs	r1, r0
  54 0018 5961     		str	r1, [r3, #20]
  55 001a 5A69     		ldr	r2, [r3, #20]
  56 001c 0240     		ands	r2, r0
  57 001e 0092     		str	r2, [sp]
  58 0020 009A     		ldr	r2, [sp]
  59              	.LBE2:
  60              	.LBB3:
  47:Core/Src/gpio.c ****   __HAL_RCC_GPIOA_CLK_ENABLE();
  61              		.loc 1 47 0
  62 0022 5969     		ldr	r1, [r3, #20]
  63 0024 8020     		movs	r0, #128
  64 0026 8002     		lsls	r0, r0, #10
  65 0028 0143     		orrs	r1, r0
  66 002a 5961     		str	r1, [r3, #20]
  67 002c 5A69     		ldr	r2, [r3, #20]
  68 002e 0240     		ands	r2, r0
ARM GAS  E:\cygwin64\tmp\ccFrEj0S.s 			page 3


  69 0030 0192     		str	r2, [sp, #4]
  70 0032 019A     		ldr	r2, [sp, #4]
  71              	.LBE3:
  72              	.LBB4:
  48:Core/Src/gpio.c ****   __HAL_RCC_GPIOB_CLK_ENABLE();
  73              		.loc 1 48 0
  74 0034 5A69     		ldr	r2, [r3, #20]
  75 0036 8021     		movs	r1, #128
  76 0038 C902     		lsls	r1, r1, #11
  77 003a 0A43     		orrs	r2, r1
  78 003c 5A61     		str	r2, [r3, #20]
  79 003e 5B69     		ldr	r3, [r3, #20]
  80 0040 0B40     		ands	r3, r1
  81 0042 0293     		str	r3, [sp, #8]
  82 0044 029B     		ldr	r3, [sp, #8]
  83              	.LBE4:
  49:Core/Src/gpio.c **** 
  50:Core/Src/gpio.c ****   /*Configure GPIO pin Output Level */
  51:Core/Src/gpio.c ****   HAL_GPIO_WritePin(GPIOA, MN5_Pin|MN6_Pin|MN1_Pin|MN2_Pin, GPIO_PIN_RESET);
  84              		.loc 1 51 0
  85 0046 2A4C     		ldr	r4, .L2+4
  86 0048 0022     		movs	r2, #0
  87 004a 2100     		movs	r1, r4
  88 004c 9020     		movs	r0, #144
  89 004e C005     		lsls	r0, r0, #23
  90 0050 FFF7FEFF 		bl	HAL_GPIO_WritePin
  91              	.LVL1:
  52:Core/Src/gpio.c **** 
  53:Core/Src/gpio.c ****   /*Configure GPIO pin Output Level */
  54:Core/Src/gpio.c ****   HAL_GPIO_WritePin(GPIOB, MN3_Pin|MN4_Pin, GPIO_PIN_RESET);
  92              		.loc 1 54 0
  93 0054 0022     		movs	r2, #0
  94 0056 0321     		movs	r1, #3
  95 0058 2648     		ldr	r0, .L2+8
  96 005a FFF7FEFF 		bl	HAL_GPIO_WritePin
  97              	.LVL2:
  55:Core/Src/gpio.c **** 
  56:Core/Src/gpio.c ****   /*Configure GPIO pin Output Level */
  57:Core/Src/gpio.c ****   HAL_GPIO_WritePin(LED1_GPIO_Port, LED1_Pin, GPIO_PIN_SET);
  98              		.loc 1 57 0
  99 005e 8025     		movs	r5, #128
 100 0060 2D02     		lsls	r5, r5, #8
 101 0062 0122     		movs	r2, #1
 102 0064 2900     		movs	r1, r5
 103 0066 9020     		movs	r0, #144
 104 0068 C005     		lsls	r0, r0, #23
 105 006a FFF7FEFF 		bl	HAL_GPIO_WritePin
 106              	.LVL3:
  58:Core/Src/gpio.c **** 
  59:Core/Src/gpio.c ****   /*Configure GPIO pin Output Level */
  60:Core/Src/gpio.c ****   HAL_GPIO_WritePin(GPIOB, ZIGBEE_DEF_Pin|ZIGBEE_RESET_Pin, GPIO_PIN_SET);
 107              		.loc 1 60 0
 108 006e 0122     		movs	r2, #1
 109 0070 3021     		movs	r1, #48
 110 0072 2048     		ldr	r0, .L2+8
 111 0074 FFF7FEFF 		bl	HAL_GPIO_WritePin
 112              	.LVL4:
ARM GAS  E:\cygwin64\tmp\ccFrEj0S.s 			page 4


  61:Core/Src/gpio.c **** 
  62:Core/Src/gpio.c ****   /*Configure GPIO pins : PAPin PAPin PAPin PAPin */
  63:Core/Src/gpio.c ****   GPIO_InitStruct.Pin = MN5_Pin|MN6_Pin|MN1_Pin|MN2_Pin;
 113              		.loc 1 63 0
 114 0078 0394     		str	r4, [sp, #12]
  64:Core/Src/gpio.c ****   GPIO_InitStruct.Mode = GPIO_MODE_OUTPUT_PP;
 115              		.loc 1 64 0
 116 007a 0124     		movs	r4, #1
 117 007c 0494     		str	r4, [sp, #16]
  65:Core/Src/gpio.c ****   GPIO_InitStruct.Pull = GPIO_NOPULL;
 118              		.loc 1 65 0
 119 007e 0026     		movs	r6, #0
 120 0080 0596     		str	r6, [sp, #20]
  66:Core/Src/gpio.c ****   GPIO_InitStruct.Speed = GPIO_SPEED_FREQ_HIGH;
 121              		.loc 1 66 0
 122 0082 0327     		movs	r7, #3
 123 0084 0697     		str	r7, [sp, #24]
  67:Core/Src/gpio.c ****   HAL_GPIO_Init(GPIOA, &GPIO_InitStruct);
 124              		.loc 1 67 0
 125 0086 03A9     		add	r1, sp, #12
 126 0088 9020     		movs	r0, #144
 127 008a C005     		lsls	r0, r0, #23
 128 008c FFF7FEFF 		bl	HAL_GPIO_Init
 129              	.LVL5:
  68:Core/Src/gpio.c **** 
  69:Core/Src/gpio.c ****   /*Configure GPIO pins : PBPin PBPin */
  70:Core/Src/gpio.c ****   GPIO_InitStruct.Pin = MN3_Pin|MN4_Pin;
 130              		.loc 1 70 0
 131 0090 0397     		str	r7, [sp, #12]
  71:Core/Src/gpio.c ****   GPIO_InitStruct.Mode = GPIO_MODE_OUTPUT_PP;
 132              		.loc 1 71 0
 133 0092 0494     		str	r4, [sp, #16]
  72:Core/Src/gpio.c ****   GPIO_InitStruct.Pull = GPIO_NOPULL;
 134              		.loc 1 72 0
 135 0094 0596     		str	r6, [sp, #20]
  73:Core/Src/gpio.c ****   GPIO_InitStruct.Speed = GPIO_SPEED_FREQ_HIGH;
 136              		.loc 1 73 0
 137 0096 0697     		str	r7, [sp, #24]
  74:Core/Src/gpio.c ****   HAL_GPIO_Init(GPIOB, &GPIO_InitStruct);
 138              		.loc 1 74 0
 139 0098 03A9     		add	r1, sp, #12
 140 009a 1648     		ldr	r0, .L2+8
 141 009c FFF7FEFF 		bl	HAL_GPIO_Init
 142              	.LVL6:
  75:Core/Src/gpio.c **** 
  76:Core/Src/gpio.c ****   /*Configure GPIO pin : PtPin */
  77:Core/Src/gpio.c ****   GPIO_InitStruct.Pin = LED1_Pin;
 143              		.loc 1 77 0
 144 00a0 0395     		str	r5, [sp, #12]
  78:Core/Src/gpio.c ****   GPIO_InitStruct.Mode = GPIO_MODE_OUTPUT_PP;
 145              		.loc 1 78 0
 146 00a2 0494     		str	r4, [sp, #16]
  79:Core/Src/gpio.c ****   GPIO_InitStruct.Pull = GPIO_NOPULL;
 147              		.loc 1 79 0
 148 00a4 0596     		str	r6, [sp, #20]
  80:Core/Src/gpio.c ****   GPIO_InitStruct.Speed = GPIO_SPEED_FREQ_LOW;
 149              		.loc 1 80 0
ARM GAS  E:\cygwin64\tmp\ccFrEj0S.s 			page 5


 150 00a6 0696     		str	r6, [sp, #24]
  81:Core/Src/gpio.c ****   HAL_GPIO_Init(LED1_GPIO_Port, &GPIO_InitStruct);
 151              		.loc 1 81 0
 152 00a8 03A9     		add	r1, sp, #12
 153 00aa 9020     		movs	r0, #144
 154 00ac C005     		lsls	r0, r0, #23
 155 00ae FFF7FEFF 		bl	HAL_GPIO_Init
 156              	.LVL7:
  82:Core/Src/gpio.c **** 
  83:Core/Src/gpio.c ****   /*Configure GPIO pin : PtPin */
  84:Core/Src/gpio.c ****   GPIO_InitStruct.Pin = FREE_PIN_Pin;
 157              		.loc 1 84 0
 158 00b2 0823     		movs	r3, #8
 159 00b4 0393     		str	r3, [sp, #12]
  85:Core/Src/gpio.c ****   GPIO_InitStruct.Mode = GPIO_MODE_INPUT;
 160              		.loc 1 85 0
 161 00b6 0496     		str	r6, [sp, #16]
  86:Core/Src/gpio.c ****   GPIO_InitStruct.Pull = GPIO_PULLUP;
 162              		.loc 1 86 0
 163 00b8 0594     		str	r4, [sp, #20]
  87:Core/Src/gpio.c ****   HAL_GPIO_Init(FREE_PIN_GPIO_Port, &GPIO_InitStruct);
 164              		.loc 1 87 0
 165 00ba 03A9     		add	r1, sp, #12
 166 00bc 0D48     		ldr	r0, .L2+8
 167 00be FFF7FEFF 		bl	HAL_GPIO_Init
 168              	.LVL8:
  88:Core/Src/gpio.c **** 
  89:Core/Src/gpio.c ****   /*Configure GPIO pin : PtPin */
  90:Core/Src/gpio.c ****   GPIO_InitStruct.Pin = ZIGBEE_DEF_Pin;
 169              		.loc 1 90 0
 170 00c2 1023     		movs	r3, #16
 171 00c4 0393     		str	r3, [sp, #12]
  91:Core/Src/gpio.c ****   GPIO_InitStruct.Mode = GPIO_MODE_OUTPUT_PP;
 172              		.loc 1 91 0
 173 00c6 0494     		str	r4, [sp, #16]
  92:Core/Src/gpio.c ****   GPIO_InitStruct.Pull = GPIO_PULLUP;
 174              		.loc 1 92 0
 175 00c8 0594     		str	r4, [sp, #20]
  93:Core/Src/gpio.c ****   GPIO_InitStruct.Speed = GPIO_SPEED_FREQ_HIGH;
 176              		.loc 1 93 0
 177 00ca 0697     		str	r7, [sp, #24]
  94:Core/Src/gpio.c ****   HAL_GPIO_Init(ZIGBEE_DEF_GPIO_Port, &GPIO_InitStruct);
 178              		.loc 1 94 0
 179 00cc 03A9     		add	r1, sp, #12
 180 00ce 0948     		ldr	r0, .L2+8
 181 00d0 FFF7FEFF 		bl	HAL_GPIO_Init
 182              	.LVL9:
  95:Core/Src/gpio.c **** 
  96:Core/Src/gpio.c ****   /*Configure GPIO pin : PtPin */
  97:Core/Src/gpio.c ****   GPIO_InitStruct.Pin = ZIGBEE_RESET_Pin;
 183              		.loc 1 97 0
 184 00d4 2023     		movs	r3, #32
 185 00d6 0393     		str	r3, [sp, #12]
  98:Core/Src/gpio.c ****   GPIO_InitStruct.Mode = GPIO_MODE_OUTPUT_PP;
 186              		.loc 1 98 0
 187 00d8 0494     		str	r4, [sp, #16]
  99:Core/Src/gpio.c ****   GPIO_InitStruct.Pull = GPIO_PULLUP;
ARM GAS  E:\cygwin64\tmp\ccFrEj0S.s 			page 6


 188              		.loc 1 99 0
 189 00da 0594     		str	r4, [sp, #20]
 100:Core/Src/gpio.c ****   GPIO_InitStruct.Speed = GPIO_SPEED_FREQ_LOW;
 190              		.loc 1 100 0
 191 00dc 0696     		str	r6, [sp, #24]
 101:Core/Src/gpio.c ****   HAL_GPIO_Init(ZIGBEE_RESET_GPIO_Port, &GPIO_InitStruct);
 192              		.loc 1 101 0
 193 00de 03A9     		add	r1, sp, #12
 194 00e0 0448     		ldr	r0, .L2+8
 195 00e2 FFF7FEFF 		bl	HAL_GPIO_Init
 196              	.LVL10:
 102:Core/Src/gpio.c **** 
 103:Core/Src/gpio.c **** }
 197              		.loc 1 103 0
 198 00e6 09B0     		add	sp, sp, #36
 199              		@ sp needed
 200 00e8 F0BD     		pop	{r4, r5, r6, r7, pc}
 201              	.L3:
 202 00ea C046     		.align	2
 203              	.L2:
 204 00ec 00100240 		.word	1073876992
 205 00f0 03180000 		.word	6147
 206 00f4 00040048 		.word	1207960576
 207              		.cfi_endproc
 208              	.LFE37:
 210              		.text
 211              	.Letext0:
 212              		.file 2 "d:\\program files (x86)\\gnu tools arm embedded\\7 2018-q2-update\\arm-none-eabi\\include
 213              		.file 3 "d:\\program files (x86)\\gnu tools arm embedded\\7 2018-q2-update\\arm-none-eabi\\include
 214              		.file 4 "Drivers/CMSIS/Device/ST/STM32F0xx/Include/system_stm32f0xx.h"
 215              		.file 5 "Drivers/CMSIS/Device/ST/STM32F0xx/Include/stm32f042x6.h"
 216              		.file 6 "d:\\program files (x86)\\gnu tools arm embedded\\7 2018-q2-update\\arm-none-eabi\\include
 217              		.file 7 "d:\\program files (x86)\\gnu tools arm embedded\\7 2018-q2-update\\arm-none-eabi\\include
 218              		.file 8 "d:\\program files (x86)\\gnu tools arm embedded\\7 2018-q2-update\\lib\\gcc\\arm-none-eab
 219              		.file 9 "d:\\program files (x86)\\gnu tools arm embedded\\7 2018-q2-update\\arm-none-eabi\\include
 220              		.file 10 "Drivers/STM32F0xx_HAL_Driver/Inc/stm32f0xx_hal_gpio.h"
 221              		.file 11 "<built-in>"
ARM GAS  E:\cygwin64\tmp\ccFrEj0S.s 			page 7


DEFINED SYMBOLS
                            *ABS*:00000000 gpio.c
E:\cygwin64\tmp\ccFrEj0S.s:16     .text.MX_GPIO_Init:00000000 $t
E:\cygwin64\tmp\ccFrEj0S.s:23     .text.MX_GPIO_Init:00000000 MX_GPIO_Init
E:\cygwin64\tmp\ccFrEj0S.s:204    .text.MX_GPIO_Init:000000ec $d

UNDEFINED SYMBOLS
memset
HAL_GPIO_WritePin
HAL_GPIO_Init
