ARM GAS  E:\cygwin64\tmp\cct5uykC.s 			page 1


   1              		.cpu cortex-m0
   2              		.eabi_attribute 20, 1
   3              		.eabi_attribute 21, 1
   4              		.eabi_attribute 23, 3
   5              		.eabi_attribute 24, 1
   6              		.eabi_attribute 25, 1
   7              		.eabi_attribute 26, 1
   8              		.eabi_attribute 30, 1
   9              		.eabi_attribute 34, 0
  10              		.eabi_attribute 18, 4
  11              		.file	"stm32f0xx_hal_crc_ex.c"
  12              		.text
  13              	.Ltext0:
  14              		.cfi_sections	.debug_frame
  15              		.section	.text.HAL_CRCEx_Init,"ax",%progbits
  16              		.align	1
  17              		.global	HAL_CRCEx_Init
  18              		.syntax unified
  19              		.code	16
  20              		.thumb_func
  21              		.fpu softvfp
  23              	HAL_CRCEx_Init:
  24              	.LFB37:
  25              		.file 1 "Drivers/STM32F0xx_HAL_Driver/Src/stm32f0xx_hal_crc_ex.c"
   1:Drivers/STM32F0xx_HAL_Driver/Src/stm32f0xx_hal_crc_ex.c **** /**
   2:Drivers/STM32F0xx_HAL_Driver/Src/stm32f0xx_hal_crc_ex.c ****   ******************************************************************************
   3:Drivers/STM32F0xx_HAL_Driver/Src/stm32f0xx_hal_crc_ex.c ****   * @file    stm32f0xx_hal_crc_ex.c
   4:Drivers/STM32F0xx_HAL_Driver/Src/stm32f0xx_hal_crc_ex.c ****   * @author  MCD Application Team
   5:Drivers/STM32F0xx_HAL_Driver/Src/stm32f0xx_hal_crc_ex.c ****   * @brief   Extended CRC HAL module driver.
   6:Drivers/STM32F0xx_HAL_Driver/Src/stm32f0xx_hal_crc_ex.c ****   *          This file provides firmware functions to manage the following 
   7:Drivers/STM32F0xx_HAL_Driver/Src/stm32f0xx_hal_crc_ex.c ****   *          functionalities of the CRC peripheral:
   8:Drivers/STM32F0xx_HAL_Driver/Src/stm32f0xx_hal_crc_ex.c ****   *           + Extended initialization functions
   9:Drivers/STM32F0xx_HAL_Driver/Src/stm32f0xx_hal_crc_ex.c ****   *         
  10:Drivers/STM32F0xx_HAL_Driver/Src/stm32f0xx_hal_crc_ex.c ****   @verbatim
  11:Drivers/STM32F0xx_HAL_Driver/Src/stm32f0xx_hal_crc_ex.c **** ================================================================================
  12:Drivers/STM32F0xx_HAL_Driver/Src/stm32f0xx_hal_crc_ex.c ****             ##### How to use this driver #####
  13:Drivers/STM32F0xx_HAL_Driver/Src/stm32f0xx_hal_crc_ex.c **** ================================================================================
  14:Drivers/STM32F0xx_HAL_Driver/Src/stm32f0xx_hal_crc_ex.c ****     [..]
  15:Drivers/STM32F0xx_HAL_Driver/Src/stm32f0xx_hal_crc_ex.c ****          (+) Extended initialization
  16:Drivers/STM32F0xx_HAL_Driver/Src/stm32f0xx_hal_crc_ex.c ****          (+) Set or not user-defined generating
  17:Drivers/STM32F0xx_HAL_Driver/Src/stm32f0xx_hal_crc_ex.c ****             polynomial other than default one
  18:Drivers/STM32F0xx_HAL_Driver/Src/stm32f0xx_hal_crc_ex.c **** 
  19:Drivers/STM32F0xx_HAL_Driver/Src/stm32f0xx_hal_crc_ex.c ****   @endverbatim
  20:Drivers/STM32F0xx_HAL_Driver/Src/stm32f0xx_hal_crc_ex.c ****   ******************************************************************************
  21:Drivers/STM32F0xx_HAL_Driver/Src/stm32f0xx_hal_crc_ex.c ****   * @attention
  22:Drivers/STM32F0xx_HAL_Driver/Src/stm32f0xx_hal_crc_ex.c ****   *
  23:Drivers/STM32F0xx_HAL_Driver/Src/stm32f0xx_hal_crc_ex.c ****   * <h2><center>&copy; COPYRIGHT(c) 2016 STMicroelectronics</center></h2>
  24:Drivers/STM32F0xx_HAL_Driver/Src/stm32f0xx_hal_crc_ex.c ****   *
  25:Drivers/STM32F0xx_HAL_Driver/Src/stm32f0xx_hal_crc_ex.c ****   * Redistribution and use in source and binary forms, with or without modification,
  26:Drivers/STM32F0xx_HAL_Driver/Src/stm32f0xx_hal_crc_ex.c ****   * are permitted provided that the following conditions are met:
  27:Drivers/STM32F0xx_HAL_Driver/Src/stm32f0xx_hal_crc_ex.c ****   *   1. Redistributions of source code must retain the above copyright notice,
  28:Drivers/STM32F0xx_HAL_Driver/Src/stm32f0xx_hal_crc_ex.c ****   *      this list of conditions and the following disclaimer.
  29:Drivers/STM32F0xx_HAL_Driver/Src/stm32f0xx_hal_crc_ex.c ****   *   2. Redistributions in binary form must reproduce the above copyright notice,
  30:Drivers/STM32F0xx_HAL_Driver/Src/stm32f0xx_hal_crc_ex.c ****   *      this list of conditions and the following disclaimer in the documentation
  31:Drivers/STM32F0xx_HAL_Driver/Src/stm32f0xx_hal_crc_ex.c ****   *      and/or other materials provided with the distribution.
  32:Drivers/STM32F0xx_HAL_Driver/Src/stm32f0xx_hal_crc_ex.c ****   *   3. Neither the name of STMicroelectronics nor the names of its contributors
  33:Drivers/STM32F0xx_HAL_Driver/Src/stm32f0xx_hal_crc_ex.c ****   *      may be used to endorse or promote products derived from this software
ARM GAS  E:\cygwin64\tmp\cct5uykC.s 			page 2


  34:Drivers/STM32F0xx_HAL_Driver/Src/stm32f0xx_hal_crc_ex.c ****   *      without specific prior written permission.
  35:Drivers/STM32F0xx_HAL_Driver/Src/stm32f0xx_hal_crc_ex.c ****   *
  36:Drivers/STM32F0xx_HAL_Driver/Src/stm32f0xx_hal_crc_ex.c ****   * THIS SOFTWARE IS PROVIDED BY THE COPYRIGHT HOLDERS AND CONTRIBUTORS "AS IS"
  37:Drivers/STM32F0xx_HAL_Driver/Src/stm32f0xx_hal_crc_ex.c ****   * AND ANY EXPRESS OR IMPLIED WARRANTIES, INCLUDING, BUT NOT LIMITED TO, THE
  38:Drivers/STM32F0xx_HAL_Driver/Src/stm32f0xx_hal_crc_ex.c ****   * IMPLIED WARRANTIES OF MERCHANTABILITY AND FITNESS FOR A PARTICULAR PURPOSE ARE
  39:Drivers/STM32F0xx_HAL_Driver/Src/stm32f0xx_hal_crc_ex.c ****   * DISCLAIMED. IN NO EVENT SHALL THE COPYRIGHT HOLDER OR CONTRIBUTORS BE LIABLE
  40:Drivers/STM32F0xx_HAL_Driver/Src/stm32f0xx_hal_crc_ex.c ****   * FOR ANY DIRECT, INDIRECT, INCIDENTAL, SPECIAL, EXEMPLARY, OR CONSEQUENTIAL
  41:Drivers/STM32F0xx_HAL_Driver/Src/stm32f0xx_hal_crc_ex.c ****   * DAMAGES (INCLUDING, BUT NOT LIMITED TO, PROCUREMENT OF SUBSTITUTE GOODS OR
  42:Drivers/STM32F0xx_HAL_Driver/Src/stm32f0xx_hal_crc_ex.c ****   * SERVICES; LOSS OF USE, DATA, OR PROFITS; OR BUSINESS INTERRUPTION) HOWEVER
  43:Drivers/STM32F0xx_HAL_Driver/Src/stm32f0xx_hal_crc_ex.c ****   * CAUSED AND ON ANY THEORY OF LIABILITY, WHETHER IN CONTRACT, STRICT LIABILITY,
  44:Drivers/STM32F0xx_HAL_Driver/Src/stm32f0xx_hal_crc_ex.c ****   * OR TORT (INCLUDING NEGLIGENCE OR OTHERWISE) ARISING IN ANY WAY OUT OF THE USE
  45:Drivers/STM32F0xx_HAL_Driver/Src/stm32f0xx_hal_crc_ex.c ****   * OF THIS SOFTWARE, EVEN IF ADVISED OF THE POSSIBILITY OF SUCH DAMAGE.
  46:Drivers/STM32F0xx_HAL_Driver/Src/stm32f0xx_hal_crc_ex.c ****   *
  47:Drivers/STM32F0xx_HAL_Driver/Src/stm32f0xx_hal_crc_ex.c ****   ******************************************************************************  
  48:Drivers/STM32F0xx_HAL_Driver/Src/stm32f0xx_hal_crc_ex.c ****   */
  49:Drivers/STM32F0xx_HAL_Driver/Src/stm32f0xx_hal_crc_ex.c **** 
  50:Drivers/STM32F0xx_HAL_Driver/Src/stm32f0xx_hal_crc_ex.c **** /* Includes ------------------------------------------------------------------*/
  51:Drivers/STM32F0xx_HAL_Driver/Src/stm32f0xx_hal_crc_ex.c **** #include "stm32f0xx_hal.h"
  52:Drivers/STM32F0xx_HAL_Driver/Src/stm32f0xx_hal_crc_ex.c **** 
  53:Drivers/STM32F0xx_HAL_Driver/Src/stm32f0xx_hal_crc_ex.c **** /** @addtogroup STM32F0xx_HAL_Driver
  54:Drivers/STM32F0xx_HAL_Driver/Src/stm32f0xx_hal_crc_ex.c ****   * @{
  55:Drivers/STM32F0xx_HAL_Driver/Src/stm32f0xx_hal_crc_ex.c ****   */
  56:Drivers/STM32F0xx_HAL_Driver/Src/stm32f0xx_hal_crc_ex.c **** 
  57:Drivers/STM32F0xx_HAL_Driver/Src/stm32f0xx_hal_crc_ex.c **** /** @defgroup CRCEx CRCEx 
  58:Drivers/STM32F0xx_HAL_Driver/Src/stm32f0xx_hal_crc_ex.c ****   * @brief CRC Extended HAL module driver
  59:Drivers/STM32F0xx_HAL_Driver/Src/stm32f0xx_hal_crc_ex.c ****   * @{
  60:Drivers/STM32F0xx_HAL_Driver/Src/stm32f0xx_hal_crc_ex.c ****   */
  61:Drivers/STM32F0xx_HAL_Driver/Src/stm32f0xx_hal_crc_ex.c **** 
  62:Drivers/STM32F0xx_HAL_Driver/Src/stm32f0xx_hal_crc_ex.c **** #ifdef HAL_CRC_MODULE_ENABLED
  63:Drivers/STM32F0xx_HAL_Driver/Src/stm32f0xx_hal_crc_ex.c **** 
  64:Drivers/STM32F0xx_HAL_Driver/Src/stm32f0xx_hal_crc_ex.c **** /* Private typedef -----------------------------------------------------------*/
  65:Drivers/STM32F0xx_HAL_Driver/Src/stm32f0xx_hal_crc_ex.c **** /* Private define ------------------------------------------------------------*/
  66:Drivers/STM32F0xx_HAL_Driver/Src/stm32f0xx_hal_crc_ex.c **** /* Private macro -------------------------------------------------------------*/
  67:Drivers/STM32F0xx_HAL_Driver/Src/stm32f0xx_hal_crc_ex.c **** /* Private variables ---------------------------------------------------------*/
  68:Drivers/STM32F0xx_HAL_Driver/Src/stm32f0xx_hal_crc_ex.c **** /* Private function prototypes -----------------------------------------------*/
  69:Drivers/STM32F0xx_HAL_Driver/Src/stm32f0xx_hal_crc_ex.c **** /* Private functions ---------------------------------------------------------*/
  70:Drivers/STM32F0xx_HAL_Driver/Src/stm32f0xx_hal_crc_ex.c **** 
  71:Drivers/STM32F0xx_HAL_Driver/Src/stm32f0xx_hal_crc_ex.c **** /** @defgroup CRCEx_Exported_Functions CRCEx Exported Functions
  72:Drivers/STM32F0xx_HAL_Driver/Src/stm32f0xx_hal_crc_ex.c ****   * @{
  73:Drivers/STM32F0xx_HAL_Driver/Src/stm32f0xx_hal_crc_ex.c ****   */
  74:Drivers/STM32F0xx_HAL_Driver/Src/stm32f0xx_hal_crc_ex.c **** 
  75:Drivers/STM32F0xx_HAL_Driver/Src/stm32f0xx_hal_crc_ex.c **** /** @defgroup CRCEx_Exported_Functions_Group1 Extended Initialization/de-initialization functions
  76:Drivers/STM32F0xx_HAL_Driver/Src/stm32f0xx_hal_crc_ex.c ****   * @brief    Extended Initialization and Configuration functions.
  77:Drivers/STM32F0xx_HAL_Driver/Src/stm32f0xx_hal_crc_ex.c ****   *
  78:Drivers/STM32F0xx_HAL_Driver/Src/stm32f0xx_hal_crc_ex.c **** @verbatim    
  79:Drivers/STM32F0xx_HAL_Driver/Src/stm32f0xx_hal_crc_ex.c ****  ===============================================================================
  80:Drivers/STM32F0xx_HAL_Driver/Src/stm32f0xx_hal_crc_ex.c ****             ##### Initialization and Configuration functions #####
  81:Drivers/STM32F0xx_HAL_Driver/Src/stm32f0xx_hal_crc_ex.c ****  ===============================================================================
  82:Drivers/STM32F0xx_HAL_Driver/Src/stm32f0xx_hal_crc_ex.c ****     [..]  This section provides functions allowing to:
  83:Drivers/STM32F0xx_HAL_Driver/Src/stm32f0xx_hal_crc_ex.c ****       (+) Initialize the CRC generating polynomial: if programmable polynomial 
  84:Drivers/STM32F0xx_HAL_Driver/Src/stm32f0xx_hal_crc_ex.c ****           feature is applicable to device, set default or non-default generating 
  85:Drivers/STM32F0xx_HAL_Driver/Src/stm32f0xx_hal_crc_ex.c ****           polynomial according to hcrc->Init.DefaultPolynomialUse parameter.
  86:Drivers/STM32F0xx_HAL_Driver/Src/stm32f0xx_hal_crc_ex.c ****           If feature is non-applicable to device in use, HAL_CRCEx_Init straight 
  87:Drivers/STM32F0xx_HAL_Driver/Src/stm32f0xx_hal_crc_ex.c ****           away reports HAL_OK.
  88:Drivers/STM32F0xx_HAL_Driver/Src/stm32f0xx_hal_crc_ex.c ****       (+) Set the generating polynomial
  89:Drivers/STM32F0xx_HAL_Driver/Src/stm32f0xx_hal_crc_ex.c ****  
  90:Drivers/STM32F0xx_HAL_Driver/Src/stm32f0xx_hal_crc_ex.c **** @endverbatim
ARM GAS  E:\cygwin64\tmp\cct5uykC.s 			page 3


  91:Drivers/STM32F0xx_HAL_Driver/Src/stm32f0xx_hal_crc_ex.c ****   * @{
  92:Drivers/STM32F0xx_HAL_Driver/Src/stm32f0xx_hal_crc_ex.c ****   */
  93:Drivers/STM32F0xx_HAL_Driver/Src/stm32f0xx_hal_crc_ex.c **** 
  94:Drivers/STM32F0xx_HAL_Driver/Src/stm32f0xx_hal_crc_ex.c **** 
  95:Drivers/STM32F0xx_HAL_Driver/Src/stm32f0xx_hal_crc_ex.c **** /**
  96:Drivers/STM32F0xx_HAL_Driver/Src/stm32f0xx_hal_crc_ex.c ****   * @brief  Extended initialization to set generating polynomial
  97:Drivers/STM32F0xx_HAL_Driver/Src/stm32f0xx_hal_crc_ex.c ****   * @param  hcrc CRC handle             
  98:Drivers/STM32F0xx_HAL_Driver/Src/stm32f0xx_hal_crc_ex.c ****   * @retval HAL status
  99:Drivers/STM32F0xx_HAL_Driver/Src/stm32f0xx_hal_crc_ex.c ****   */             
 100:Drivers/STM32F0xx_HAL_Driver/Src/stm32f0xx_hal_crc_ex.c **** HAL_StatusTypeDef HAL_CRCEx_Init(CRC_HandleTypeDef *hcrc)
 101:Drivers/STM32F0xx_HAL_Driver/Src/stm32f0xx_hal_crc_ex.c **** {
  26              		.loc 1 101 0
  27              		.cfi_startproc
  28              		@ args = 0, pretend = 0, frame = 0
  29              		@ frame_needed = 0, uses_anonymous_args = 0
  30              		@ link register save eliminated.
  31              	.LVL0:
 102:Drivers/STM32F0xx_HAL_Driver/Src/stm32f0xx_hal_crc_ex.c **** #if defined(STM32F071xB) || defined(STM32F072xB) || defined(STM32F078xx) || defined(STM32F091xC) ||
 103:Drivers/STM32F0xx_HAL_Driver/Src/stm32f0xx_hal_crc_ex.c ****   /* check whether or not non-default generating polynomial has been 
 104:Drivers/STM32F0xx_HAL_Driver/Src/stm32f0xx_hal_crc_ex.c ****    * picked up by user */
 105:Drivers/STM32F0xx_HAL_Driver/Src/stm32f0xx_hal_crc_ex.c ****   assert_param(IS_DEFAULT_POLYNOMIAL(hcrc->Init.DefaultPolynomialUse)); 
 106:Drivers/STM32F0xx_HAL_Driver/Src/stm32f0xx_hal_crc_ex.c ****   if (hcrc->Init.DefaultPolynomialUse == DEFAULT_POLYNOMIAL_ENABLE)
 107:Drivers/STM32F0xx_HAL_Driver/Src/stm32f0xx_hal_crc_ex.c ****   {
 108:Drivers/STM32F0xx_HAL_Driver/Src/stm32f0xx_hal_crc_ex.c ****     /* initialize IP with default generating polynomial */
 109:Drivers/STM32F0xx_HAL_Driver/Src/stm32f0xx_hal_crc_ex.c ****     WRITE_REG(hcrc->Instance->POL, DEFAULT_CRC32_POLY);  
 110:Drivers/STM32F0xx_HAL_Driver/Src/stm32f0xx_hal_crc_ex.c ****     MODIFY_REG(hcrc->Instance->CR, CRC_CR_POLYSIZE, CRC_POLYLENGTH_32B);
 111:Drivers/STM32F0xx_HAL_Driver/Src/stm32f0xx_hal_crc_ex.c ****   }
 112:Drivers/STM32F0xx_HAL_Driver/Src/stm32f0xx_hal_crc_ex.c ****   else
 113:Drivers/STM32F0xx_HAL_Driver/Src/stm32f0xx_hal_crc_ex.c ****   {
 114:Drivers/STM32F0xx_HAL_Driver/Src/stm32f0xx_hal_crc_ex.c ****     /* initialize CRC IP with generating polynomial defined by user */
 115:Drivers/STM32F0xx_HAL_Driver/Src/stm32f0xx_hal_crc_ex.c ****     if (HAL_CRCEx_Polynomial_Set(hcrc, hcrc->Init.GeneratingPolynomial, hcrc->Init.CRCLength) != HA
 116:Drivers/STM32F0xx_HAL_Driver/Src/stm32f0xx_hal_crc_ex.c ****     {
 117:Drivers/STM32F0xx_HAL_Driver/Src/stm32f0xx_hal_crc_ex.c ****       return HAL_ERROR;
 118:Drivers/STM32F0xx_HAL_Driver/Src/stm32f0xx_hal_crc_ex.c ****     }
 119:Drivers/STM32F0xx_HAL_Driver/Src/stm32f0xx_hal_crc_ex.c ****   }
 120:Drivers/STM32F0xx_HAL_Driver/Src/stm32f0xx_hal_crc_ex.c **** #endif /* defined(STM32F071xB) || defined(STM32F072xB) || defined(STM32F078xx) || defined(STM32F091
 121:Drivers/STM32F0xx_HAL_Driver/Src/stm32f0xx_hal_crc_ex.c **** 
 122:Drivers/STM32F0xx_HAL_Driver/Src/stm32f0xx_hal_crc_ex.c ****    return HAL_OK;
 123:Drivers/STM32F0xx_HAL_Driver/Src/stm32f0xx_hal_crc_ex.c **** }
  32              		.loc 1 123 0
  33 0000 0020     		movs	r0, #0
  34              	.LVL1:
  35              		@ sp needed
  36 0002 7047     		bx	lr
  37              		.cfi_endproc
  38              	.LFE37:
  40              		.section	.text.HAL_CRCEx_Input_Data_Reverse,"ax",%progbits
  41              		.align	1
  42              		.global	HAL_CRCEx_Input_Data_Reverse
  43              		.syntax unified
  44              		.code	16
  45              		.thumb_func
  46              		.fpu softvfp
  48              	HAL_CRCEx_Input_Data_Reverse:
  49              	.LFB38:
 124:Drivers/STM32F0xx_HAL_Driver/Src/stm32f0xx_hal_crc_ex.c **** 
 125:Drivers/STM32F0xx_HAL_Driver/Src/stm32f0xx_hal_crc_ex.c **** /**
ARM GAS  E:\cygwin64\tmp\cct5uykC.s 			page 4


 126:Drivers/STM32F0xx_HAL_Driver/Src/stm32f0xx_hal_crc_ex.c ****   * @brief  Set the Reverse Input data mode.
 127:Drivers/STM32F0xx_HAL_Driver/Src/stm32f0xx_hal_crc_ex.c ****   * @param  hcrc CRC handle
 128:Drivers/STM32F0xx_HAL_Driver/Src/stm32f0xx_hal_crc_ex.c ****   * @param  InputReverseMode Input Data inversion mode
 129:Drivers/STM32F0xx_HAL_Driver/Src/stm32f0xx_hal_crc_ex.c ****   *         This parameter can be one of the following values:
 130:Drivers/STM32F0xx_HAL_Driver/Src/stm32f0xx_hal_crc_ex.c ****   *          @arg CRC_INPUTDATA_NOINVERSION: no change in bit order (default value)
 131:Drivers/STM32F0xx_HAL_Driver/Src/stm32f0xx_hal_crc_ex.c ****   *          @arg CRC_INPUTDATA_INVERSION_BYTE: Byte-wise bit reversal
 132:Drivers/STM32F0xx_HAL_Driver/Src/stm32f0xx_hal_crc_ex.c ****   *          @arg CRC_INPUTDATA_INVERSION_HALFWORD: HalfWord-wise bit reversal
 133:Drivers/STM32F0xx_HAL_Driver/Src/stm32f0xx_hal_crc_ex.c ****   *          @arg CRC_INPUTDATA_INVERSION_WORD: Word-wise bit reversal              
 134:Drivers/STM32F0xx_HAL_Driver/Src/stm32f0xx_hal_crc_ex.c ****   * @retval HAL status
 135:Drivers/STM32F0xx_HAL_Driver/Src/stm32f0xx_hal_crc_ex.c ****   */                                   
 136:Drivers/STM32F0xx_HAL_Driver/Src/stm32f0xx_hal_crc_ex.c **** HAL_StatusTypeDef HAL_CRCEx_Input_Data_Reverse(CRC_HandleTypeDef *hcrc, uint32_t InputReverseMode)
 137:Drivers/STM32F0xx_HAL_Driver/Src/stm32f0xx_hal_crc_ex.c **** {  
  50              		.loc 1 137 0
  51              		.cfi_startproc
  52              		@ args = 0, pretend = 0, frame = 0
  53              		@ frame_needed = 0, uses_anonymous_args = 0
  54              	.LVL2:
  55 0000 10B5     		push	{r4, lr}
  56              	.LCFI0:
  57              		.cfi_def_cfa_offset 8
  58              		.cfi_offset 4, -8
  59              		.cfi_offset 14, -4
 138:Drivers/STM32F0xx_HAL_Driver/Src/stm32f0xx_hal_crc_ex.c ****   /* Check the parameters */
 139:Drivers/STM32F0xx_HAL_Driver/Src/stm32f0xx_hal_crc_ex.c ****   assert_param(IS_CRC_INPUTDATA_INVERSION_MODE(InputReverseMode));
 140:Drivers/STM32F0xx_HAL_Driver/Src/stm32f0xx_hal_crc_ex.c ****   
 141:Drivers/STM32F0xx_HAL_Driver/Src/stm32f0xx_hal_crc_ex.c ****   /* Change CRC peripheral state */
 142:Drivers/STM32F0xx_HAL_Driver/Src/stm32f0xx_hal_crc_ex.c ****   hcrc->State = HAL_CRC_STATE_BUSY;
  60              		.loc 1 142 0
  61 0002 0223     		movs	r3, #2
  62 0004 4377     		strb	r3, [r0, #29]
 143:Drivers/STM32F0xx_HAL_Driver/Src/stm32f0xx_hal_crc_ex.c **** 
 144:Drivers/STM32F0xx_HAL_Driver/Src/stm32f0xx_hal_crc_ex.c ****   /* set input data inversion mode */
 145:Drivers/STM32F0xx_HAL_Driver/Src/stm32f0xx_hal_crc_ex.c ****   MODIFY_REG(hcrc->Instance->CR, CRC_CR_REV_IN, InputReverseMode);    
  63              		.loc 1 145 0
  64 0006 0268     		ldr	r2, [r0]
  65 0008 9368     		ldr	r3, [r2, #8]
  66 000a 6024     		movs	r4, #96
  67 000c A343     		bics	r3, r4
  68 000e 1943     		orrs	r1, r3
  69              	.LVL3:
  70 0010 9160     		str	r1, [r2, #8]
 146:Drivers/STM32F0xx_HAL_Driver/Src/stm32f0xx_hal_crc_ex.c ****   /* Change CRC peripheral state */
 147:Drivers/STM32F0xx_HAL_Driver/Src/stm32f0xx_hal_crc_ex.c ****   hcrc->State = HAL_CRC_STATE_READY;
  71              		.loc 1 147 0
  72 0012 0123     		movs	r3, #1
  73 0014 4377     		strb	r3, [r0, #29]
 148:Drivers/STM32F0xx_HAL_Driver/Src/stm32f0xx_hal_crc_ex.c ****   
 149:Drivers/STM32F0xx_HAL_Driver/Src/stm32f0xx_hal_crc_ex.c ****   /* Return function status */
 150:Drivers/STM32F0xx_HAL_Driver/Src/stm32f0xx_hal_crc_ex.c ****   return HAL_OK;
 151:Drivers/STM32F0xx_HAL_Driver/Src/stm32f0xx_hal_crc_ex.c **** }
  74              		.loc 1 151 0
  75 0016 0020     		movs	r0, #0
  76              	.LVL4:
  77              		@ sp needed
  78 0018 10BD     		pop	{r4, pc}
  79              		.cfi_endproc
  80              	.LFE38:
ARM GAS  E:\cygwin64\tmp\cct5uykC.s 			page 5


  82              		.section	.text.HAL_CRCEx_Output_Data_Reverse,"ax",%progbits
  83              		.align	1
  84              		.global	HAL_CRCEx_Output_Data_Reverse
  85              		.syntax unified
  86              		.code	16
  87              		.thumb_func
  88              		.fpu softvfp
  90              	HAL_CRCEx_Output_Data_Reverse:
  91              	.LFB39:
 152:Drivers/STM32F0xx_HAL_Driver/Src/stm32f0xx_hal_crc_ex.c **** 
 153:Drivers/STM32F0xx_HAL_Driver/Src/stm32f0xx_hal_crc_ex.c **** /**
 154:Drivers/STM32F0xx_HAL_Driver/Src/stm32f0xx_hal_crc_ex.c ****   * @brief  Set the Reverse Output data mode.
 155:Drivers/STM32F0xx_HAL_Driver/Src/stm32f0xx_hal_crc_ex.c ****   * @param  hcrc CRC handle
 156:Drivers/STM32F0xx_HAL_Driver/Src/stm32f0xx_hal_crc_ex.c ****   * @param  OutputReverseMode Output Data inversion mode
 157:Drivers/STM32F0xx_HAL_Driver/Src/stm32f0xx_hal_crc_ex.c ****   *         This parameter can be one of the following values:
 158:Drivers/STM32F0xx_HAL_Driver/Src/stm32f0xx_hal_crc_ex.c ****   *          @arg CRC_OUTPUTDATA_INVERSION_DISABLE: no CRC inversion (default value)
 159:Drivers/STM32F0xx_HAL_Driver/Src/stm32f0xx_hal_crc_ex.c ****   *          @arg CRC_OUTPUTDATA_INVERSION_ENABLE: bit-level inversion (e.g for a 8-bit CRC: 0xB5 b
 160:Drivers/STM32F0xx_HAL_Driver/Src/stm32f0xx_hal_crc_ex.c ****   * @retval HAL status
 161:Drivers/STM32F0xx_HAL_Driver/Src/stm32f0xx_hal_crc_ex.c ****   */                                   
 162:Drivers/STM32F0xx_HAL_Driver/Src/stm32f0xx_hal_crc_ex.c **** HAL_StatusTypeDef HAL_CRCEx_Output_Data_Reverse(CRC_HandleTypeDef *hcrc, uint32_t OutputReverseMode
 163:Drivers/STM32F0xx_HAL_Driver/Src/stm32f0xx_hal_crc_ex.c **** {
  92              		.loc 1 163 0
  93              		.cfi_startproc
  94              		@ args = 0, pretend = 0, frame = 0
  95              		@ frame_needed = 0, uses_anonymous_args = 0
  96              	.LVL5:
  97 0000 10B5     		push	{r4, lr}
  98              	.LCFI1:
  99              		.cfi_def_cfa_offset 8
 100              		.cfi_offset 4, -8
 101              		.cfi_offset 14, -4
 164:Drivers/STM32F0xx_HAL_Driver/Src/stm32f0xx_hal_crc_ex.c ****   /* Check the parameters */
 165:Drivers/STM32F0xx_HAL_Driver/Src/stm32f0xx_hal_crc_ex.c ****   assert_param(IS_CRC_OUTPUTDATA_INVERSION_MODE(OutputReverseMode));
 166:Drivers/STM32F0xx_HAL_Driver/Src/stm32f0xx_hal_crc_ex.c ****   
 167:Drivers/STM32F0xx_HAL_Driver/Src/stm32f0xx_hal_crc_ex.c ****   /* Change CRC peripheral state */
 168:Drivers/STM32F0xx_HAL_Driver/Src/stm32f0xx_hal_crc_ex.c ****   hcrc->State = HAL_CRC_STATE_BUSY;
 102              		.loc 1 168 0
 103 0002 0223     		movs	r3, #2
 104 0004 4377     		strb	r3, [r0, #29]
 169:Drivers/STM32F0xx_HAL_Driver/Src/stm32f0xx_hal_crc_ex.c **** 
 170:Drivers/STM32F0xx_HAL_Driver/Src/stm32f0xx_hal_crc_ex.c ****   /* set output data inversion mode */
 171:Drivers/STM32F0xx_HAL_Driver/Src/stm32f0xx_hal_crc_ex.c ****   MODIFY_REG(hcrc->Instance->CR, CRC_CR_REV_OUT, OutputReverseMode); 
 105              		.loc 1 171 0
 106 0006 0268     		ldr	r2, [r0]
 107 0008 9368     		ldr	r3, [r2, #8]
 108 000a 8024     		movs	r4, #128
 109 000c A343     		bics	r3, r4
 110 000e 1943     		orrs	r1, r3
 111              	.LVL6:
 112 0010 9160     		str	r1, [r2, #8]
 172:Drivers/STM32F0xx_HAL_Driver/Src/stm32f0xx_hal_crc_ex.c ****       
 173:Drivers/STM32F0xx_HAL_Driver/Src/stm32f0xx_hal_crc_ex.c ****   /* Change CRC peripheral state */
 174:Drivers/STM32F0xx_HAL_Driver/Src/stm32f0xx_hal_crc_ex.c ****   hcrc->State = HAL_CRC_STATE_READY;
 113              		.loc 1 174 0
 114 0012 0123     		movs	r3, #1
 115 0014 4377     		strb	r3, [r0, #29]
 175:Drivers/STM32F0xx_HAL_Driver/Src/stm32f0xx_hal_crc_ex.c ****   
ARM GAS  E:\cygwin64\tmp\cct5uykC.s 			page 6


 176:Drivers/STM32F0xx_HAL_Driver/Src/stm32f0xx_hal_crc_ex.c ****   /* Return function status */
 177:Drivers/STM32F0xx_HAL_Driver/Src/stm32f0xx_hal_crc_ex.c ****   return HAL_OK;
 178:Drivers/STM32F0xx_HAL_Driver/Src/stm32f0xx_hal_crc_ex.c **** }
 116              		.loc 1 178 0
 117 0016 0020     		movs	r0, #0
 118              	.LVL7:
 119              		@ sp needed
 120 0018 10BD     		pop	{r4, pc}
 121              		.cfi_endproc
 122              	.LFE39:
 124              		.text
 125              	.Letext0:
 126              		.file 2 "d:\\program files (x86)\\gnu tools arm embedded\\7 2018-q2-update\\arm-none-eabi\\include
 127              		.file 3 "d:\\program files (x86)\\gnu tools arm embedded\\7 2018-q2-update\\arm-none-eabi\\include
 128              		.file 4 "Drivers/CMSIS/Device/ST/STM32F0xx/Include/system_stm32f0xx.h"
 129              		.file 5 "Drivers/CMSIS/Device/ST/STM32F0xx/Include/stm32f042x6.h"
 130              		.file 6 "d:\\program files (x86)\\gnu tools arm embedded\\7 2018-q2-update\\arm-none-eabi\\include
 131              		.file 7 "d:\\program files (x86)\\gnu tools arm embedded\\7 2018-q2-update\\arm-none-eabi\\include
 132              		.file 8 "d:\\program files (x86)\\gnu tools arm embedded\\7 2018-q2-update\\lib\\gcc\\arm-none-eab
 133              		.file 9 "d:\\program files (x86)\\gnu tools arm embedded\\7 2018-q2-update\\arm-none-eabi\\include
 134              		.file 10 "Drivers/STM32F0xx_HAL_Driver/Inc/stm32f0xx_hal_def.h"
 135              		.file 11 "Drivers/STM32F0xx_HAL_Driver/Inc/stm32f0xx_hal_crc.h"
ARM GAS  E:\cygwin64\tmp\cct5uykC.s 			page 7


DEFINED SYMBOLS
                            *ABS*:00000000 stm32f0xx_hal_crc_ex.c
E:\cygwin64\tmp\cct5uykC.s:16     .text.HAL_CRCEx_Init:00000000 $t
E:\cygwin64\tmp\cct5uykC.s:23     .text.HAL_CRCEx_Init:00000000 HAL_CRCEx_Init
E:\cygwin64\tmp\cct5uykC.s:41     .text.HAL_CRCEx_Input_Data_Reverse:00000000 $t
E:\cygwin64\tmp\cct5uykC.s:48     .text.HAL_CRCEx_Input_Data_Reverse:00000000 HAL_CRCEx_Input_Data_Reverse
E:\cygwin64\tmp\cct5uykC.s:83     .text.HAL_CRCEx_Output_Data_Reverse:00000000 $t
E:\cygwin64\tmp\cct5uykC.s:90     .text.HAL_CRCEx_Output_Data_Reverse:00000000 HAL_CRCEx_Output_Data_Reverse

NO UNDEFINED SYMBOLS
