ARM GAS  E:\cygwin64\tmp\ccWQWFuf.s 			page 1


   1              		.cpu cortex-m0
   2              		.eabi_attribute 20, 1
   3              		.eabi_attribute 21, 1
   4              		.eabi_attribute 23, 3
   5              		.eabi_attribute 24, 1
   6              		.eabi_attribute 25, 1
   7              		.eabi_attribute 26, 1
   8              		.eabi_attribute 30, 1
   9              		.eabi_attribute 34, 0
  10              		.eabi_attribute 18, 4
  11              		.file	"tim.c"
  12              		.text
  13              	.Ltext0:
  14              		.cfi_sections	.debug_frame
  15              		.section	.text.MX_TIM2_Init,"ax",%progbits
  16              		.align	1
  17              		.global	MX_TIM2_Init
  18              		.syntax unified
  19              		.code	16
  20              		.thumb_func
  21              		.fpu softvfp
  23              	MX_TIM2_Init:
  24              	.LFB38:
  25              		.file 1 "Core/Src/tim.c"
   1:Core/Src/tim.c **** /**
   2:Core/Src/tim.c ****   ******************************************************************************
   3:Core/Src/tim.c ****   * File Name          : TIM.c
   4:Core/Src/tim.c ****   * Description        : This file provides code for the configuration
   5:Core/Src/tim.c ****   *                      of the TIM instances.
   6:Core/Src/tim.c ****   ******************************************************************************
   7:Core/Src/tim.c ****   * @attention
   8:Core/Src/tim.c ****   *
   9:Core/Src/tim.c ****   * <h2><center>&copy; Copyright (c) 2020 STMicroelectronics.
  10:Core/Src/tim.c ****   * All rights reserved.</center></h2>
  11:Core/Src/tim.c ****   *
  12:Core/Src/tim.c ****   * This software component is licensed by ST under BSD 3-Clause license,
  13:Core/Src/tim.c ****   * the "License"; You may not use this file except in compliance with the
  14:Core/Src/tim.c ****   * License. You may obtain a copy of the License at:
  15:Core/Src/tim.c ****   *                        opensource.org/licenses/BSD-3-Clause
  16:Core/Src/tim.c ****   *
  17:Core/Src/tim.c ****   ******************************************************************************
  18:Core/Src/tim.c ****   */
  19:Core/Src/tim.c **** 
  20:Core/Src/tim.c **** /* Includes ------------------------------------------------------------------*/
  21:Core/Src/tim.c **** #include "tim.h"
  22:Core/Src/tim.c **** 
  23:Core/Src/tim.c **** /* USER CODE BEGIN 0 */
  24:Core/Src/tim.c **** 
  25:Core/Src/tim.c **** /* USER CODE END 0 */
  26:Core/Src/tim.c **** 
  27:Core/Src/tim.c **** TIM_HandleTypeDef htim1;
  28:Core/Src/tim.c **** TIM_HandleTypeDef htim2;
  29:Core/Src/tim.c **** 
  30:Core/Src/tim.c **** /* TIM1 init function */
  31:Core/Src/tim.c **** void MX_TIM1_Init(void)
  32:Core/Src/tim.c **** {
  33:Core/Src/tim.c ****   TIM_ClockConfigTypeDef sClockSourceConfig = {0};
ARM GAS  E:\cygwin64\tmp\ccWQWFuf.s 			page 2


  34:Core/Src/tim.c ****   TIM_SlaveConfigTypeDef sSlaveConfig = {0};
  35:Core/Src/tim.c ****   TIM_MasterConfigTypeDef sMasterConfig = {0};
  36:Core/Src/tim.c ****   TIM_OC_InitTypeDef sConfigOC = {0};
  37:Core/Src/tim.c ****   TIM_BreakDeadTimeConfigTypeDef sBreakDeadTimeConfig = {0};
  38:Core/Src/tim.c **** 
  39:Core/Src/tim.c ****   htim1.Instance = TIM1;
  40:Core/Src/tim.c ****   htim1.Init.Prescaler = 0;
  41:Core/Src/tim.c ****   htim1.Init.CounterMode = TIM_COUNTERMODE_UP;
  42:Core/Src/tim.c ****   htim1.Init.Period = 0;
  43:Core/Src/tim.c ****   htim1.Init.ClockDivision = TIM_CLOCKDIVISION_DIV1;
  44:Core/Src/tim.c ****   htim1.Init.RepetitionCounter = 0;
  45:Core/Src/tim.c ****   htim1.Init.AutoReloadPreload = TIM_AUTORELOAD_PRELOAD_ENABLE;
  46:Core/Src/tim.c ****   if (HAL_TIM_Base_Init(&htim1) != HAL_OK)
  47:Core/Src/tim.c ****   {
  48:Core/Src/tim.c ****     Error_Handler();
  49:Core/Src/tim.c ****   }
  50:Core/Src/tim.c ****   sClockSourceConfig.ClockSource = TIM_CLOCKSOURCE_INTERNAL;
  51:Core/Src/tim.c ****   if (HAL_TIM_ConfigClockSource(&htim1, &sClockSourceConfig) != HAL_OK)
  52:Core/Src/tim.c ****   {
  53:Core/Src/tim.c ****     Error_Handler();
  54:Core/Src/tim.c ****   }
  55:Core/Src/tim.c ****   if (HAL_TIM_PWM_Init(&htim1) != HAL_OK)
  56:Core/Src/tim.c ****   {
  57:Core/Src/tim.c ****     Error_Handler();
  58:Core/Src/tim.c ****   }
  59:Core/Src/tim.c ****   sSlaveConfig.SlaveMode = TIM_SLAVEMODE_RESET;
  60:Core/Src/tim.c ****   sSlaveConfig.InputTrigger = TIM_TS_ITR0;
  61:Core/Src/tim.c ****   if (HAL_TIM_SlaveConfigSynchronization(&htim1, &sSlaveConfig) != HAL_OK)
  62:Core/Src/tim.c ****   {
  63:Core/Src/tim.c ****     Error_Handler();
  64:Core/Src/tim.c ****   }
  65:Core/Src/tim.c ****   sMasterConfig.MasterOutputTrigger = TIM_TRGO_RESET;
  66:Core/Src/tim.c ****   sMasterConfig.MasterSlaveMode = TIM_MASTERSLAVEMODE_DISABLE;
  67:Core/Src/tim.c ****   if (HAL_TIMEx_MasterConfigSynchronization(&htim1, &sMasterConfig) != HAL_OK)
  68:Core/Src/tim.c ****   {
  69:Core/Src/tim.c ****     Error_Handler();
  70:Core/Src/tim.c ****   }
  71:Core/Src/tim.c ****   sConfigOC.OCMode = TIM_OCMODE_PWM1;
  72:Core/Src/tim.c ****   sConfigOC.Pulse = 0;
  73:Core/Src/tim.c ****   sConfigOC.OCPolarity = TIM_OCPOLARITY_HIGH;
  74:Core/Src/tim.c ****   sConfigOC.OCNPolarity = TIM_OCNPOLARITY_HIGH;
  75:Core/Src/tim.c ****   sConfigOC.OCFastMode = TIM_OCFAST_DISABLE;
  76:Core/Src/tim.c ****   sConfigOC.OCIdleState = TIM_OCIDLESTATE_RESET;
  77:Core/Src/tim.c ****   sConfigOC.OCNIdleState = TIM_OCNIDLESTATE_RESET;
  78:Core/Src/tim.c ****   if (HAL_TIM_PWM_ConfigChannel(&htim1, &sConfigOC, TIM_CHANNEL_1) != HAL_OK)
  79:Core/Src/tim.c ****   {
  80:Core/Src/tim.c ****     Error_Handler();
  81:Core/Src/tim.c ****   }
  82:Core/Src/tim.c ****   if (HAL_TIM_PWM_ConfigChannel(&htim1, &sConfigOC, TIM_CHANNEL_2) != HAL_OK)
  83:Core/Src/tim.c ****   {
  84:Core/Src/tim.c ****     Error_Handler();
  85:Core/Src/tim.c ****   }
  86:Core/Src/tim.c ****   if (HAL_TIM_PWM_ConfigChannel(&htim1, &sConfigOC, TIM_CHANNEL_3) != HAL_OK)
  87:Core/Src/tim.c ****   {
  88:Core/Src/tim.c ****     Error_Handler();
  89:Core/Src/tim.c ****   }
  90:Core/Src/tim.c ****   sBreakDeadTimeConfig.OffStateRunMode = TIM_OSSR_DISABLE;
ARM GAS  E:\cygwin64\tmp\ccWQWFuf.s 			page 3


  91:Core/Src/tim.c ****   sBreakDeadTimeConfig.OffStateIDLEMode = TIM_OSSI_DISABLE;
  92:Core/Src/tim.c ****   sBreakDeadTimeConfig.LockLevel = TIM_LOCKLEVEL_OFF;
  93:Core/Src/tim.c ****   sBreakDeadTimeConfig.DeadTime = 0;
  94:Core/Src/tim.c ****   sBreakDeadTimeConfig.BreakState = TIM_BREAK_DISABLE;
  95:Core/Src/tim.c ****   sBreakDeadTimeConfig.BreakPolarity = TIM_BREAKPOLARITY_HIGH;
  96:Core/Src/tim.c ****   sBreakDeadTimeConfig.AutomaticOutput = TIM_AUTOMATICOUTPUT_DISABLE;
  97:Core/Src/tim.c ****   if (HAL_TIMEx_ConfigBreakDeadTime(&htim1, &sBreakDeadTimeConfig) != HAL_OK)
  98:Core/Src/tim.c ****   {
  99:Core/Src/tim.c ****     Error_Handler();
 100:Core/Src/tim.c ****   }
 101:Core/Src/tim.c ****   HAL_TIM_MspPostInit(&htim1);
 102:Core/Src/tim.c **** 
 103:Core/Src/tim.c **** }
 104:Core/Src/tim.c **** /* TIM2 init function */
 105:Core/Src/tim.c **** void MX_TIM2_Init(void)
 106:Core/Src/tim.c **** {
  26              		.loc 1 106 0
  27              		.cfi_startproc
  28              		@ args = 0, pretend = 0, frame = 48
  29              		@ frame_needed = 0, uses_anonymous_args = 0
  30 0000 00B5     		push	{lr}
  31              	.LCFI0:
  32              		.cfi_def_cfa_offset 4
  33              		.cfi_offset 14, -4
  34 0002 8DB0     		sub	sp, sp, #52
  35              	.LCFI1:
  36              		.cfi_def_cfa_offset 56
 107:Core/Src/tim.c ****   TIM_ClockConfigTypeDef sClockSourceConfig = {0};
  37              		.loc 1 107 0
  38 0004 1022     		movs	r2, #16
  39 0006 0021     		movs	r1, #0
  40 0008 08A8     		add	r0, sp, #32
  41 000a FFF7FEFF 		bl	memset
  42              	.LVL0:
 108:Core/Src/tim.c ****   TIM_SlaveConfigTypeDef sSlaveConfig = {0};
  43              		.loc 1 108 0
  44 000e 1422     		movs	r2, #20
  45 0010 0021     		movs	r1, #0
  46 0012 03A8     		add	r0, sp, #12
  47 0014 FFF7FEFF 		bl	memset
  48              	.LVL1:
 109:Core/Src/tim.c ****   TIM_MasterConfigTypeDef sMasterConfig = {0};
  49              		.loc 1 109 0
  50 0018 0822     		movs	r2, #8
  51 001a 0021     		movs	r1, #0
  52 001c 01A8     		add	r0, sp, #4
  53 001e FFF7FEFF 		bl	memset
  54              	.LVL2:
 110:Core/Src/tim.c **** 
 111:Core/Src/tim.c ****   htim2.Instance = TIM2;
  55              		.loc 1 111 0
  56 0022 1C48     		ldr	r0, .L10
  57 0024 8023     		movs	r3, #128
  58 0026 DB05     		lsls	r3, r3, #23
  59 0028 0360     		str	r3, [r0]
 112:Core/Src/tim.c ****   htim2.Init.Prescaler = 0;
  60              		.loc 1 112 0
ARM GAS  E:\cygwin64\tmp\ccWQWFuf.s 			page 4


  61 002a 0023     		movs	r3, #0
  62 002c 4360     		str	r3, [r0, #4]
 113:Core/Src/tim.c ****   htim2.Init.CounterMode = TIM_COUNTERMODE_UP;
  63              		.loc 1 113 0
  64 002e 8360     		str	r3, [r0, #8]
 114:Core/Src/tim.c ****   htim2.Init.Period = 0;
  65              		.loc 1 114 0
  66 0030 C360     		str	r3, [r0, #12]
 115:Core/Src/tim.c ****   htim2.Init.ClockDivision = TIM_CLOCKDIVISION_DIV1;
  67              		.loc 1 115 0
  68 0032 0361     		str	r3, [r0, #16]
 116:Core/Src/tim.c ****   htim2.Init.AutoReloadPreload = TIM_AUTORELOAD_PRELOAD_ENABLE;
  69              		.loc 1 116 0
  70 0034 8033     		adds	r3, r3, #128
  71 0036 8361     		str	r3, [r0, #24]
 117:Core/Src/tim.c ****   if (HAL_TIM_Base_Init(&htim2) != HAL_OK)
  72              		.loc 1 117 0
  73 0038 FFF7FEFF 		bl	HAL_TIM_Base_Init
  74              	.LVL3:
  75 003c 0028     		cmp	r0, #0
  76 003e 1DD1     		bne	.L6
  77              	.L2:
 118:Core/Src/tim.c ****   {
 119:Core/Src/tim.c ****     Error_Handler();
 120:Core/Src/tim.c ****   }
 121:Core/Src/tim.c ****   sClockSourceConfig.ClockSource = TIM_CLOCKSOURCE_INTERNAL;
  78              		.loc 1 121 0
  79 0040 8023     		movs	r3, #128
  80 0042 5B01     		lsls	r3, r3, #5
  81 0044 0893     		str	r3, [sp, #32]
 122:Core/Src/tim.c ****   if (HAL_TIM_ConfigClockSource(&htim2, &sClockSourceConfig) != HAL_OK)
  82              		.loc 1 122 0
  83 0046 08A9     		add	r1, sp, #32
  84 0048 1248     		ldr	r0, .L10
  85 004a FFF7FEFF 		bl	HAL_TIM_ConfigClockSource
  86              	.LVL4:
  87 004e 0028     		cmp	r0, #0
  88 0050 17D1     		bne	.L7
  89              	.L3:
 123:Core/Src/tim.c ****   {
 124:Core/Src/tim.c ****     Error_Handler();
 125:Core/Src/tim.c ****   }
 126:Core/Src/tim.c ****   sSlaveConfig.SlaveMode = TIM_SLAVEMODE_RESET;
  90              		.loc 1 126 0
  91 0052 0423     		movs	r3, #4
  92 0054 0393     		str	r3, [sp, #12]
 127:Core/Src/tim.c ****   sSlaveConfig.InputTrigger = TIM_TS_ITR1;
  93              		.loc 1 127 0
  94 0056 0C33     		adds	r3, r3, #12
  95 0058 0493     		str	r3, [sp, #16]
 128:Core/Src/tim.c ****   if (HAL_TIM_SlaveConfigSynchronization(&htim2, &sSlaveConfig) != HAL_OK)
  96              		.loc 1 128 0
  97 005a 03A9     		add	r1, sp, #12
  98 005c 0D48     		ldr	r0, .L10
  99 005e FFF7FEFF 		bl	HAL_TIM_SlaveConfigSynchronization
 100              	.LVL5:
 101 0062 0028     		cmp	r0, #0
ARM GAS  E:\cygwin64\tmp\ccWQWFuf.s 			page 5


 102 0064 10D1     		bne	.L8
 103              	.L4:
 129:Core/Src/tim.c ****   {
 130:Core/Src/tim.c ****     Error_Handler();
 131:Core/Src/tim.c ****   }
 132:Core/Src/tim.c ****   sMasterConfig.MasterOutputTrigger = TIM_TRGO_RESET;
 104              		.loc 1 132 0
 105 0066 0023     		movs	r3, #0
 106 0068 0193     		str	r3, [sp, #4]
 133:Core/Src/tim.c ****   sMasterConfig.MasterSlaveMode = TIM_MASTERSLAVEMODE_DISABLE;
 107              		.loc 1 133 0
 108 006a 0293     		str	r3, [sp, #8]
 134:Core/Src/tim.c ****   if (HAL_TIMEx_MasterConfigSynchronization(&htim2, &sMasterConfig) != HAL_OK)
 109              		.loc 1 134 0
 110 006c 01A9     		add	r1, sp, #4
 111 006e 0948     		ldr	r0, .L10
 112 0070 FFF7FEFF 		bl	HAL_TIMEx_MasterConfigSynchronization
 113              	.LVL6:
 114 0074 0028     		cmp	r0, #0
 115 0076 0AD1     		bne	.L9
 116              	.L1:
 135:Core/Src/tim.c ****   {
 136:Core/Src/tim.c ****     Error_Handler();
 137:Core/Src/tim.c ****   }
 138:Core/Src/tim.c **** 
 139:Core/Src/tim.c **** }
 117              		.loc 1 139 0
 118 0078 0DB0     		add	sp, sp, #52
 119              		@ sp needed
 120 007a 00BD     		pop	{pc}
 121              	.L6:
 119:Core/Src/tim.c ****   }
 122              		.loc 1 119 0
 123 007c FFF7FEFF 		bl	Error_Handler
 124              	.LVL7:
 125 0080 DEE7     		b	.L2
 126              	.L7:
 124:Core/Src/tim.c ****   }
 127              		.loc 1 124 0
 128 0082 FFF7FEFF 		bl	Error_Handler
 129              	.LVL8:
 130 0086 E4E7     		b	.L3
 131              	.L8:
 130:Core/Src/tim.c ****   }
 132              		.loc 1 130 0
 133 0088 FFF7FEFF 		bl	Error_Handler
 134              	.LVL9:
 135 008c EBE7     		b	.L4
 136              	.L9:
 136:Core/Src/tim.c ****   }
 137              		.loc 1 136 0
 138 008e FFF7FEFF 		bl	Error_Handler
 139              	.LVL10:
 140              		.loc 1 139 0
 141 0092 F1E7     		b	.L1
 142              	.L11:
 143              		.align	2
ARM GAS  E:\cygwin64\tmp\ccWQWFuf.s 			page 6


 144              	.L10:
 145 0094 00000000 		.word	htim2
 146              		.cfi_endproc
 147              	.LFE38:
 149              		.section	.text.HAL_TIM_Base_MspInit,"ax",%progbits
 150              		.align	1
 151              		.global	HAL_TIM_Base_MspInit
 152              		.syntax unified
 153              		.code	16
 154              		.thumb_func
 155              		.fpu softvfp
 157              	HAL_TIM_Base_MspInit:
 158              	.LFB39:
 140:Core/Src/tim.c **** 
 141:Core/Src/tim.c **** void HAL_TIM_Base_MspInit(TIM_HandleTypeDef* tim_baseHandle)
 142:Core/Src/tim.c **** {
 159              		.loc 1 142 0
 160              		.cfi_startproc
 161              		@ args = 0, pretend = 0, frame = 8
 162              		@ frame_needed = 0, uses_anonymous_args = 0
 163              		@ link register save eliminated.
 164              	.LVL11:
 165 0000 82B0     		sub	sp, sp, #8
 166              	.LCFI2:
 167              		.cfi_def_cfa_offset 8
 143:Core/Src/tim.c **** 
 144:Core/Src/tim.c ****   if(tim_baseHandle->Instance==TIM1)
 168              		.loc 1 144 0
 169 0002 0368     		ldr	r3, [r0]
 170 0004 0E4A     		ldr	r2, .L17
 171 0006 9342     		cmp	r3, r2
 172 0008 05D0     		beq	.L15
 145:Core/Src/tim.c ****   {
 146:Core/Src/tim.c ****   /* USER CODE BEGIN TIM1_MspInit 0 */
 147:Core/Src/tim.c **** 
 148:Core/Src/tim.c ****   /* USER CODE END TIM1_MspInit 0 */
 149:Core/Src/tim.c ****     /* TIM1 clock enable */
 150:Core/Src/tim.c ****     __HAL_RCC_TIM1_CLK_ENABLE();
 151:Core/Src/tim.c ****   /* USER CODE BEGIN TIM1_MspInit 1 */
 152:Core/Src/tim.c **** 
 153:Core/Src/tim.c ****   /* USER CODE END TIM1_MspInit 1 */
 154:Core/Src/tim.c ****   }
 155:Core/Src/tim.c ****   else if(tim_baseHandle->Instance==TIM2)
 173              		.loc 1 155 0
 174 000a 8022     		movs	r2, #128
 175 000c D205     		lsls	r2, r2, #23
 176 000e 9342     		cmp	r3, r2
 177 0010 0CD0     		beq	.L16
 178              	.LVL12:
 179              	.L12:
 156:Core/Src/tim.c ****   {
 157:Core/Src/tim.c ****   /* USER CODE BEGIN TIM2_MspInit 0 */
 158:Core/Src/tim.c **** 
 159:Core/Src/tim.c ****   /* USER CODE END TIM2_MspInit 0 */
 160:Core/Src/tim.c ****     /* TIM2 clock enable */
 161:Core/Src/tim.c ****     __HAL_RCC_TIM2_CLK_ENABLE();
 162:Core/Src/tim.c ****   /* USER CODE BEGIN TIM2_MspInit 1 */
ARM GAS  E:\cygwin64\tmp\ccWQWFuf.s 			page 7


 163:Core/Src/tim.c **** 
 164:Core/Src/tim.c ****   /* USER CODE END TIM2_MspInit 1 */
 165:Core/Src/tim.c ****   }
 166:Core/Src/tim.c **** }
 180              		.loc 1 166 0
 181 0012 02B0     		add	sp, sp, #8
 182              		@ sp needed
 183 0014 7047     		bx	lr
 184              	.LVL13:
 185              	.L15:
 186              	.LBB2:
 150:Core/Src/tim.c ****   /* USER CODE BEGIN TIM1_MspInit 1 */
 187              		.loc 1 150 0
 188 0016 0B4A     		ldr	r2, .L17+4
 189 0018 9169     		ldr	r1, [r2, #24]
 190 001a 8020     		movs	r0, #128
 191              	.LVL14:
 192 001c 0001     		lsls	r0, r0, #4
 193 001e 0143     		orrs	r1, r0
 194 0020 9161     		str	r1, [r2, #24]
 195 0022 9369     		ldr	r3, [r2, #24]
 196 0024 0340     		ands	r3, r0
 197 0026 0093     		str	r3, [sp]
 198 0028 009B     		ldr	r3, [sp]
 199              	.LBE2:
 200 002a F2E7     		b	.L12
 201              	.LVL15:
 202              	.L16:
 203              	.LBB3:
 161:Core/Src/tim.c ****   /* USER CODE BEGIN TIM2_MspInit 1 */
 204              		.loc 1 161 0
 205 002c 054A     		ldr	r2, .L17+4
 206 002e D169     		ldr	r1, [r2, #28]
 207 0030 0123     		movs	r3, #1
 208 0032 1943     		orrs	r1, r3
 209 0034 D161     		str	r1, [r2, #28]
 210 0036 D269     		ldr	r2, [r2, #28]
 211 0038 1340     		ands	r3, r2
 212 003a 0193     		str	r3, [sp, #4]
 213 003c 019B     		ldr	r3, [sp, #4]
 214              	.LBE3:
 215              		.loc 1 166 0
 216 003e E8E7     		b	.L12
 217              	.L18:
 218              		.align	2
 219              	.L17:
 220 0040 002C0140 		.word	1073818624
 221 0044 00100240 		.word	1073876992
 222              		.cfi_endproc
 223              	.LFE39:
 225              		.section	.text.HAL_TIM_MspPostInit,"ax",%progbits
 226              		.align	1
 227              		.global	HAL_TIM_MspPostInit
 228              		.syntax unified
 229              		.code	16
 230              		.thumb_func
 231              		.fpu softvfp
ARM GAS  E:\cygwin64\tmp\ccWQWFuf.s 			page 8


 233              	HAL_TIM_MspPostInit:
 234              	.LFB40:
 167:Core/Src/tim.c **** void HAL_TIM_MspPostInit(TIM_HandleTypeDef* timHandle)
 168:Core/Src/tim.c **** {
 235              		.loc 1 168 0
 236              		.cfi_startproc
 237              		@ args = 0, pretend = 0, frame = 24
 238              		@ frame_needed = 0, uses_anonymous_args = 0
 239              	.LVL16:
 240 0000 10B5     		push	{r4, lr}
 241              	.LCFI3:
 242              		.cfi_def_cfa_offset 8
 243              		.cfi_offset 4, -8
 244              		.cfi_offset 14, -4
 245 0002 86B0     		sub	sp, sp, #24
 246              	.LCFI4:
 247              		.cfi_def_cfa_offset 32
 248 0004 0400     		movs	r4, r0
 169:Core/Src/tim.c **** 
 170:Core/Src/tim.c ****   GPIO_InitTypeDef GPIO_InitStruct = {0};
 249              		.loc 1 170 0
 250 0006 1422     		movs	r2, #20
 251 0008 0021     		movs	r1, #0
 252 000a 01A8     		add	r0, sp, #4
 253              	.LVL17:
 254 000c FFF7FEFF 		bl	memset
 255              	.LVL18:
 171:Core/Src/tim.c ****   if(timHandle->Instance==TIM1)
 256              		.loc 1 171 0
 257 0010 2268     		ldr	r2, [r4]
 258 0012 0D4B     		ldr	r3, .L22
 259 0014 9A42     		cmp	r2, r3
 260 0016 01D0     		beq	.L21
 261              	.L19:
 172:Core/Src/tim.c ****   {
 173:Core/Src/tim.c ****   /* USER CODE BEGIN TIM1_MspPostInit 0 */
 174:Core/Src/tim.c **** 
 175:Core/Src/tim.c ****   /* USER CODE END TIM1_MspPostInit 0 */
 176:Core/Src/tim.c ****   
 177:Core/Src/tim.c ****     __HAL_RCC_GPIOA_CLK_ENABLE();
 178:Core/Src/tim.c ****     /**TIM1 GPIO Configuration    
 179:Core/Src/tim.c ****     PA8     ------> TIM1_CH1
 180:Core/Src/tim.c ****     PA9     ------> TIM1_CH2
 181:Core/Src/tim.c ****     PA10     ------> TIM1_CH3 
 182:Core/Src/tim.c ****     */
 183:Core/Src/tim.c ****     GPIO_InitStruct.Pin = GPIO_PIN_8|GPIO_PIN_9|GPIO_PIN_10;
 184:Core/Src/tim.c ****     GPIO_InitStruct.Mode = GPIO_MODE_AF_PP;
 185:Core/Src/tim.c ****     GPIO_InitStruct.Pull = GPIO_NOPULL;
 186:Core/Src/tim.c ****     GPIO_InitStruct.Speed = GPIO_SPEED_FREQ_LOW;
 187:Core/Src/tim.c ****     GPIO_InitStruct.Alternate = GPIO_AF2_TIM1;
 188:Core/Src/tim.c ****     HAL_GPIO_Init(GPIOA, &GPIO_InitStruct);
 189:Core/Src/tim.c **** 
 190:Core/Src/tim.c ****   /* USER CODE BEGIN TIM1_MspPostInit 1 */
 191:Core/Src/tim.c **** 
 192:Core/Src/tim.c ****   /* USER CODE END TIM1_MspPostInit 1 */
 193:Core/Src/tim.c ****   }
 194:Core/Src/tim.c **** 
ARM GAS  E:\cygwin64\tmp\ccWQWFuf.s 			page 9


 195:Core/Src/tim.c **** }
 262              		.loc 1 195 0
 263 0018 06B0     		add	sp, sp, #24
 264              		@ sp needed
 265              	.LVL19:
 266 001a 10BD     		pop	{r4, pc}
 267              	.LVL20:
 268              	.L21:
 269              	.LBB4:
 177:Core/Src/tim.c ****     /**TIM1 GPIO Configuration    
 270              		.loc 1 177 0
 271 001c 0B4A     		ldr	r2, .L22+4
 272 001e 5169     		ldr	r1, [r2, #20]
 273 0020 8020     		movs	r0, #128
 274 0022 8002     		lsls	r0, r0, #10
 275 0024 0143     		orrs	r1, r0
 276 0026 5161     		str	r1, [r2, #20]
 277 0028 5369     		ldr	r3, [r2, #20]
 278 002a 0340     		ands	r3, r0
 279 002c 0093     		str	r3, [sp]
 280 002e 009B     		ldr	r3, [sp]
 281              	.LBE4:
 183:Core/Src/tim.c ****     GPIO_InitStruct.Mode = GPIO_MODE_AF_PP;
 282              		.loc 1 183 0
 283 0030 E023     		movs	r3, #224
 284 0032 DB00     		lsls	r3, r3, #3
 285 0034 0193     		str	r3, [sp, #4]
 184:Core/Src/tim.c ****     GPIO_InitStruct.Pull = GPIO_NOPULL;
 286              		.loc 1 184 0
 287 0036 0223     		movs	r3, #2
 288 0038 0293     		str	r3, [sp, #8]
 187:Core/Src/tim.c ****     HAL_GPIO_Init(GPIOA, &GPIO_InitStruct);
 289              		.loc 1 187 0
 290 003a 0593     		str	r3, [sp, #20]
 188:Core/Src/tim.c **** 
 291              		.loc 1 188 0
 292 003c 9020     		movs	r0, #144
 293 003e 01A9     		add	r1, sp, #4
 294 0040 C005     		lsls	r0, r0, #23
 295 0042 FFF7FEFF 		bl	HAL_GPIO_Init
 296              	.LVL21:
 297              		.loc 1 195 0
 298 0046 E7E7     		b	.L19
 299              	.L23:
 300              		.align	2
 301              	.L22:
 302 0048 002C0140 		.word	1073818624
 303 004c 00100240 		.word	1073876992
 304              		.cfi_endproc
 305              	.LFE40:
 307              		.section	.text.MX_TIM1_Init,"ax",%progbits
 308              		.align	1
 309              		.global	MX_TIM1_Init
 310              		.syntax unified
 311              		.code	16
 312              		.thumb_func
 313              		.fpu softvfp
ARM GAS  E:\cygwin64\tmp\ccWQWFuf.s 			page 10


 315              	MX_TIM1_Init:
 316              	.LFB37:
  32:Core/Src/tim.c ****   TIM_ClockConfigTypeDef sClockSourceConfig = {0};
 317              		.loc 1 32 0
 318              		.cfi_startproc
 319              		@ args = 0, pretend = 0, frame = 104
 320              		@ frame_needed = 0, uses_anonymous_args = 0
 321 0000 00B5     		push	{lr}
 322              	.LCFI5:
 323              		.cfi_def_cfa_offset 4
 324              		.cfi_offset 14, -4
 325 0002 9BB0     		sub	sp, sp, #108
 326              	.LCFI6:
 327              		.cfi_def_cfa_offset 112
  33:Core/Src/tim.c ****   TIM_SlaveConfigTypeDef sSlaveConfig = {0};
 328              		.loc 1 33 0
 329 0004 1022     		movs	r2, #16
 330 0006 0021     		movs	r1, #0
 331 0008 16A8     		add	r0, sp, #88
 332 000a FFF7FEFF 		bl	memset
 333              	.LVL22:
  34:Core/Src/tim.c ****   TIM_MasterConfigTypeDef sMasterConfig = {0};
 334              		.loc 1 34 0
 335 000e 1422     		movs	r2, #20
 336 0010 0021     		movs	r1, #0
 337 0012 11A8     		add	r0, sp, #68
 338 0014 FFF7FEFF 		bl	memset
 339              	.LVL23:
  35:Core/Src/tim.c ****   TIM_OC_InitTypeDef sConfigOC = {0};
 340              		.loc 1 35 0
 341 0018 0822     		movs	r2, #8
 342 001a 0021     		movs	r1, #0
 343 001c 0FA8     		add	r0, sp, #60
 344 001e FFF7FEFF 		bl	memset
 345              	.LVL24:
  36:Core/Src/tim.c ****   TIM_BreakDeadTimeConfigTypeDef sBreakDeadTimeConfig = {0};
 346              		.loc 1 36 0
 347 0022 1C22     		movs	r2, #28
 348 0024 0021     		movs	r1, #0
 349 0026 08A8     		add	r0, sp, #32
 350 0028 FFF7FEFF 		bl	memset
 351              	.LVL25:
  37:Core/Src/tim.c **** 
 352              		.loc 1 37 0
 353 002c 1C22     		movs	r2, #28
 354 002e 0021     		movs	r1, #0
 355 0030 01A8     		add	r0, sp, #4
 356 0032 FFF7FEFF 		bl	memset
 357              	.LVL26:
  39:Core/Src/tim.c ****   htim1.Init.Prescaler = 0;
 358              		.loc 1 39 0
 359 0036 3F48     		ldr	r0, .L43
 360 0038 3F4B     		ldr	r3, .L43+4
 361 003a 0360     		str	r3, [r0]
  40:Core/Src/tim.c ****   htim1.Init.CounterMode = TIM_COUNTERMODE_UP;
 362              		.loc 1 40 0
 363 003c 0023     		movs	r3, #0
ARM GAS  E:\cygwin64\tmp\ccWQWFuf.s 			page 11


 364 003e 4360     		str	r3, [r0, #4]
  41:Core/Src/tim.c ****   htim1.Init.Period = 0;
 365              		.loc 1 41 0
 366 0040 8360     		str	r3, [r0, #8]
  42:Core/Src/tim.c ****   htim1.Init.ClockDivision = TIM_CLOCKDIVISION_DIV1;
 367              		.loc 1 42 0
 368 0042 C360     		str	r3, [r0, #12]
  43:Core/Src/tim.c ****   htim1.Init.RepetitionCounter = 0;
 369              		.loc 1 43 0
 370 0044 0361     		str	r3, [r0, #16]
  44:Core/Src/tim.c ****   htim1.Init.AutoReloadPreload = TIM_AUTORELOAD_PRELOAD_ENABLE;
 371              		.loc 1 44 0
 372 0046 4361     		str	r3, [r0, #20]
  45:Core/Src/tim.c ****   if (HAL_TIM_Base_Init(&htim1) != HAL_OK)
 373              		.loc 1 45 0
 374 0048 8033     		adds	r3, r3, #128
 375 004a 8361     		str	r3, [r0, #24]
  46:Core/Src/tim.c ****   {
 376              		.loc 1 46 0
 377 004c FFF7FEFF 		bl	HAL_TIM_Base_Init
 378              	.LVL27:
 379 0050 0028     		cmp	r0, #0
 380 0052 53D1     		bne	.L34
 381              	.L25:
  50:Core/Src/tim.c ****   if (HAL_TIM_ConfigClockSource(&htim1, &sClockSourceConfig) != HAL_OK)
 382              		.loc 1 50 0
 383 0054 8023     		movs	r3, #128
 384 0056 5B01     		lsls	r3, r3, #5
 385 0058 1693     		str	r3, [sp, #88]
  51:Core/Src/tim.c ****   {
 386              		.loc 1 51 0
 387 005a 16A9     		add	r1, sp, #88
 388 005c 3548     		ldr	r0, .L43
 389 005e FFF7FEFF 		bl	HAL_TIM_ConfigClockSource
 390              	.LVL28:
 391 0062 0028     		cmp	r0, #0
 392 0064 4DD1     		bne	.L35
 393              	.L26:
  55:Core/Src/tim.c ****   {
 394              		.loc 1 55 0
 395 0066 3348     		ldr	r0, .L43
 396 0068 FFF7FEFF 		bl	HAL_TIM_PWM_Init
 397              	.LVL29:
 398 006c 0028     		cmp	r0, #0
 399 006e 4BD1     		bne	.L36
 400              	.L27:
  59:Core/Src/tim.c ****   sSlaveConfig.InputTrigger = TIM_TS_ITR0;
 401              		.loc 1 59 0
 402 0070 0423     		movs	r3, #4
 403 0072 1193     		str	r3, [sp, #68]
  60:Core/Src/tim.c ****   if (HAL_TIM_SlaveConfigSynchronization(&htim1, &sSlaveConfig) != HAL_OK)
 404              		.loc 1 60 0
 405 0074 0023     		movs	r3, #0
 406 0076 1293     		str	r3, [sp, #72]
  61:Core/Src/tim.c ****   {
 407              		.loc 1 61 0
 408 0078 11A9     		add	r1, sp, #68
ARM GAS  E:\cygwin64\tmp\ccWQWFuf.s 			page 12


 409 007a 2E48     		ldr	r0, .L43
 410 007c FFF7FEFF 		bl	HAL_TIM_SlaveConfigSynchronization
 411              	.LVL30:
 412 0080 0028     		cmp	r0, #0
 413 0082 44D1     		bne	.L37
 414              	.L28:
  65:Core/Src/tim.c ****   sMasterConfig.MasterSlaveMode = TIM_MASTERSLAVEMODE_DISABLE;
 415              		.loc 1 65 0
 416 0084 0023     		movs	r3, #0
 417 0086 0F93     		str	r3, [sp, #60]
  66:Core/Src/tim.c ****   if (HAL_TIMEx_MasterConfigSynchronization(&htim1, &sMasterConfig) != HAL_OK)
 418              		.loc 1 66 0
 419 0088 1093     		str	r3, [sp, #64]
  67:Core/Src/tim.c ****   {
 420              		.loc 1 67 0
 421 008a 0FA9     		add	r1, sp, #60
 422 008c 2948     		ldr	r0, .L43
 423 008e FFF7FEFF 		bl	HAL_TIMEx_MasterConfigSynchronization
 424              	.LVL31:
 425 0092 0028     		cmp	r0, #0
 426 0094 3ED1     		bne	.L38
 427              	.L29:
  71:Core/Src/tim.c ****   sConfigOC.Pulse = 0;
 428              		.loc 1 71 0
 429 0096 6023     		movs	r3, #96
 430 0098 0893     		str	r3, [sp, #32]
  72:Core/Src/tim.c ****   sConfigOC.OCPolarity = TIM_OCPOLARITY_HIGH;
 431              		.loc 1 72 0
 432 009a 0023     		movs	r3, #0
 433 009c 0993     		str	r3, [sp, #36]
  73:Core/Src/tim.c ****   sConfigOC.OCNPolarity = TIM_OCNPOLARITY_HIGH;
 434              		.loc 1 73 0
 435 009e 0A93     		str	r3, [sp, #40]
  74:Core/Src/tim.c ****   sConfigOC.OCFastMode = TIM_OCFAST_DISABLE;
 436              		.loc 1 74 0
 437 00a0 0B93     		str	r3, [sp, #44]
  75:Core/Src/tim.c ****   sConfigOC.OCIdleState = TIM_OCIDLESTATE_RESET;
 438              		.loc 1 75 0
 439 00a2 0C93     		str	r3, [sp, #48]
  76:Core/Src/tim.c ****   sConfigOC.OCNIdleState = TIM_OCNIDLESTATE_RESET;
 440              		.loc 1 76 0
 441 00a4 0D93     		str	r3, [sp, #52]
  77:Core/Src/tim.c ****   if (HAL_TIM_PWM_ConfigChannel(&htim1, &sConfigOC, TIM_CHANNEL_1) != HAL_OK)
 442              		.loc 1 77 0
 443 00a6 0E93     		str	r3, [sp, #56]
  78:Core/Src/tim.c ****   {
 444              		.loc 1 78 0
 445 00a8 0022     		movs	r2, #0
 446 00aa 08A9     		add	r1, sp, #32
 447 00ac 2148     		ldr	r0, .L43
 448 00ae FFF7FEFF 		bl	HAL_TIM_PWM_ConfigChannel
 449              	.LVL32:
 450 00b2 0028     		cmp	r0, #0
 451 00b4 31D1     		bne	.L39
 452              	.L30:
  82:Core/Src/tim.c ****   {
 453              		.loc 1 82 0
ARM GAS  E:\cygwin64\tmp\ccWQWFuf.s 			page 13


 454 00b6 0422     		movs	r2, #4
 455 00b8 08A9     		add	r1, sp, #32
 456 00ba 1E48     		ldr	r0, .L43
 457 00bc FFF7FEFF 		bl	HAL_TIM_PWM_ConfigChannel
 458              	.LVL33:
 459 00c0 0028     		cmp	r0, #0
 460 00c2 2DD1     		bne	.L40
 461              	.L31:
  86:Core/Src/tim.c ****   {
 462              		.loc 1 86 0
 463 00c4 0822     		movs	r2, #8
 464 00c6 08A9     		add	r1, sp, #32
 465 00c8 1A48     		ldr	r0, .L43
 466 00ca FFF7FEFF 		bl	HAL_TIM_PWM_ConfigChannel
 467              	.LVL34:
 468 00ce 0028     		cmp	r0, #0
 469 00d0 29D1     		bne	.L41
 470              	.L32:
  90:Core/Src/tim.c ****   sBreakDeadTimeConfig.OffStateIDLEMode = TIM_OSSI_DISABLE;
 471              		.loc 1 90 0
 472 00d2 0023     		movs	r3, #0
 473 00d4 0193     		str	r3, [sp, #4]
  91:Core/Src/tim.c ****   sBreakDeadTimeConfig.LockLevel = TIM_LOCKLEVEL_OFF;
 474              		.loc 1 91 0
 475 00d6 0293     		str	r3, [sp, #8]
  92:Core/Src/tim.c ****   sBreakDeadTimeConfig.DeadTime = 0;
 476              		.loc 1 92 0
 477 00d8 0393     		str	r3, [sp, #12]
  93:Core/Src/tim.c ****   sBreakDeadTimeConfig.BreakState = TIM_BREAK_DISABLE;
 478              		.loc 1 93 0
 479 00da 0493     		str	r3, [sp, #16]
  94:Core/Src/tim.c ****   sBreakDeadTimeConfig.BreakPolarity = TIM_BREAKPOLARITY_HIGH;
 480              		.loc 1 94 0
 481 00dc 0593     		str	r3, [sp, #20]
  95:Core/Src/tim.c ****   sBreakDeadTimeConfig.AutomaticOutput = TIM_AUTOMATICOUTPUT_DISABLE;
 482              		.loc 1 95 0
 483 00de 8022     		movs	r2, #128
 484 00e0 9201     		lsls	r2, r2, #6
 485 00e2 0692     		str	r2, [sp, #24]
  96:Core/Src/tim.c ****   if (HAL_TIMEx_ConfigBreakDeadTime(&htim1, &sBreakDeadTimeConfig) != HAL_OK)
 486              		.loc 1 96 0
 487 00e4 0793     		str	r3, [sp, #28]
  97:Core/Src/tim.c ****   {
 488              		.loc 1 97 0
 489 00e6 01A9     		add	r1, sp, #4
 490 00e8 1248     		ldr	r0, .L43
 491 00ea FFF7FEFF 		bl	HAL_TIMEx_ConfigBreakDeadTime
 492              	.LVL35:
 493 00ee 0028     		cmp	r0, #0
 494 00f0 1CD1     		bne	.L42
 495              	.L33:
 101:Core/Src/tim.c **** 
 496              		.loc 1 101 0
 497 00f2 1048     		ldr	r0, .L43
 498 00f4 FFF7FEFF 		bl	HAL_TIM_MspPostInit
 499              	.LVL36:
 103:Core/Src/tim.c **** /* TIM2 init function */
ARM GAS  E:\cygwin64\tmp\ccWQWFuf.s 			page 14


 500              		.loc 1 103 0
 501 00f8 1BB0     		add	sp, sp, #108
 502              		@ sp needed
 503 00fa 00BD     		pop	{pc}
 504              	.L34:
  48:Core/Src/tim.c ****   }
 505              		.loc 1 48 0
 506 00fc FFF7FEFF 		bl	Error_Handler
 507              	.LVL37:
 508 0100 A8E7     		b	.L25
 509              	.L35:
  53:Core/Src/tim.c ****   }
 510              		.loc 1 53 0
 511 0102 FFF7FEFF 		bl	Error_Handler
 512              	.LVL38:
 513 0106 AEE7     		b	.L26
 514              	.L36:
  57:Core/Src/tim.c ****   }
 515              		.loc 1 57 0
 516 0108 FFF7FEFF 		bl	Error_Handler
 517              	.LVL39:
 518 010c B0E7     		b	.L27
 519              	.L37:
  63:Core/Src/tim.c ****   }
 520              		.loc 1 63 0
 521 010e FFF7FEFF 		bl	Error_Handler
 522              	.LVL40:
 523 0112 B7E7     		b	.L28
 524              	.L38:
  69:Core/Src/tim.c ****   }
 525              		.loc 1 69 0
 526 0114 FFF7FEFF 		bl	Error_Handler
 527              	.LVL41:
 528 0118 BDE7     		b	.L29
 529              	.L39:
  80:Core/Src/tim.c ****   }
 530              		.loc 1 80 0
 531 011a FFF7FEFF 		bl	Error_Handler
 532              	.LVL42:
 533 011e CAE7     		b	.L30
 534              	.L40:
  84:Core/Src/tim.c ****   }
 535              		.loc 1 84 0
 536 0120 FFF7FEFF 		bl	Error_Handler
 537              	.LVL43:
 538 0124 CEE7     		b	.L31
 539              	.L41:
  88:Core/Src/tim.c ****   }
 540              		.loc 1 88 0
 541 0126 FFF7FEFF 		bl	Error_Handler
 542              	.LVL44:
 543 012a D2E7     		b	.L32
 544              	.L42:
  99:Core/Src/tim.c ****   }
 545              		.loc 1 99 0
 546 012c FFF7FEFF 		bl	Error_Handler
 547              	.LVL45:
ARM GAS  E:\cygwin64\tmp\ccWQWFuf.s 			page 15


 548 0130 DFE7     		b	.L33
 549              	.L44:
 550 0132 C046     		.align	2
 551              	.L43:
 552 0134 00000000 		.word	htim1
 553 0138 002C0140 		.word	1073818624
 554              		.cfi_endproc
 555              	.LFE37:
 557              		.section	.text.HAL_TIM_Base_MspDeInit,"ax",%progbits
 558              		.align	1
 559              		.global	HAL_TIM_Base_MspDeInit
 560              		.syntax unified
 561              		.code	16
 562              		.thumb_func
 563              		.fpu softvfp
 565              	HAL_TIM_Base_MspDeInit:
 566              	.LFB41:
 196:Core/Src/tim.c **** 
 197:Core/Src/tim.c **** void HAL_TIM_Base_MspDeInit(TIM_HandleTypeDef* tim_baseHandle)
 198:Core/Src/tim.c **** {
 567              		.loc 1 198 0
 568              		.cfi_startproc
 569              		@ args = 0, pretend = 0, frame = 0
 570              		@ frame_needed = 0, uses_anonymous_args = 0
 571              	.LVL46:
 572 0000 10B5     		push	{r4, lr}
 573              	.LCFI7:
 574              		.cfi_def_cfa_offset 8
 575              		.cfi_offset 4, -8
 576              		.cfi_offset 14, -4
 199:Core/Src/tim.c **** 
 200:Core/Src/tim.c ****   if(tim_baseHandle->Instance==TIM1)
 577              		.loc 1 200 0
 578 0002 0368     		ldr	r3, [r0]
 579 0004 0C4A     		ldr	r2, .L50
 580 0006 9342     		cmp	r3, r2
 581 0008 04D0     		beq	.L48
 201:Core/Src/tim.c ****   {
 202:Core/Src/tim.c ****   /* USER CODE BEGIN TIM1_MspDeInit 0 */
 203:Core/Src/tim.c **** 
 204:Core/Src/tim.c ****   /* USER CODE END TIM1_MspDeInit 0 */
 205:Core/Src/tim.c ****     /* Peripheral clock disable */
 206:Core/Src/tim.c ****     __HAL_RCC_TIM1_CLK_DISABLE();
 207:Core/Src/tim.c **** 
 208:Core/Src/tim.c ****     /* TIM1 interrupt Deinit */
 209:Core/Src/tim.c ****     HAL_NVIC_DisableIRQ(TIM1_BRK_UP_TRG_COM_IRQn);
 210:Core/Src/tim.c ****   /* USER CODE BEGIN TIM1_MspDeInit 1 */
 211:Core/Src/tim.c **** 
 212:Core/Src/tim.c ****   /* USER CODE END TIM1_MspDeInit 1 */
 213:Core/Src/tim.c ****   }
 214:Core/Src/tim.c ****   else if(tim_baseHandle->Instance==TIM2)
 582              		.loc 1 214 0
 583 000a 8022     		movs	r2, #128
 584 000c D205     		lsls	r2, r2, #23
 585 000e 9342     		cmp	r3, r2
 586 0010 09D0     		beq	.L49
 587              	.LVL47:
ARM GAS  E:\cygwin64\tmp\ccWQWFuf.s 			page 16


 588              	.L45:
 215:Core/Src/tim.c ****   {
 216:Core/Src/tim.c ****   /* USER CODE BEGIN TIM2_MspDeInit 0 */
 217:Core/Src/tim.c **** 
 218:Core/Src/tim.c ****   /* USER CODE END TIM2_MspDeInit 0 */
 219:Core/Src/tim.c ****     /* Peripheral clock disable */
 220:Core/Src/tim.c ****     __HAL_RCC_TIM2_CLK_DISABLE();
 221:Core/Src/tim.c **** 
 222:Core/Src/tim.c ****     /* TIM2 interrupt Deinit */
 223:Core/Src/tim.c ****     HAL_NVIC_DisableIRQ(TIM2_IRQn);
 224:Core/Src/tim.c ****   /* USER CODE BEGIN TIM2_MspDeInit 1 */
 225:Core/Src/tim.c **** 
 226:Core/Src/tim.c ****   /* USER CODE END TIM2_MspDeInit 1 */
 227:Core/Src/tim.c ****   }
 228:Core/Src/tim.c **** } 
 589              		.loc 1 228 0
 590              		@ sp needed
 591 0012 10BD     		pop	{r4, pc}
 592              	.LVL48:
 593              	.L48:
 206:Core/Src/tim.c **** 
 594              		.loc 1 206 0
 595 0014 094A     		ldr	r2, .L50+4
 596 0016 9369     		ldr	r3, [r2, #24]
 597 0018 0949     		ldr	r1, .L50+8
 598 001a 0B40     		ands	r3, r1
 599 001c 9361     		str	r3, [r2, #24]
 209:Core/Src/tim.c ****   /* USER CODE BEGIN TIM1_MspDeInit 1 */
 600              		.loc 1 209 0
 601 001e 0D20     		movs	r0, #13
 602              	.LVL49:
 603 0020 FFF7FEFF 		bl	HAL_NVIC_DisableIRQ
 604              	.LVL50:
 605 0024 F5E7     		b	.L45
 606              	.LVL51:
 607              	.L49:
 220:Core/Src/tim.c **** 
 608              		.loc 1 220 0
 609 0026 054A     		ldr	r2, .L50+4
 610 0028 D369     		ldr	r3, [r2, #28]
 611 002a 0121     		movs	r1, #1
 612 002c 8B43     		bics	r3, r1
 613 002e D361     		str	r3, [r2, #28]
 223:Core/Src/tim.c ****   /* USER CODE BEGIN TIM2_MspDeInit 1 */
 614              		.loc 1 223 0
 615 0030 0F20     		movs	r0, #15
 616              	.LVL52:
 617 0032 FFF7FEFF 		bl	HAL_NVIC_DisableIRQ
 618              	.LVL53:
 619              		.loc 1 228 0
 620 0036 ECE7     		b	.L45
 621              	.L51:
 622              		.align	2
 623              	.L50:
 624 0038 002C0140 		.word	1073818624
 625 003c 00100240 		.word	1073876992
 626 0040 FFF7FFFF 		.word	-2049
ARM GAS  E:\cygwin64\tmp\ccWQWFuf.s 			page 17


 627              		.cfi_endproc
 628              	.LFE41:
 630              		.comm	htim2,64,4
 631              		.comm	htim1,64,4
 632              		.text
 633              	.Letext0:
 634              		.file 2 "d:\\program files (x86)\\gnu tools arm embedded\\7 2018-q2-update\\arm-none-eabi\\include
 635              		.file 3 "d:\\program files (x86)\\gnu tools arm embedded\\7 2018-q2-update\\arm-none-eabi\\include
 636              		.file 4 "Drivers/CMSIS/Device/ST/STM32F0xx/Include/system_stm32f0xx.h"
 637              		.file 5 "Drivers/CMSIS/Device/ST/STM32F0xx/Include/stm32f042x6.h"
 638              		.file 6 "d:\\program files (x86)\\gnu tools arm embedded\\7 2018-q2-update\\arm-none-eabi\\include
 639              		.file 7 "d:\\program files (x86)\\gnu tools arm embedded\\7 2018-q2-update\\arm-none-eabi\\include
 640              		.file 8 "d:\\program files (x86)\\gnu tools arm embedded\\7 2018-q2-update\\lib\\gcc\\arm-none-eab
 641              		.file 9 "d:\\program files (x86)\\gnu tools arm embedded\\7 2018-q2-update\\arm-none-eabi\\include
 642              		.file 10 "Drivers/STM32F0xx_HAL_Driver/Inc/stm32f0xx_hal_def.h"
 643              		.file 11 "Drivers/STM32F0xx_HAL_Driver/Inc/stm32f0xx_hal_gpio.h"
 644              		.file 12 "Drivers/STM32F0xx_HAL_Driver/Inc/stm32f0xx_hal_dma.h"
 645              		.file 13 "Drivers/STM32F0xx_HAL_Driver/Inc/stm32f0xx_hal_tim.h"
 646              		.file 14 "Drivers/STM32F0xx_HAL_Driver/Inc/stm32f0xx_hal_tim_ex.h"
 647              		.file 15 "Core/Inc/tim.h"
 648              		.file 16 "Drivers/STM32F0xx_HAL_Driver/Inc/stm32f0xx_hal_cortex.h"
 649              		.file 17 "Core/Inc/main.h"
 650              		.file 18 "<built-in>"
ARM GAS  E:\cygwin64\tmp\ccWQWFuf.s 			page 18


DEFINED SYMBOLS
                            *ABS*:00000000 tim.c
E:\cygwin64\tmp\ccWQWFuf.s:16     .text.MX_TIM2_Init:00000000 $t
E:\cygwin64\tmp\ccWQWFuf.s:23     .text.MX_TIM2_Init:00000000 MX_TIM2_Init
E:\cygwin64\tmp\ccWQWFuf.s:145    .text.MX_TIM2_Init:00000094 $d
                            *COM*:00000040 htim2
E:\cygwin64\tmp\ccWQWFuf.s:150    .text.HAL_TIM_Base_MspInit:00000000 $t
E:\cygwin64\tmp\ccWQWFuf.s:157    .text.HAL_TIM_Base_MspInit:00000000 HAL_TIM_Base_MspInit
E:\cygwin64\tmp\ccWQWFuf.s:220    .text.HAL_TIM_Base_MspInit:00000040 $d
E:\cygwin64\tmp\ccWQWFuf.s:226    .text.HAL_TIM_MspPostInit:00000000 $t
E:\cygwin64\tmp\ccWQWFuf.s:233    .text.HAL_TIM_MspPostInit:00000000 HAL_TIM_MspPostInit
E:\cygwin64\tmp\ccWQWFuf.s:302    .text.HAL_TIM_MspPostInit:00000048 $d
E:\cygwin64\tmp\ccWQWFuf.s:308    .text.MX_TIM1_Init:00000000 $t
E:\cygwin64\tmp\ccWQWFuf.s:315    .text.MX_TIM1_Init:00000000 MX_TIM1_Init
E:\cygwin64\tmp\ccWQWFuf.s:552    .text.MX_TIM1_Init:00000134 $d
                            *COM*:00000040 htim1
E:\cygwin64\tmp\ccWQWFuf.s:558    .text.HAL_TIM_Base_MspDeInit:00000000 $t
E:\cygwin64\tmp\ccWQWFuf.s:565    .text.HAL_TIM_Base_MspDeInit:00000000 HAL_TIM_Base_MspDeInit
E:\cygwin64\tmp\ccWQWFuf.s:624    .text.HAL_TIM_Base_MspDeInit:00000038 $d

UNDEFINED SYMBOLS
memset
HAL_TIM_Base_Init
HAL_TIM_ConfigClockSource
HAL_TIM_SlaveConfigSynchronization
HAL_TIMEx_MasterConfigSynchronization
Error_Handler
HAL_GPIO_Init
HAL_TIM_PWM_Init
HAL_TIM_PWM_ConfigChannel
HAL_TIMEx_ConfigBreakDeadTime
HAL_NVIC_DisableIRQ
