ARM GAS  E:\cygwin64\tmp\ccQfFINq.s 			page 1


   1              		.cpu cortex-m0
   2              		.eabi_attribute 20, 1
   3              		.eabi_attribute 21, 1
   4              		.eabi_attribute 23, 3
   5              		.eabi_attribute 24, 1
   6              		.eabi_attribute 25, 1
   7              		.eabi_attribute 26, 1
   8              		.eabi_attribute 30, 1
   9              		.eabi_attribute 34, 0
  10              		.eabi_attribute 18, 4
  11              		.file	"timer.c"
  12              		.text
  13              	.Ltext0:
  14              		.cfi_sections	.debug_frame
  15              		.global	__aeabi_uidiv
  16              		.section	.text.OSAL_TIMER_TICKINIT,"ax",%progbits
  17              		.align	1
  18              		.global	OSAL_TIMER_TICKINIT
  19              		.syntax unified
  20              		.code	16
  21              		.thumb_func
  22              		.fpu softvfp
  24              	OSAL_TIMER_TICKINIT:
  25              	.LFB37:
  26              		.file 1 "OSAL/hal/timer.c"
   1:OSAL/hal/timer.c **** /****************************************************************************************
   2:OSAL/hal/timer.c ****  * æ–‡ä»¶å  ï¼štimer.c
   3:OSAL/hal/timer.c ****  * æè¿°    ï¼šç¡¬ä»¶å®šæ—¶å™¨é…ç½®æ–‡ä»¶ï¼Œä¸ºosalæ“ä½œç³»ç»Ÿæä¾›ç³»ç»Ÿæ—¶é’Ÿï¼Œç§»æ¤æ—¶éœ€è
   4:OSAL/hal/timer.c ****  * å¼€å‘å¹³å°ï¼š
   5:OSAL/hal/timer.c ****  * åº“ç‰ˆæœ¬  ï¼š
   6:OSAL/hal/timer.c ****  ***************************************************************************************/
   7:OSAL/hal/timer.c **** #include "timer.h"
   8:OSAL/hal/timer.c **** #include "osal_timer.h"
   9:OSAL/hal/timer.c **** 
  10:OSAL/hal/timer.c **** //ç¡¬ä»¶å®šæ—¶å™¨åˆå§‹åŒ–ï¼Œè®¾å®šç³»ç»Ÿæ—¶é’Ÿ
  11:OSAL/hal/timer.c **** void OSAL_TIMER_TICKINIT(void)
  12:OSAL/hal/timer.c **** {
  27              		.loc 1 12 0
  28              		.cfi_startproc
  29              		@ args = 0, pretend = 0, frame = 0
  30              		@ frame_needed = 0, uses_anonymous_args = 0
  31 0000 10B5     		push	{r4, lr}
  32              	.LCFI0:
  33              		.cfi_def_cfa_offset 8
  34              		.cfi_offset 4, -8
  35              		.cfi_offset 14, -4
  13:OSAL/hal/timer.c **** 	SysTick_Config(SystemCoreClock / 1000);
  36              		.loc 1 13 0
  37 0002 0C4B     		ldr	r3, .L3
  38 0004 1868     		ldr	r0, [r3]
  39 0006 FA21     		movs	r1, #250
  40 0008 8900     		lsls	r1, r1, #2
  41 000a FFF7FEFF 		bl	__aeabi_uidiv
  42              	.LVL0:
  43              	.LBB8:
  44              	.LBB9:
  45              		.file 2 "Drivers/CMSIS/Include/core_cm0.h"
ARM GAS  E:\cygwin64\tmp\ccQfFINq.s 			page 2


   1:Drivers/CMSIS/Include/core_cm0.h **** /**************************************************************************//**
   2:Drivers/CMSIS/Include/core_cm0.h ****  * @file     core_cm0.h
   3:Drivers/CMSIS/Include/core_cm0.h ****  * @brief    CMSIS Cortex-M0 Core Peripheral Access Layer Header File
   4:Drivers/CMSIS/Include/core_cm0.h ****  * @version  V4.30
   5:Drivers/CMSIS/Include/core_cm0.h ****  * @date     20. October 2015
   6:Drivers/CMSIS/Include/core_cm0.h ****  ******************************************************************************/
   7:Drivers/CMSIS/Include/core_cm0.h **** /* Copyright (c) 2009 - 2015 ARM LIMITED
   8:Drivers/CMSIS/Include/core_cm0.h **** 
   9:Drivers/CMSIS/Include/core_cm0.h ****    All rights reserved.
  10:Drivers/CMSIS/Include/core_cm0.h ****    Redistribution and use in source and binary forms, with or without
  11:Drivers/CMSIS/Include/core_cm0.h ****    modification, are permitted provided that the following conditions are met:
  12:Drivers/CMSIS/Include/core_cm0.h ****    - Redistributions of source code must retain the above copyright
  13:Drivers/CMSIS/Include/core_cm0.h ****      notice, this list of conditions and the following disclaimer.
  14:Drivers/CMSIS/Include/core_cm0.h ****    - Redistributions in binary form must reproduce the above copyright
  15:Drivers/CMSIS/Include/core_cm0.h ****      notice, this list of conditions and the following disclaimer in the
  16:Drivers/CMSIS/Include/core_cm0.h ****      documentation and/or other materials provided with the distribution.
  17:Drivers/CMSIS/Include/core_cm0.h ****    - Neither the name of ARM nor the names of its contributors may be used
  18:Drivers/CMSIS/Include/core_cm0.h ****      to endorse or promote products derived from this software without
  19:Drivers/CMSIS/Include/core_cm0.h ****      specific prior written permission.
  20:Drivers/CMSIS/Include/core_cm0.h ****    *
  21:Drivers/CMSIS/Include/core_cm0.h ****    THIS SOFTWARE IS PROVIDED BY THE COPYRIGHT HOLDERS AND CONTRIBUTORS "AS IS"
  22:Drivers/CMSIS/Include/core_cm0.h ****    AND ANY EXPRESS OR IMPLIED WARRANTIES, INCLUDING, BUT NOT LIMITED TO, THE
  23:Drivers/CMSIS/Include/core_cm0.h ****    IMPLIED WARRANTIES OF MERCHANTABILITY AND FITNESS FOR A PARTICULAR PURPOSE
  24:Drivers/CMSIS/Include/core_cm0.h ****    ARE DISCLAIMED. IN NO EVENT SHALL COPYRIGHT HOLDERS AND CONTRIBUTORS BE
  25:Drivers/CMSIS/Include/core_cm0.h ****    LIABLE FOR ANY DIRECT, INDIRECT, INCIDENTAL, SPECIAL, EXEMPLARY, OR
  26:Drivers/CMSIS/Include/core_cm0.h ****    CONSEQUENTIAL DAMAGES (INCLUDING, BUT NOT LIMITED TO, PROCUREMENT OF
  27:Drivers/CMSIS/Include/core_cm0.h ****    SUBSTITUTE GOODS OR SERVICES; LOSS OF USE, DATA, OR PROFITS; OR BUSINESS
  28:Drivers/CMSIS/Include/core_cm0.h ****    INTERRUPTION) HOWEVER CAUSED AND ON ANY THEORY OF LIABILITY, WHETHER IN
  29:Drivers/CMSIS/Include/core_cm0.h ****    CONTRACT, STRICT LIABILITY, OR TORT (INCLUDING NEGLIGENCE OR OTHERWISE)
  30:Drivers/CMSIS/Include/core_cm0.h ****    ARISING IN ANY WAY OUT OF THE USE OF THIS SOFTWARE, EVEN IF ADVISED OF THE
  31:Drivers/CMSIS/Include/core_cm0.h ****    POSSIBILITY OF SUCH DAMAGE.
  32:Drivers/CMSIS/Include/core_cm0.h ****    ---------------------------------------------------------------------------*/
  33:Drivers/CMSIS/Include/core_cm0.h **** 
  34:Drivers/CMSIS/Include/core_cm0.h **** 
  35:Drivers/CMSIS/Include/core_cm0.h **** #if   defined ( __ICCARM__ )
  36:Drivers/CMSIS/Include/core_cm0.h ****  #pragma system_include         /* treat file as system include file for MISRA check */
  37:Drivers/CMSIS/Include/core_cm0.h **** #elif defined(__ARMCC_VERSION) && (__ARMCC_VERSION >= 6010050)
  38:Drivers/CMSIS/Include/core_cm0.h ****   #pragma clang system_header   /* treat file as system include file */
  39:Drivers/CMSIS/Include/core_cm0.h **** #endif
  40:Drivers/CMSIS/Include/core_cm0.h **** 
  41:Drivers/CMSIS/Include/core_cm0.h **** #ifndef __CORE_CM0_H_GENERIC
  42:Drivers/CMSIS/Include/core_cm0.h **** #define __CORE_CM0_H_GENERIC
  43:Drivers/CMSIS/Include/core_cm0.h **** 
  44:Drivers/CMSIS/Include/core_cm0.h **** #include <stdint.h>
  45:Drivers/CMSIS/Include/core_cm0.h **** 
  46:Drivers/CMSIS/Include/core_cm0.h **** #ifdef __cplusplus
  47:Drivers/CMSIS/Include/core_cm0.h ****  extern "C" {
  48:Drivers/CMSIS/Include/core_cm0.h **** #endif
  49:Drivers/CMSIS/Include/core_cm0.h **** 
  50:Drivers/CMSIS/Include/core_cm0.h **** /**
  51:Drivers/CMSIS/Include/core_cm0.h ****   \page CMSIS_MISRA_Exceptions  MISRA-C:2004 Compliance Exceptions
  52:Drivers/CMSIS/Include/core_cm0.h ****   CMSIS violates the following MISRA-C:2004 rules:
  53:Drivers/CMSIS/Include/core_cm0.h **** 
  54:Drivers/CMSIS/Include/core_cm0.h ****    \li Required Rule 8.5, object/function definition in header file.<br>
  55:Drivers/CMSIS/Include/core_cm0.h ****      Function definitions in header files are used to allow 'inlining'.
  56:Drivers/CMSIS/Include/core_cm0.h **** 
  57:Drivers/CMSIS/Include/core_cm0.h ****    \li Required Rule 18.4, declaration of union type or object of union type: '{...}'.<br>
ARM GAS  E:\cygwin64\tmp\ccQfFINq.s 			page 3


  58:Drivers/CMSIS/Include/core_cm0.h ****      Unions are used for effective representation of core registers.
  59:Drivers/CMSIS/Include/core_cm0.h **** 
  60:Drivers/CMSIS/Include/core_cm0.h ****    \li Advisory Rule 19.7, Function-like macro defined.<br>
  61:Drivers/CMSIS/Include/core_cm0.h ****      Function-like macros are used to allow more efficient code.
  62:Drivers/CMSIS/Include/core_cm0.h ****  */
  63:Drivers/CMSIS/Include/core_cm0.h **** 
  64:Drivers/CMSIS/Include/core_cm0.h **** 
  65:Drivers/CMSIS/Include/core_cm0.h **** /*******************************************************************************
  66:Drivers/CMSIS/Include/core_cm0.h ****  *                 CMSIS definitions
  67:Drivers/CMSIS/Include/core_cm0.h ****  ******************************************************************************/
  68:Drivers/CMSIS/Include/core_cm0.h **** /**
  69:Drivers/CMSIS/Include/core_cm0.h ****   \ingroup Cortex_M0
  70:Drivers/CMSIS/Include/core_cm0.h ****   @{
  71:Drivers/CMSIS/Include/core_cm0.h ****  */
  72:Drivers/CMSIS/Include/core_cm0.h **** 
  73:Drivers/CMSIS/Include/core_cm0.h **** /*  CMSIS CM0 definitions */
  74:Drivers/CMSIS/Include/core_cm0.h **** #define __CM0_CMSIS_VERSION_MAIN  (0x04U)                                      /*!< [31:16] CMSIS H
  75:Drivers/CMSIS/Include/core_cm0.h **** #define __CM0_CMSIS_VERSION_SUB   (0x1EU)                                      /*!< [15:0]  CMSIS H
  76:Drivers/CMSIS/Include/core_cm0.h **** #define __CM0_CMSIS_VERSION       ((__CM0_CMSIS_VERSION_MAIN << 16U) | \
  77:Drivers/CMSIS/Include/core_cm0.h ****                                     __CM0_CMSIS_VERSION_SUB           )        /*!< CMSIS HAL versi
  78:Drivers/CMSIS/Include/core_cm0.h **** 
  79:Drivers/CMSIS/Include/core_cm0.h **** #define __CORTEX_M                (0x00U)                                      /*!< Cortex-M Core *
  80:Drivers/CMSIS/Include/core_cm0.h **** 
  81:Drivers/CMSIS/Include/core_cm0.h **** 
  82:Drivers/CMSIS/Include/core_cm0.h **** #if   defined ( __CC_ARM )
  83:Drivers/CMSIS/Include/core_cm0.h ****   #define __ASM            __asm                                      /*!< asm keyword for ARM Comp
  84:Drivers/CMSIS/Include/core_cm0.h ****   #define __INLINE         __inline                                   /*!< inline keyword for ARM C
  85:Drivers/CMSIS/Include/core_cm0.h ****   #define __STATIC_INLINE  static __inline
  86:Drivers/CMSIS/Include/core_cm0.h **** 
  87:Drivers/CMSIS/Include/core_cm0.h **** #elif defined(__ARMCC_VERSION) && (__ARMCC_VERSION >= 6010050)
  88:Drivers/CMSIS/Include/core_cm0.h ****   #define __ASM            __asm                                      /*!< asm keyword for ARM Comp
  89:Drivers/CMSIS/Include/core_cm0.h ****   #define __INLINE         __inline                                   /*!< inline keyword for ARM C
  90:Drivers/CMSIS/Include/core_cm0.h ****   #define __STATIC_INLINE  static __inline
  91:Drivers/CMSIS/Include/core_cm0.h **** 
  92:Drivers/CMSIS/Include/core_cm0.h **** #elif defined ( __GNUC__ )
  93:Drivers/CMSIS/Include/core_cm0.h ****   #define __ASM            __asm                                      /*!< asm keyword for GNU Comp
  94:Drivers/CMSIS/Include/core_cm0.h ****   #define __INLINE         inline                                     /*!< inline keyword for GNU C
  95:Drivers/CMSIS/Include/core_cm0.h ****   #define __STATIC_INLINE  static inline
  96:Drivers/CMSIS/Include/core_cm0.h **** 
  97:Drivers/CMSIS/Include/core_cm0.h **** #elif defined ( __ICCARM__ )
  98:Drivers/CMSIS/Include/core_cm0.h ****   #define __ASM            __asm                                      /*!< asm keyword for IAR Comp
  99:Drivers/CMSIS/Include/core_cm0.h ****   #define __INLINE         inline                                     /*!< inline keyword for IAR C
 100:Drivers/CMSIS/Include/core_cm0.h ****   #define __STATIC_INLINE  static inline
 101:Drivers/CMSIS/Include/core_cm0.h **** 
 102:Drivers/CMSIS/Include/core_cm0.h **** #elif defined ( __TMS470__ )
 103:Drivers/CMSIS/Include/core_cm0.h ****   #define __ASM            __asm                                      /*!< asm keyword for TI CCS C
 104:Drivers/CMSIS/Include/core_cm0.h ****   #define __STATIC_INLINE  static inline
 105:Drivers/CMSIS/Include/core_cm0.h **** 
 106:Drivers/CMSIS/Include/core_cm0.h **** #elif defined ( __TASKING__ )
 107:Drivers/CMSIS/Include/core_cm0.h ****   #define __ASM            __asm                                      /*!< asm keyword for TASKING 
 108:Drivers/CMSIS/Include/core_cm0.h ****   #define __INLINE         inline                                     /*!< inline keyword for TASKI
 109:Drivers/CMSIS/Include/core_cm0.h ****   #define __STATIC_INLINE  static inline
 110:Drivers/CMSIS/Include/core_cm0.h **** 
 111:Drivers/CMSIS/Include/core_cm0.h **** #elif defined ( __CSMC__ )
 112:Drivers/CMSIS/Include/core_cm0.h ****   #define __packed
 113:Drivers/CMSIS/Include/core_cm0.h ****   #define __ASM            _asm                                      /*!< asm keyword for COSMIC Co
 114:Drivers/CMSIS/Include/core_cm0.h ****   #define __INLINE         inline                                    /*!< inline keyword for COSMIC
ARM GAS  E:\cygwin64\tmp\ccQfFINq.s 			page 4


 115:Drivers/CMSIS/Include/core_cm0.h ****   #define __STATIC_INLINE  static inline
 116:Drivers/CMSIS/Include/core_cm0.h **** 
 117:Drivers/CMSIS/Include/core_cm0.h **** #else
 118:Drivers/CMSIS/Include/core_cm0.h ****   #error Unknown compiler
 119:Drivers/CMSIS/Include/core_cm0.h **** #endif
 120:Drivers/CMSIS/Include/core_cm0.h **** 
 121:Drivers/CMSIS/Include/core_cm0.h **** /** __FPU_USED indicates whether an FPU is used or not.
 122:Drivers/CMSIS/Include/core_cm0.h ****     This core does not support an FPU at all
 123:Drivers/CMSIS/Include/core_cm0.h **** */
 124:Drivers/CMSIS/Include/core_cm0.h **** #define __FPU_USED       0U
 125:Drivers/CMSIS/Include/core_cm0.h **** 
 126:Drivers/CMSIS/Include/core_cm0.h **** #if defined ( __CC_ARM )
 127:Drivers/CMSIS/Include/core_cm0.h ****   #if defined __TARGET_FPU_VFP
 128:Drivers/CMSIS/Include/core_cm0.h ****     #error "Compiler generates FPU instructions for a device without an FPU (check __FPU_PRESENT)"
 129:Drivers/CMSIS/Include/core_cm0.h ****   #endif
 130:Drivers/CMSIS/Include/core_cm0.h **** 
 131:Drivers/CMSIS/Include/core_cm0.h **** #elif defined(__ARMCC_VERSION) && (__ARMCC_VERSION >= 6010050)
 132:Drivers/CMSIS/Include/core_cm0.h ****   #if defined __ARM_PCS_VFP
 133:Drivers/CMSIS/Include/core_cm0.h ****     #error "Compiler generates FPU instructions for a device without an FPU (check __FPU_PRESENT)"
 134:Drivers/CMSIS/Include/core_cm0.h ****   #endif
 135:Drivers/CMSIS/Include/core_cm0.h **** 
 136:Drivers/CMSIS/Include/core_cm0.h **** #elif defined ( __GNUC__ )
 137:Drivers/CMSIS/Include/core_cm0.h ****   #if defined (__VFP_FP__) && !defined(__SOFTFP__)
 138:Drivers/CMSIS/Include/core_cm0.h ****     #error "Compiler generates FPU instructions for a device without an FPU (check __FPU_PRESENT)"
 139:Drivers/CMSIS/Include/core_cm0.h ****   #endif
 140:Drivers/CMSIS/Include/core_cm0.h **** 
 141:Drivers/CMSIS/Include/core_cm0.h **** #elif defined ( __ICCARM__ )
 142:Drivers/CMSIS/Include/core_cm0.h ****   #if defined __ARMVFP__
 143:Drivers/CMSIS/Include/core_cm0.h ****     #error "Compiler generates FPU instructions for a device without an FPU (check __FPU_PRESENT)"
 144:Drivers/CMSIS/Include/core_cm0.h ****   #endif
 145:Drivers/CMSIS/Include/core_cm0.h **** 
 146:Drivers/CMSIS/Include/core_cm0.h **** #elif defined ( __TMS470__ )
 147:Drivers/CMSIS/Include/core_cm0.h ****   #if defined __TI_VFP_SUPPORT__
 148:Drivers/CMSIS/Include/core_cm0.h ****     #error "Compiler generates FPU instructions for a device without an FPU (check __FPU_PRESENT)"
 149:Drivers/CMSIS/Include/core_cm0.h ****   #endif
 150:Drivers/CMSIS/Include/core_cm0.h **** 
 151:Drivers/CMSIS/Include/core_cm0.h **** #elif defined ( __TASKING__ )
 152:Drivers/CMSIS/Include/core_cm0.h ****   #if defined __FPU_VFP__
 153:Drivers/CMSIS/Include/core_cm0.h ****     #error "Compiler generates FPU instructions for a device without an FPU (check __FPU_PRESENT)"
 154:Drivers/CMSIS/Include/core_cm0.h ****   #endif
 155:Drivers/CMSIS/Include/core_cm0.h **** 
 156:Drivers/CMSIS/Include/core_cm0.h **** #elif defined ( __CSMC__ )
 157:Drivers/CMSIS/Include/core_cm0.h ****   #if ( __CSMC__ & 0x400U)
 158:Drivers/CMSIS/Include/core_cm0.h ****     #error "Compiler generates FPU instructions for a device without an FPU (check __FPU_PRESENT)"
 159:Drivers/CMSIS/Include/core_cm0.h ****   #endif
 160:Drivers/CMSIS/Include/core_cm0.h **** 
 161:Drivers/CMSIS/Include/core_cm0.h **** #endif
 162:Drivers/CMSIS/Include/core_cm0.h **** 
 163:Drivers/CMSIS/Include/core_cm0.h **** #include "core_cmInstr.h"                /* Core Instruction Access */
 164:Drivers/CMSIS/Include/core_cm0.h **** #include "core_cmFunc.h"                 /* Core Function Access */
 165:Drivers/CMSIS/Include/core_cm0.h **** 
 166:Drivers/CMSIS/Include/core_cm0.h **** #ifdef __cplusplus
 167:Drivers/CMSIS/Include/core_cm0.h **** }
 168:Drivers/CMSIS/Include/core_cm0.h **** #endif
 169:Drivers/CMSIS/Include/core_cm0.h **** 
 170:Drivers/CMSIS/Include/core_cm0.h **** #endif /* __CORE_CM0_H_GENERIC */
 171:Drivers/CMSIS/Include/core_cm0.h **** 
ARM GAS  E:\cygwin64\tmp\ccQfFINq.s 			page 5


 172:Drivers/CMSIS/Include/core_cm0.h **** #ifndef __CMSIS_GENERIC
 173:Drivers/CMSIS/Include/core_cm0.h **** 
 174:Drivers/CMSIS/Include/core_cm0.h **** #ifndef __CORE_CM0_H_DEPENDANT
 175:Drivers/CMSIS/Include/core_cm0.h **** #define __CORE_CM0_H_DEPENDANT
 176:Drivers/CMSIS/Include/core_cm0.h **** 
 177:Drivers/CMSIS/Include/core_cm0.h **** #ifdef __cplusplus
 178:Drivers/CMSIS/Include/core_cm0.h ****  extern "C" {
 179:Drivers/CMSIS/Include/core_cm0.h **** #endif
 180:Drivers/CMSIS/Include/core_cm0.h **** 
 181:Drivers/CMSIS/Include/core_cm0.h **** /* check device defines and use defaults */
 182:Drivers/CMSIS/Include/core_cm0.h **** #if defined __CHECK_DEVICE_DEFINES
 183:Drivers/CMSIS/Include/core_cm0.h ****   #ifndef __CM0_REV
 184:Drivers/CMSIS/Include/core_cm0.h ****     #define __CM0_REV               0x0000U
 185:Drivers/CMSIS/Include/core_cm0.h ****     #warning "__CM0_REV not defined in device header file; using default!"
 186:Drivers/CMSIS/Include/core_cm0.h ****   #endif
 187:Drivers/CMSIS/Include/core_cm0.h **** 
 188:Drivers/CMSIS/Include/core_cm0.h ****   #ifndef __NVIC_PRIO_BITS
 189:Drivers/CMSIS/Include/core_cm0.h ****     #define __NVIC_PRIO_BITS          2U
 190:Drivers/CMSIS/Include/core_cm0.h ****     #warning "__NVIC_PRIO_BITS not defined in device header file; using default!"
 191:Drivers/CMSIS/Include/core_cm0.h ****   #endif
 192:Drivers/CMSIS/Include/core_cm0.h **** 
 193:Drivers/CMSIS/Include/core_cm0.h ****   #ifndef __Vendor_SysTickConfig
 194:Drivers/CMSIS/Include/core_cm0.h ****     #define __Vendor_SysTickConfig    0U
 195:Drivers/CMSIS/Include/core_cm0.h ****     #warning "__Vendor_SysTickConfig not defined in device header file; using default!"
 196:Drivers/CMSIS/Include/core_cm0.h ****   #endif
 197:Drivers/CMSIS/Include/core_cm0.h **** #endif
 198:Drivers/CMSIS/Include/core_cm0.h **** 
 199:Drivers/CMSIS/Include/core_cm0.h **** /* IO definitions (access restrictions to peripheral registers) */
 200:Drivers/CMSIS/Include/core_cm0.h **** /**
 201:Drivers/CMSIS/Include/core_cm0.h ****     \defgroup CMSIS_glob_defs CMSIS Global Defines
 202:Drivers/CMSIS/Include/core_cm0.h **** 
 203:Drivers/CMSIS/Include/core_cm0.h ****     <strong>IO Type Qualifiers</strong> are used
 204:Drivers/CMSIS/Include/core_cm0.h ****     \li to specify the access to peripheral variables.
 205:Drivers/CMSIS/Include/core_cm0.h ****     \li for automatic generation of peripheral register debug information.
 206:Drivers/CMSIS/Include/core_cm0.h **** */
 207:Drivers/CMSIS/Include/core_cm0.h **** #ifdef __cplusplus
 208:Drivers/CMSIS/Include/core_cm0.h ****   #define   __I     volatile             /*!< Defines 'read only' permissions */
 209:Drivers/CMSIS/Include/core_cm0.h **** #else
 210:Drivers/CMSIS/Include/core_cm0.h ****   #define   __I     volatile const       /*!< Defines 'read only' permissions */
 211:Drivers/CMSIS/Include/core_cm0.h **** #endif
 212:Drivers/CMSIS/Include/core_cm0.h **** #define     __O     volatile             /*!< Defines 'write only' permissions */
 213:Drivers/CMSIS/Include/core_cm0.h **** #define     __IO    volatile             /*!< Defines 'read / write' permissions */
 214:Drivers/CMSIS/Include/core_cm0.h **** 
 215:Drivers/CMSIS/Include/core_cm0.h **** /* following defines should be used for structure members */
 216:Drivers/CMSIS/Include/core_cm0.h **** #define     __IM     volatile const      /*! Defines 'read only' structure member permissions */
 217:Drivers/CMSIS/Include/core_cm0.h **** #define     __OM     volatile            /*! Defines 'write only' structure member permissions */
 218:Drivers/CMSIS/Include/core_cm0.h **** #define     __IOM    volatile            /*! Defines 'read / write' structure member permissions */
 219:Drivers/CMSIS/Include/core_cm0.h **** 
 220:Drivers/CMSIS/Include/core_cm0.h **** /*@} end of group Cortex_M0 */
 221:Drivers/CMSIS/Include/core_cm0.h **** 
 222:Drivers/CMSIS/Include/core_cm0.h **** 
 223:Drivers/CMSIS/Include/core_cm0.h **** 
 224:Drivers/CMSIS/Include/core_cm0.h **** /*******************************************************************************
 225:Drivers/CMSIS/Include/core_cm0.h ****  *                 Register Abstraction
 226:Drivers/CMSIS/Include/core_cm0.h ****   Core Register contain:
 227:Drivers/CMSIS/Include/core_cm0.h ****   - Core Register
 228:Drivers/CMSIS/Include/core_cm0.h ****   - Core NVIC Register
ARM GAS  E:\cygwin64\tmp\ccQfFINq.s 			page 6


 229:Drivers/CMSIS/Include/core_cm0.h ****   - Core SCB Register
 230:Drivers/CMSIS/Include/core_cm0.h ****   - Core SysTick Register
 231:Drivers/CMSIS/Include/core_cm0.h ****  ******************************************************************************/
 232:Drivers/CMSIS/Include/core_cm0.h **** /**
 233:Drivers/CMSIS/Include/core_cm0.h ****   \defgroup CMSIS_core_register Defines and Type Definitions
 234:Drivers/CMSIS/Include/core_cm0.h ****   \brief Type definitions and defines for Cortex-M processor based devices.
 235:Drivers/CMSIS/Include/core_cm0.h **** */
 236:Drivers/CMSIS/Include/core_cm0.h **** 
 237:Drivers/CMSIS/Include/core_cm0.h **** /**
 238:Drivers/CMSIS/Include/core_cm0.h ****   \ingroup    CMSIS_core_register
 239:Drivers/CMSIS/Include/core_cm0.h ****   \defgroup   CMSIS_CORE  Status and Control Registers
 240:Drivers/CMSIS/Include/core_cm0.h ****   \brief      Core Register type definitions.
 241:Drivers/CMSIS/Include/core_cm0.h ****   @{
 242:Drivers/CMSIS/Include/core_cm0.h ****  */
 243:Drivers/CMSIS/Include/core_cm0.h **** 
 244:Drivers/CMSIS/Include/core_cm0.h **** /**
 245:Drivers/CMSIS/Include/core_cm0.h ****   \brief  Union type to access the Application Program Status Register (APSR).
 246:Drivers/CMSIS/Include/core_cm0.h ****  */
 247:Drivers/CMSIS/Include/core_cm0.h **** typedef union
 248:Drivers/CMSIS/Include/core_cm0.h **** {
 249:Drivers/CMSIS/Include/core_cm0.h ****   struct
 250:Drivers/CMSIS/Include/core_cm0.h ****   {
 251:Drivers/CMSIS/Include/core_cm0.h ****     uint32_t _reserved0:28;              /*!< bit:  0..27  Reserved */
 252:Drivers/CMSIS/Include/core_cm0.h ****     uint32_t V:1;                        /*!< bit:     28  Overflow condition code flag */
 253:Drivers/CMSIS/Include/core_cm0.h ****     uint32_t C:1;                        /*!< bit:     29  Carry condition code flag */
 254:Drivers/CMSIS/Include/core_cm0.h ****     uint32_t Z:1;                        /*!< bit:     30  Zero condition code flag */
 255:Drivers/CMSIS/Include/core_cm0.h ****     uint32_t N:1;                        /*!< bit:     31  Negative condition code flag */
 256:Drivers/CMSIS/Include/core_cm0.h ****   } b;                                   /*!< Structure used for bit  access */
 257:Drivers/CMSIS/Include/core_cm0.h ****   uint32_t w;                            /*!< Type      used for word access */
 258:Drivers/CMSIS/Include/core_cm0.h **** } APSR_Type;
 259:Drivers/CMSIS/Include/core_cm0.h **** 
 260:Drivers/CMSIS/Include/core_cm0.h **** /* APSR Register Definitions */
 261:Drivers/CMSIS/Include/core_cm0.h **** #define APSR_N_Pos                         31U                                            /*!< APSR
 262:Drivers/CMSIS/Include/core_cm0.h **** #define APSR_N_Msk                         (1UL << APSR_N_Pos)                            /*!< APSR
 263:Drivers/CMSIS/Include/core_cm0.h **** 
 264:Drivers/CMSIS/Include/core_cm0.h **** #define APSR_Z_Pos                         30U                                            /*!< APSR
 265:Drivers/CMSIS/Include/core_cm0.h **** #define APSR_Z_Msk                         (1UL << APSR_Z_Pos)                            /*!< APSR
 266:Drivers/CMSIS/Include/core_cm0.h **** 
 267:Drivers/CMSIS/Include/core_cm0.h **** #define APSR_C_Pos                         29U                                            /*!< APSR
 268:Drivers/CMSIS/Include/core_cm0.h **** #define APSR_C_Msk                         (1UL << APSR_C_Pos)                            /*!< APSR
 269:Drivers/CMSIS/Include/core_cm0.h **** 
 270:Drivers/CMSIS/Include/core_cm0.h **** #define APSR_V_Pos                         28U                                            /*!< APSR
 271:Drivers/CMSIS/Include/core_cm0.h **** #define APSR_V_Msk                         (1UL << APSR_V_Pos)                            /*!< APSR
 272:Drivers/CMSIS/Include/core_cm0.h **** 
 273:Drivers/CMSIS/Include/core_cm0.h **** 
 274:Drivers/CMSIS/Include/core_cm0.h **** /**
 275:Drivers/CMSIS/Include/core_cm0.h ****   \brief  Union type to access the Interrupt Program Status Register (IPSR).
 276:Drivers/CMSIS/Include/core_cm0.h ****  */
 277:Drivers/CMSIS/Include/core_cm0.h **** typedef union
 278:Drivers/CMSIS/Include/core_cm0.h **** {
 279:Drivers/CMSIS/Include/core_cm0.h ****   struct
 280:Drivers/CMSIS/Include/core_cm0.h ****   {
 281:Drivers/CMSIS/Include/core_cm0.h ****     uint32_t ISR:9;                      /*!< bit:  0.. 8  Exception number */
 282:Drivers/CMSIS/Include/core_cm0.h ****     uint32_t _reserved0:23;              /*!< bit:  9..31  Reserved */
 283:Drivers/CMSIS/Include/core_cm0.h ****   } b;                                   /*!< Structure used for bit  access */
 284:Drivers/CMSIS/Include/core_cm0.h ****   uint32_t w;                            /*!< Type      used for word access */
 285:Drivers/CMSIS/Include/core_cm0.h **** } IPSR_Type;
ARM GAS  E:\cygwin64\tmp\ccQfFINq.s 			page 7


 286:Drivers/CMSIS/Include/core_cm0.h **** 
 287:Drivers/CMSIS/Include/core_cm0.h **** /* IPSR Register Definitions */
 288:Drivers/CMSIS/Include/core_cm0.h **** #define IPSR_ISR_Pos                        0U                                            /*!< IPSR
 289:Drivers/CMSIS/Include/core_cm0.h **** #define IPSR_ISR_Msk                       (0x1FFUL /*<< IPSR_ISR_Pos*/)                  /*!< IPSR
 290:Drivers/CMSIS/Include/core_cm0.h **** 
 291:Drivers/CMSIS/Include/core_cm0.h **** 
 292:Drivers/CMSIS/Include/core_cm0.h **** /**
 293:Drivers/CMSIS/Include/core_cm0.h ****   \brief  Union type to access the Special-Purpose Program Status Registers (xPSR).
 294:Drivers/CMSIS/Include/core_cm0.h ****  */
 295:Drivers/CMSIS/Include/core_cm0.h **** typedef union
 296:Drivers/CMSIS/Include/core_cm0.h **** {
 297:Drivers/CMSIS/Include/core_cm0.h ****   struct
 298:Drivers/CMSIS/Include/core_cm0.h ****   {
 299:Drivers/CMSIS/Include/core_cm0.h ****     uint32_t ISR:9;                      /*!< bit:  0.. 8  Exception number */
 300:Drivers/CMSIS/Include/core_cm0.h ****     uint32_t _reserved0:15;              /*!< bit:  9..23  Reserved */
 301:Drivers/CMSIS/Include/core_cm0.h ****     uint32_t T:1;                        /*!< bit:     24  Thumb bit        (read 0) */
 302:Drivers/CMSIS/Include/core_cm0.h ****     uint32_t _reserved1:3;               /*!< bit: 25..27  Reserved */
 303:Drivers/CMSIS/Include/core_cm0.h ****     uint32_t V:1;                        /*!< bit:     28  Overflow condition code flag */
 304:Drivers/CMSIS/Include/core_cm0.h ****     uint32_t C:1;                        /*!< bit:     29  Carry condition code flag */
 305:Drivers/CMSIS/Include/core_cm0.h ****     uint32_t Z:1;                        /*!< bit:     30  Zero condition code flag */
 306:Drivers/CMSIS/Include/core_cm0.h ****     uint32_t N:1;                        /*!< bit:     31  Negative condition code flag */
 307:Drivers/CMSIS/Include/core_cm0.h ****   } b;                                   /*!< Structure used for bit  access */
 308:Drivers/CMSIS/Include/core_cm0.h ****   uint32_t w;                            /*!< Type      used for word access */
 309:Drivers/CMSIS/Include/core_cm0.h **** } xPSR_Type;
 310:Drivers/CMSIS/Include/core_cm0.h **** 
 311:Drivers/CMSIS/Include/core_cm0.h **** /* xPSR Register Definitions */
 312:Drivers/CMSIS/Include/core_cm0.h **** #define xPSR_N_Pos                         31U                                            /*!< xPSR
 313:Drivers/CMSIS/Include/core_cm0.h **** #define xPSR_N_Msk                         (1UL << xPSR_N_Pos)                            /*!< xPSR
 314:Drivers/CMSIS/Include/core_cm0.h **** 
 315:Drivers/CMSIS/Include/core_cm0.h **** #define xPSR_Z_Pos                         30U                                            /*!< xPSR
 316:Drivers/CMSIS/Include/core_cm0.h **** #define xPSR_Z_Msk                         (1UL << xPSR_Z_Pos)                            /*!< xPSR
 317:Drivers/CMSIS/Include/core_cm0.h **** 
 318:Drivers/CMSIS/Include/core_cm0.h **** #define xPSR_C_Pos                         29U                                            /*!< xPSR
 319:Drivers/CMSIS/Include/core_cm0.h **** #define xPSR_C_Msk                         (1UL << xPSR_C_Pos)                            /*!< xPSR
 320:Drivers/CMSIS/Include/core_cm0.h **** 
 321:Drivers/CMSIS/Include/core_cm0.h **** #define xPSR_V_Pos                         28U                                            /*!< xPSR
 322:Drivers/CMSIS/Include/core_cm0.h **** #define xPSR_V_Msk                         (1UL << xPSR_V_Pos)                            /*!< xPSR
 323:Drivers/CMSIS/Include/core_cm0.h **** 
 324:Drivers/CMSIS/Include/core_cm0.h **** #define xPSR_T_Pos                         24U                                            /*!< xPSR
 325:Drivers/CMSIS/Include/core_cm0.h **** #define xPSR_T_Msk                         (1UL << xPSR_T_Pos)                            /*!< xPSR
 326:Drivers/CMSIS/Include/core_cm0.h **** 
 327:Drivers/CMSIS/Include/core_cm0.h **** #define xPSR_ISR_Pos                        0U                                            /*!< xPSR
 328:Drivers/CMSIS/Include/core_cm0.h **** #define xPSR_ISR_Msk                       (0x1FFUL /*<< xPSR_ISR_Pos*/)                  /*!< xPSR
 329:Drivers/CMSIS/Include/core_cm0.h **** 
 330:Drivers/CMSIS/Include/core_cm0.h **** 
 331:Drivers/CMSIS/Include/core_cm0.h **** /**
 332:Drivers/CMSIS/Include/core_cm0.h ****   \brief  Union type to access the Control Registers (CONTROL).
 333:Drivers/CMSIS/Include/core_cm0.h ****  */
 334:Drivers/CMSIS/Include/core_cm0.h **** typedef union
 335:Drivers/CMSIS/Include/core_cm0.h **** {
 336:Drivers/CMSIS/Include/core_cm0.h ****   struct
 337:Drivers/CMSIS/Include/core_cm0.h ****   {
 338:Drivers/CMSIS/Include/core_cm0.h ****     uint32_t _reserved0:1;               /*!< bit:      0  Reserved */
 339:Drivers/CMSIS/Include/core_cm0.h ****     uint32_t SPSEL:1;                    /*!< bit:      1  Stack to be used */
 340:Drivers/CMSIS/Include/core_cm0.h ****     uint32_t _reserved1:30;              /*!< bit:  2..31  Reserved */
 341:Drivers/CMSIS/Include/core_cm0.h ****   } b;                                   /*!< Structure used for bit  access */
 342:Drivers/CMSIS/Include/core_cm0.h ****   uint32_t w;                            /*!< Type      used for word access */
ARM GAS  E:\cygwin64\tmp\ccQfFINq.s 			page 8


 343:Drivers/CMSIS/Include/core_cm0.h **** } CONTROL_Type;
 344:Drivers/CMSIS/Include/core_cm0.h **** 
 345:Drivers/CMSIS/Include/core_cm0.h **** /* CONTROL Register Definitions */
 346:Drivers/CMSIS/Include/core_cm0.h **** #define CONTROL_SPSEL_Pos                   1U                                            /*!< CONT
 347:Drivers/CMSIS/Include/core_cm0.h **** #define CONTROL_SPSEL_Msk                  (1UL << CONTROL_SPSEL_Pos)                     /*!< CONT
 348:Drivers/CMSIS/Include/core_cm0.h **** 
 349:Drivers/CMSIS/Include/core_cm0.h **** /*@} end of group CMSIS_CORE */
 350:Drivers/CMSIS/Include/core_cm0.h **** 
 351:Drivers/CMSIS/Include/core_cm0.h **** 
 352:Drivers/CMSIS/Include/core_cm0.h **** /**
 353:Drivers/CMSIS/Include/core_cm0.h ****   \ingroup    CMSIS_core_register
 354:Drivers/CMSIS/Include/core_cm0.h ****   \defgroup   CMSIS_NVIC  Nested Vectored Interrupt Controller (NVIC)
 355:Drivers/CMSIS/Include/core_cm0.h ****   \brief      Type definitions for the NVIC Registers
 356:Drivers/CMSIS/Include/core_cm0.h ****   @{
 357:Drivers/CMSIS/Include/core_cm0.h ****  */
 358:Drivers/CMSIS/Include/core_cm0.h **** 
 359:Drivers/CMSIS/Include/core_cm0.h **** /**
 360:Drivers/CMSIS/Include/core_cm0.h ****   \brief  Structure type to access the Nested Vectored Interrupt Controller (NVIC).
 361:Drivers/CMSIS/Include/core_cm0.h ****  */
 362:Drivers/CMSIS/Include/core_cm0.h **** typedef struct
 363:Drivers/CMSIS/Include/core_cm0.h **** {
 364:Drivers/CMSIS/Include/core_cm0.h ****   __IOM uint32_t ISER[1U];               /*!< Offset: 0x000 (R/W)  Interrupt Set Enable Register */
 365:Drivers/CMSIS/Include/core_cm0.h ****         uint32_t RESERVED0[31U];
 366:Drivers/CMSIS/Include/core_cm0.h ****   __IOM uint32_t ICER[1U];               /*!< Offset: 0x080 (R/W)  Interrupt Clear Enable Register 
 367:Drivers/CMSIS/Include/core_cm0.h ****         uint32_t RSERVED1[31U];
 368:Drivers/CMSIS/Include/core_cm0.h ****   __IOM uint32_t ISPR[1U];               /*!< Offset: 0x100 (R/W)  Interrupt Set Pending Register *
 369:Drivers/CMSIS/Include/core_cm0.h ****         uint32_t RESERVED2[31U];
 370:Drivers/CMSIS/Include/core_cm0.h ****   __IOM uint32_t ICPR[1U];               /*!< Offset: 0x180 (R/W)  Interrupt Clear Pending Register
 371:Drivers/CMSIS/Include/core_cm0.h ****         uint32_t RESERVED3[31U];
 372:Drivers/CMSIS/Include/core_cm0.h ****         uint32_t RESERVED4[64U];
 373:Drivers/CMSIS/Include/core_cm0.h ****   __IOM uint32_t IP[8U];                 /*!< Offset: 0x300 (R/W)  Interrupt Priority Register */
 374:Drivers/CMSIS/Include/core_cm0.h **** }  NVIC_Type;
 375:Drivers/CMSIS/Include/core_cm0.h **** 
 376:Drivers/CMSIS/Include/core_cm0.h **** /*@} end of group CMSIS_NVIC */
 377:Drivers/CMSIS/Include/core_cm0.h **** 
 378:Drivers/CMSIS/Include/core_cm0.h **** 
 379:Drivers/CMSIS/Include/core_cm0.h **** /**
 380:Drivers/CMSIS/Include/core_cm0.h ****   \ingroup  CMSIS_core_register
 381:Drivers/CMSIS/Include/core_cm0.h ****   \defgroup CMSIS_SCB     System Control Block (SCB)
 382:Drivers/CMSIS/Include/core_cm0.h ****   \brief    Type definitions for the System Control Block Registers
 383:Drivers/CMSIS/Include/core_cm0.h ****   @{
 384:Drivers/CMSIS/Include/core_cm0.h ****  */
 385:Drivers/CMSIS/Include/core_cm0.h **** 
 386:Drivers/CMSIS/Include/core_cm0.h **** /**
 387:Drivers/CMSIS/Include/core_cm0.h ****   \brief  Structure type to access the System Control Block (SCB).
 388:Drivers/CMSIS/Include/core_cm0.h ****  */
 389:Drivers/CMSIS/Include/core_cm0.h **** typedef struct
 390:Drivers/CMSIS/Include/core_cm0.h **** {
 391:Drivers/CMSIS/Include/core_cm0.h ****   __IM  uint32_t CPUID;                  /*!< Offset: 0x000 (R/ )  CPUID Base Register */
 392:Drivers/CMSIS/Include/core_cm0.h ****   __IOM uint32_t ICSR;                   /*!< Offset: 0x004 (R/W)  Interrupt Control and State Regi
 393:Drivers/CMSIS/Include/core_cm0.h ****         uint32_t RESERVED0;
 394:Drivers/CMSIS/Include/core_cm0.h ****   __IOM uint32_t AIRCR;                  /*!< Offset: 0x00C (R/W)  Application Interrupt and Reset 
 395:Drivers/CMSIS/Include/core_cm0.h ****   __IOM uint32_t SCR;                    /*!< Offset: 0x010 (R/W)  System Control Register */
 396:Drivers/CMSIS/Include/core_cm0.h ****   __IOM uint32_t CCR;                    /*!< Offset: 0x014 (R/W)  Configuration Control Register *
 397:Drivers/CMSIS/Include/core_cm0.h ****         uint32_t RESERVED1;
 398:Drivers/CMSIS/Include/core_cm0.h ****   __IOM uint32_t SHP[2U];                /*!< Offset: 0x01C (R/W)  System Handlers Priority Registe
 399:Drivers/CMSIS/Include/core_cm0.h ****   __IOM uint32_t SHCSR;                  /*!< Offset: 0x024 (R/W)  System Handler Control and State
ARM GAS  E:\cygwin64\tmp\ccQfFINq.s 			page 9


 400:Drivers/CMSIS/Include/core_cm0.h **** } SCB_Type;
 401:Drivers/CMSIS/Include/core_cm0.h **** 
 402:Drivers/CMSIS/Include/core_cm0.h **** /* SCB CPUID Register Definitions */
 403:Drivers/CMSIS/Include/core_cm0.h **** #define SCB_CPUID_IMPLEMENTER_Pos          24U                                            /*!< SCB 
 404:Drivers/CMSIS/Include/core_cm0.h **** #define SCB_CPUID_IMPLEMENTER_Msk          (0xFFUL << SCB_CPUID_IMPLEMENTER_Pos)          /*!< SCB 
 405:Drivers/CMSIS/Include/core_cm0.h **** 
 406:Drivers/CMSIS/Include/core_cm0.h **** #define SCB_CPUID_VARIANT_Pos              20U                                            /*!< SCB 
 407:Drivers/CMSIS/Include/core_cm0.h **** #define SCB_CPUID_VARIANT_Msk              (0xFUL << SCB_CPUID_VARIANT_Pos)               /*!< SCB 
 408:Drivers/CMSIS/Include/core_cm0.h **** 
 409:Drivers/CMSIS/Include/core_cm0.h **** #define SCB_CPUID_ARCHITECTURE_Pos         16U                                            /*!< SCB 
 410:Drivers/CMSIS/Include/core_cm0.h **** #define SCB_CPUID_ARCHITECTURE_Msk         (0xFUL << SCB_CPUID_ARCHITECTURE_Pos)          /*!< SCB 
 411:Drivers/CMSIS/Include/core_cm0.h **** 
 412:Drivers/CMSIS/Include/core_cm0.h **** #define SCB_CPUID_PARTNO_Pos                4U                                            /*!< SCB 
 413:Drivers/CMSIS/Include/core_cm0.h **** #define SCB_CPUID_PARTNO_Msk               (0xFFFUL << SCB_CPUID_PARTNO_Pos)              /*!< SCB 
 414:Drivers/CMSIS/Include/core_cm0.h **** 
 415:Drivers/CMSIS/Include/core_cm0.h **** #define SCB_CPUID_REVISION_Pos              0U                                            /*!< SCB 
 416:Drivers/CMSIS/Include/core_cm0.h **** #define SCB_CPUID_REVISION_Msk             (0xFUL /*<< SCB_CPUID_REVISION_Pos*/)          /*!< SCB 
 417:Drivers/CMSIS/Include/core_cm0.h **** 
 418:Drivers/CMSIS/Include/core_cm0.h **** /* SCB Interrupt Control State Register Definitions */
 419:Drivers/CMSIS/Include/core_cm0.h **** #define SCB_ICSR_NMIPENDSET_Pos            31U                                            /*!< SCB 
 420:Drivers/CMSIS/Include/core_cm0.h **** #define SCB_ICSR_NMIPENDSET_Msk            (1UL << SCB_ICSR_NMIPENDSET_Pos)               /*!< SCB 
 421:Drivers/CMSIS/Include/core_cm0.h **** 
 422:Drivers/CMSIS/Include/core_cm0.h **** #define SCB_ICSR_PENDSVSET_Pos             28U                                            /*!< SCB 
 423:Drivers/CMSIS/Include/core_cm0.h **** #define SCB_ICSR_PENDSVSET_Msk             (1UL << SCB_ICSR_PENDSVSET_Pos)                /*!< SCB 
 424:Drivers/CMSIS/Include/core_cm0.h **** 
 425:Drivers/CMSIS/Include/core_cm0.h **** #define SCB_ICSR_PENDSVCLR_Pos             27U                                            /*!< SCB 
 426:Drivers/CMSIS/Include/core_cm0.h **** #define SCB_ICSR_PENDSVCLR_Msk             (1UL << SCB_ICSR_PENDSVCLR_Pos)                /*!< SCB 
 427:Drivers/CMSIS/Include/core_cm0.h **** 
 428:Drivers/CMSIS/Include/core_cm0.h **** #define SCB_ICSR_PENDSTSET_Pos             26U                                            /*!< SCB 
 429:Drivers/CMSIS/Include/core_cm0.h **** #define SCB_ICSR_PENDSTSET_Msk             (1UL << SCB_ICSR_PENDSTSET_Pos)                /*!< SCB 
 430:Drivers/CMSIS/Include/core_cm0.h **** 
 431:Drivers/CMSIS/Include/core_cm0.h **** #define SCB_ICSR_PENDSTCLR_Pos             25U                                            /*!< SCB 
 432:Drivers/CMSIS/Include/core_cm0.h **** #define SCB_ICSR_PENDSTCLR_Msk             (1UL << SCB_ICSR_PENDSTCLR_Pos)                /*!< SCB 
 433:Drivers/CMSIS/Include/core_cm0.h **** 
 434:Drivers/CMSIS/Include/core_cm0.h **** #define SCB_ICSR_ISRPREEMPT_Pos            23U                                            /*!< SCB 
 435:Drivers/CMSIS/Include/core_cm0.h **** #define SCB_ICSR_ISRPREEMPT_Msk            (1UL << SCB_ICSR_ISRPREEMPT_Pos)               /*!< SCB 
 436:Drivers/CMSIS/Include/core_cm0.h **** 
 437:Drivers/CMSIS/Include/core_cm0.h **** #define SCB_ICSR_ISRPENDING_Pos            22U                                            /*!< SCB 
 438:Drivers/CMSIS/Include/core_cm0.h **** #define SCB_ICSR_ISRPENDING_Msk            (1UL << SCB_ICSR_ISRPENDING_Pos)               /*!< SCB 
 439:Drivers/CMSIS/Include/core_cm0.h **** 
 440:Drivers/CMSIS/Include/core_cm0.h **** #define SCB_ICSR_VECTPENDING_Pos           12U                                            /*!< SCB 
 441:Drivers/CMSIS/Include/core_cm0.h **** #define SCB_ICSR_VECTPENDING_Msk           (0x1FFUL << SCB_ICSR_VECTPENDING_Pos)          /*!< SCB 
 442:Drivers/CMSIS/Include/core_cm0.h **** 
 443:Drivers/CMSIS/Include/core_cm0.h **** #define SCB_ICSR_VECTACTIVE_Pos             0U                                            /*!< SCB 
 444:Drivers/CMSIS/Include/core_cm0.h **** #define SCB_ICSR_VECTACTIVE_Msk            (0x1FFUL /*<< SCB_ICSR_VECTACTIVE_Pos*/)       /*!< SCB 
 445:Drivers/CMSIS/Include/core_cm0.h **** 
 446:Drivers/CMSIS/Include/core_cm0.h **** /* SCB Application Interrupt and Reset Control Register Definitions */
 447:Drivers/CMSIS/Include/core_cm0.h **** #define SCB_AIRCR_VECTKEY_Pos              16U                                            /*!< SCB 
 448:Drivers/CMSIS/Include/core_cm0.h **** #define SCB_AIRCR_VECTKEY_Msk              (0xFFFFUL << SCB_AIRCR_VECTKEY_Pos)            /*!< SCB 
 449:Drivers/CMSIS/Include/core_cm0.h **** 
 450:Drivers/CMSIS/Include/core_cm0.h **** #define SCB_AIRCR_VECTKEYSTAT_Pos          16U                                            /*!< SCB 
 451:Drivers/CMSIS/Include/core_cm0.h **** #define SCB_AIRCR_VECTKEYSTAT_Msk          (0xFFFFUL << SCB_AIRCR_VECTKEYSTAT_Pos)        /*!< SCB 
 452:Drivers/CMSIS/Include/core_cm0.h **** 
 453:Drivers/CMSIS/Include/core_cm0.h **** #define SCB_AIRCR_ENDIANESS_Pos            15U                                            /*!< SCB 
 454:Drivers/CMSIS/Include/core_cm0.h **** #define SCB_AIRCR_ENDIANESS_Msk            (1UL << SCB_AIRCR_ENDIANESS_Pos)               /*!< SCB 
 455:Drivers/CMSIS/Include/core_cm0.h **** 
 456:Drivers/CMSIS/Include/core_cm0.h **** #define SCB_AIRCR_SYSRESETREQ_Pos           2U                                            /*!< SCB 
ARM GAS  E:\cygwin64\tmp\ccQfFINq.s 			page 10


 457:Drivers/CMSIS/Include/core_cm0.h **** #define SCB_AIRCR_SYSRESETREQ_Msk          (1UL << SCB_AIRCR_SYSRESETREQ_Pos)             /*!< SCB 
 458:Drivers/CMSIS/Include/core_cm0.h **** 
 459:Drivers/CMSIS/Include/core_cm0.h **** #define SCB_AIRCR_VECTCLRACTIVE_Pos         1U                                            /*!< SCB 
 460:Drivers/CMSIS/Include/core_cm0.h **** #define SCB_AIRCR_VECTCLRACTIVE_Msk        (1UL << SCB_AIRCR_VECTCLRACTIVE_Pos)           /*!< SCB 
 461:Drivers/CMSIS/Include/core_cm0.h **** 
 462:Drivers/CMSIS/Include/core_cm0.h **** /* SCB System Control Register Definitions */
 463:Drivers/CMSIS/Include/core_cm0.h **** #define SCB_SCR_SEVONPEND_Pos               4U                                            /*!< SCB 
 464:Drivers/CMSIS/Include/core_cm0.h **** #define SCB_SCR_SEVONPEND_Msk              (1UL << SCB_SCR_SEVONPEND_Pos)                 /*!< SCB 
 465:Drivers/CMSIS/Include/core_cm0.h **** 
 466:Drivers/CMSIS/Include/core_cm0.h **** #define SCB_SCR_SLEEPDEEP_Pos               2U                                            /*!< SCB 
 467:Drivers/CMSIS/Include/core_cm0.h **** #define SCB_SCR_SLEEPDEEP_Msk              (1UL << SCB_SCR_SLEEPDEEP_Pos)                 /*!< SCB 
 468:Drivers/CMSIS/Include/core_cm0.h **** 
 469:Drivers/CMSIS/Include/core_cm0.h **** #define SCB_SCR_SLEEPONEXIT_Pos             1U                                            /*!< SCB 
 470:Drivers/CMSIS/Include/core_cm0.h **** #define SCB_SCR_SLEEPONEXIT_Msk            (1UL << SCB_SCR_SLEEPONEXIT_Pos)               /*!< SCB 
 471:Drivers/CMSIS/Include/core_cm0.h **** 
 472:Drivers/CMSIS/Include/core_cm0.h **** /* SCB Configuration Control Register Definitions */
 473:Drivers/CMSIS/Include/core_cm0.h **** #define SCB_CCR_STKALIGN_Pos                9U                                            /*!< SCB 
 474:Drivers/CMSIS/Include/core_cm0.h **** #define SCB_CCR_STKALIGN_Msk               (1UL << SCB_CCR_STKALIGN_Pos)                  /*!< SCB 
 475:Drivers/CMSIS/Include/core_cm0.h **** 
 476:Drivers/CMSIS/Include/core_cm0.h **** #define SCB_CCR_UNALIGN_TRP_Pos             3U                                            /*!< SCB 
 477:Drivers/CMSIS/Include/core_cm0.h **** #define SCB_CCR_UNALIGN_TRP_Msk            (1UL << SCB_CCR_UNALIGN_TRP_Pos)               /*!< SCB 
 478:Drivers/CMSIS/Include/core_cm0.h **** 
 479:Drivers/CMSIS/Include/core_cm0.h **** /* SCB System Handler Control and State Register Definitions */
 480:Drivers/CMSIS/Include/core_cm0.h **** #define SCB_SHCSR_SVCALLPENDED_Pos         15U                                            /*!< SCB 
 481:Drivers/CMSIS/Include/core_cm0.h **** #define SCB_SHCSR_SVCALLPENDED_Msk         (1UL << SCB_SHCSR_SVCALLPENDED_Pos)            /*!< SCB 
 482:Drivers/CMSIS/Include/core_cm0.h **** 
 483:Drivers/CMSIS/Include/core_cm0.h **** /*@} end of group CMSIS_SCB */
 484:Drivers/CMSIS/Include/core_cm0.h **** 
 485:Drivers/CMSIS/Include/core_cm0.h **** 
 486:Drivers/CMSIS/Include/core_cm0.h **** /**
 487:Drivers/CMSIS/Include/core_cm0.h ****   \ingroup  CMSIS_core_register
 488:Drivers/CMSIS/Include/core_cm0.h ****   \defgroup CMSIS_SysTick     System Tick Timer (SysTick)
 489:Drivers/CMSIS/Include/core_cm0.h ****   \brief    Type definitions for the System Timer Registers.
 490:Drivers/CMSIS/Include/core_cm0.h ****   @{
 491:Drivers/CMSIS/Include/core_cm0.h ****  */
 492:Drivers/CMSIS/Include/core_cm0.h **** 
 493:Drivers/CMSIS/Include/core_cm0.h **** /**
 494:Drivers/CMSIS/Include/core_cm0.h ****   \brief  Structure type to access the System Timer (SysTick).
 495:Drivers/CMSIS/Include/core_cm0.h ****  */
 496:Drivers/CMSIS/Include/core_cm0.h **** typedef struct
 497:Drivers/CMSIS/Include/core_cm0.h **** {
 498:Drivers/CMSIS/Include/core_cm0.h ****   __IOM uint32_t CTRL;                   /*!< Offset: 0x000 (R/W)  SysTick Control and Status Regis
 499:Drivers/CMSIS/Include/core_cm0.h ****   __IOM uint32_t LOAD;                   /*!< Offset: 0x004 (R/W)  SysTick Reload Value Register */
 500:Drivers/CMSIS/Include/core_cm0.h ****   __IOM uint32_t VAL;                    /*!< Offset: 0x008 (R/W)  SysTick Current Value Register *
 501:Drivers/CMSIS/Include/core_cm0.h ****   __IM  uint32_t CALIB;                  /*!< Offset: 0x00C (R/ )  SysTick Calibration Register */
 502:Drivers/CMSIS/Include/core_cm0.h **** } SysTick_Type;
 503:Drivers/CMSIS/Include/core_cm0.h **** 
 504:Drivers/CMSIS/Include/core_cm0.h **** /* SysTick Control / Status Register Definitions */
 505:Drivers/CMSIS/Include/core_cm0.h **** #define SysTick_CTRL_COUNTFLAG_Pos         16U                                            /*!< SysT
 506:Drivers/CMSIS/Include/core_cm0.h **** #define SysTick_CTRL_COUNTFLAG_Msk         (1UL << SysTick_CTRL_COUNTFLAG_Pos)            /*!< SysT
 507:Drivers/CMSIS/Include/core_cm0.h **** 
 508:Drivers/CMSIS/Include/core_cm0.h **** #define SysTick_CTRL_CLKSOURCE_Pos          2U                                            /*!< SysT
 509:Drivers/CMSIS/Include/core_cm0.h **** #define SysTick_CTRL_CLKSOURCE_Msk         (1UL << SysTick_CTRL_CLKSOURCE_Pos)            /*!< SysT
 510:Drivers/CMSIS/Include/core_cm0.h **** 
 511:Drivers/CMSIS/Include/core_cm0.h **** #define SysTick_CTRL_TICKINT_Pos            1U                                            /*!< SysT
 512:Drivers/CMSIS/Include/core_cm0.h **** #define SysTick_CTRL_TICKINT_Msk           (1UL << SysTick_CTRL_TICKINT_Pos)              /*!< SysT
 513:Drivers/CMSIS/Include/core_cm0.h **** 
ARM GAS  E:\cygwin64\tmp\ccQfFINq.s 			page 11


 514:Drivers/CMSIS/Include/core_cm0.h **** #define SysTick_CTRL_ENABLE_Pos             0U                                            /*!< SysT
 515:Drivers/CMSIS/Include/core_cm0.h **** #define SysTick_CTRL_ENABLE_Msk            (1UL /*<< SysTick_CTRL_ENABLE_Pos*/)           /*!< SysT
 516:Drivers/CMSIS/Include/core_cm0.h **** 
 517:Drivers/CMSIS/Include/core_cm0.h **** /* SysTick Reload Register Definitions */
 518:Drivers/CMSIS/Include/core_cm0.h **** #define SysTick_LOAD_RELOAD_Pos             0U                                            /*!< SysT
 519:Drivers/CMSIS/Include/core_cm0.h **** #define SysTick_LOAD_RELOAD_Msk            (0xFFFFFFUL /*<< SysTick_LOAD_RELOAD_Pos*/)    /*!< SysT
 520:Drivers/CMSIS/Include/core_cm0.h **** 
 521:Drivers/CMSIS/Include/core_cm0.h **** /* SysTick Current Register Definitions */
 522:Drivers/CMSIS/Include/core_cm0.h **** #define SysTick_VAL_CURRENT_Pos             0U                                            /*!< SysT
 523:Drivers/CMSIS/Include/core_cm0.h **** #define SysTick_VAL_CURRENT_Msk            (0xFFFFFFUL /*<< SysTick_VAL_CURRENT_Pos*/)    /*!< SysT
 524:Drivers/CMSIS/Include/core_cm0.h **** 
 525:Drivers/CMSIS/Include/core_cm0.h **** /* SysTick Calibration Register Definitions */
 526:Drivers/CMSIS/Include/core_cm0.h **** #define SysTick_CALIB_NOREF_Pos            31U                                            /*!< SysT
 527:Drivers/CMSIS/Include/core_cm0.h **** #define SysTick_CALIB_NOREF_Msk            (1UL << SysTick_CALIB_NOREF_Pos)               /*!< SysT
 528:Drivers/CMSIS/Include/core_cm0.h **** 
 529:Drivers/CMSIS/Include/core_cm0.h **** #define SysTick_CALIB_SKEW_Pos             30U                                            /*!< SysT
 530:Drivers/CMSIS/Include/core_cm0.h **** #define SysTick_CALIB_SKEW_Msk             (1UL << SysTick_CALIB_SKEW_Pos)                /*!< SysT
 531:Drivers/CMSIS/Include/core_cm0.h **** 
 532:Drivers/CMSIS/Include/core_cm0.h **** #define SysTick_CALIB_TENMS_Pos             0U                                            /*!< SysT
 533:Drivers/CMSIS/Include/core_cm0.h **** #define SysTick_CALIB_TENMS_Msk            (0xFFFFFFUL /*<< SysTick_CALIB_TENMS_Pos*/)    /*!< SysT
 534:Drivers/CMSIS/Include/core_cm0.h **** 
 535:Drivers/CMSIS/Include/core_cm0.h **** /*@} end of group CMSIS_SysTick */
 536:Drivers/CMSIS/Include/core_cm0.h **** 
 537:Drivers/CMSIS/Include/core_cm0.h **** 
 538:Drivers/CMSIS/Include/core_cm0.h **** /**
 539:Drivers/CMSIS/Include/core_cm0.h ****   \ingroup  CMSIS_core_register
 540:Drivers/CMSIS/Include/core_cm0.h ****   \defgroup CMSIS_CoreDebug       Core Debug Registers (CoreDebug)
 541:Drivers/CMSIS/Include/core_cm0.h ****   \brief    Cortex-M0 Core Debug Registers (DCB registers, SHCSR, and DFSR) are only accessible ove
 542:Drivers/CMSIS/Include/core_cm0.h ****             Therefore they are not covered by the Cortex-M0 header file.
 543:Drivers/CMSIS/Include/core_cm0.h ****   @{
 544:Drivers/CMSIS/Include/core_cm0.h ****  */
 545:Drivers/CMSIS/Include/core_cm0.h **** /*@} end of group CMSIS_CoreDebug */
 546:Drivers/CMSIS/Include/core_cm0.h **** 
 547:Drivers/CMSIS/Include/core_cm0.h **** 
 548:Drivers/CMSIS/Include/core_cm0.h **** /**
 549:Drivers/CMSIS/Include/core_cm0.h ****   \ingroup    CMSIS_core_register
 550:Drivers/CMSIS/Include/core_cm0.h ****   \defgroup   CMSIS_core_bitfield     Core register bit field macros
 551:Drivers/CMSIS/Include/core_cm0.h ****   \brief      Macros for use with bit field definitions (xxx_Pos, xxx_Msk).
 552:Drivers/CMSIS/Include/core_cm0.h ****   @{
 553:Drivers/CMSIS/Include/core_cm0.h ****  */
 554:Drivers/CMSIS/Include/core_cm0.h **** 
 555:Drivers/CMSIS/Include/core_cm0.h **** /**
 556:Drivers/CMSIS/Include/core_cm0.h ****   \brief   Mask and shift a bit field value for use in a register bit range.
 557:Drivers/CMSIS/Include/core_cm0.h ****   \param[in] field  Name of the register bit field.
 558:Drivers/CMSIS/Include/core_cm0.h ****   \param[in] value  Value of the bit field.
 559:Drivers/CMSIS/Include/core_cm0.h ****   \return           Masked and shifted value.
 560:Drivers/CMSIS/Include/core_cm0.h **** */
 561:Drivers/CMSIS/Include/core_cm0.h **** #define _VAL2FLD(field, value)    ((value << field ## _Pos) & field ## _Msk)
 562:Drivers/CMSIS/Include/core_cm0.h **** 
 563:Drivers/CMSIS/Include/core_cm0.h **** /**
 564:Drivers/CMSIS/Include/core_cm0.h ****   \brief     Mask and shift a register value to extract a bit filed value.
 565:Drivers/CMSIS/Include/core_cm0.h ****   \param[in] field  Name of the register bit field.
 566:Drivers/CMSIS/Include/core_cm0.h ****   \param[in] value  Value of register.
 567:Drivers/CMSIS/Include/core_cm0.h ****   \return           Masked and shifted bit field value.
 568:Drivers/CMSIS/Include/core_cm0.h **** */
 569:Drivers/CMSIS/Include/core_cm0.h **** #define _FLD2VAL(field, value)    ((value & field ## _Msk) >> field ## _Pos)
 570:Drivers/CMSIS/Include/core_cm0.h **** 
ARM GAS  E:\cygwin64\tmp\ccQfFINq.s 			page 12


 571:Drivers/CMSIS/Include/core_cm0.h **** /*@} end of group CMSIS_core_bitfield */
 572:Drivers/CMSIS/Include/core_cm0.h **** 
 573:Drivers/CMSIS/Include/core_cm0.h **** 
 574:Drivers/CMSIS/Include/core_cm0.h **** /**
 575:Drivers/CMSIS/Include/core_cm0.h ****   \ingroup    CMSIS_core_register
 576:Drivers/CMSIS/Include/core_cm0.h ****   \defgroup   CMSIS_core_base     Core Definitions
 577:Drivers/CMSIS/Include/core_cm0.h ****   \brief      Definitions for base addresses, unions, and structures.
 578:Drivers/CMSIS/Include/core_cm0.h ****   @{
 579:Drivers/CMSIS/Include/core_cm0.h ****  */
 580:Drivers/CMSIS/Include/core_cm0.h **** 
 581:Drivers/CMSIS/Include/core_cm0.h **** /* Memory mapping of Cortex-M0 Hardware */
 582:Drivers/CMSIS/Include/core_cm0.h **** #define SCS_BASE            (0xE000E000UL)                            /*!< System Control Space Bas
 583:Drivers/CMSIS/Include/core_cm0.h **** #define SysTick_BASE        (SCS_BASE +  0x0010UL)                    /*!< SysTick Base Address */
 584:Drivers/CMSIS/Include/core_cm0.h **** #define NVIC_BASE           (SCS_BASE +  0x0100UL)                    /*!< NVIC Base Address */
 585:Drivers/CMSIS/Include/core_cm0.h **** #define SCB_BASE            (SCS_BASE +  0x0D00UL)                    /*!< System Control Block Bas
 586:Drivers/CMSIS/Include/core_cm0.h **** 
 587:Drivers/CMSIS/Include/core_cm0.h **** #define SCB                 ((SCB_Type       *)     SCB_BASE      )   /*!< SCB configuration struct
 588:Drivers/CMSIS/Include/core_cm0.h **** #define SysTick             ((SysTick_Type   *)     SysTick_BASE  )   /*!< SysTick configuration st
 589:Drivers/CMSIS/Include/core_cm0.h **** #define NVIC                ((NVIC_Type      *)     NVIC_BASE     )   /*!< NVIC configuration struc
 590:Drivers/CMSIS/Include/core_cm0.h **** 
 591:Drivers/CMSIS/Include/core_cm0.h **** 
 592:Drivers/CMSIS/Include/core_cm0.h **** /*@} */
 593:Drivers/CMSIS/Include/core_cm0.h **** 
 594:Drivers/CMSIS/Include/core_cm0.h **** 
 595:Drivers/CMSIS/Include/core_cm0.h **** 
 596:Drivers/CMSIS/Include/core_cm0.h **** /*******************************************************************************
 597:Drivers/CMSIS/Include/core_cm0.h ****  *                Hardware Abstraction Layer
 598:Drivers/CMSIS/Include/core_cm0.h ****   Core Function Interface contains:
 599:Drivers/CMSIS/Include/core_cm0.h ****   - Core NVIC Functions
 600:Drivers/CMSIS/Include/core_cm0.h ****   - Core SysTick Functions
 601:Drivers/CMSIS/Include/core_cm0.h ****   - Core Register Access Functions
 602:Drivers/CMSIS/Include/core_cm0.h ****  ******************************************************************************/
 603:Drivers/CMSIS/Include/core_cm0.h **** /**
 604:Drivers/CMSIS/Include/core_cm0.h ****   \defgroup CMSIS_Core_FunctionInterface Functions and Instructions Reference
 605:Drivers/CMSIS/Include/core_cm0.h **** */
 606:Drivers/CMSIS/Include/core_cm0.h **** 
 607:Drivers/CMSIS/Include/core_cm0.h **** 
 608:Drivers/CMSIS/Include/core_cm0.h **** 
 609:Drivers/CMSIS/Include/core_cm0.h **** /* ##########################   NVIC functions  #################################### */
 610:Drivers/CMSIS/Include/core_cm0.h **** /**
 611:Drivers/CMSIS/Include/core_cm0.h ****   \ingroup  CMSIS_Core_FunctionInterface
 612:Drivers/CMSIS/Include/core_cm0.h ****   \defgroup CMSIS_Core_NVICFunctions NVIC Functions
 613:Drivers/CMSIS/Include/core_cm0.h ****   \brief    Functions that manage interrupts and exceptions via the NVIC.
 614:Drivers/CMSIS/Include/core_cm0.h ****   @{
 615:Drivers/CMSIS/Include/core_cm0.h ****  */
 616:Drivers/CMSIS/Include/core_cm0.h **** 
 617:Drivers/CMSIS/Include/core_cm0.h **** /* Interrupt Priorities are WORD accessible only under ARMv6M                   */
 618:Drivers/CMSIS/Include/core_cm0.h **** /* The following MACROS handle generation of the register offset and byte masks */
 619:Drivers/CMSIS/Include/core_cm0.h **** #define _BIT_SHIFT(IRQn)         (  ((((uint32_t)(int32_t)(IRQn))         )      &  0x03UL) * 8UL)
 620:Drivers/CMSIS/Include/core_cm0.h **** #define _SHP_IDX(IRQn)           ( (((((uint32_t)(int32_t)(IRQn)) & 0x0FUL)-8UL) >>    2UL)      )
 621:Drivers/CMSIS/Include/core_cm0.h **** #define _IP_IDX(IRQn)            (   (((uint32_t)(int32_t)(IRQn))                >>    2UL)      )
 622:Drivers/CMSIS/Include/core_cm0.h **** 
 623:Drivers/CMSIS/Include/core_cm0.h **** 
 624:Drivers/CMSIS/Include/core_cm0.h **** /**
 625:Drivers/CMSIS/Include/core_cm0.h ****   \brief   Enable External Interrupt
 626:Drivers/CMSIS/Include/core_cm0.h ****   \details Enables a device-specific interrupt in the NVIC interrupt controller.
 627:Drivers/CMSIS/Include/core_cm0.h ****   \param [in]      IRQn  External interrupt number. Value cannot be negative.
ARM GAS  E:\cygwin64\tmp\ccQfFINq.s 			page 13


 628:Drivers/CMSIS/Include/core_cm0.h ****  */
 629:Drivers/CMSIS/Include/core_cm0.h **** __STATIC_INLINE void NVIC_EnableIRQ(IRQn_Type IRQn)
 630:Drivers/CMSIS/Include/core_cm0.h **** {
 631:Drivers/CMSIS/Include/core_cm0.h ****   NVIC->ISER[0U] = (uint32_t)(1UL << (((uint32_t)(int32_t)IRQn) & 0x1FUL));
 632:Drivers/CMSIS/Include/core_cm0.h **** }
 633:Drivers/CMSIS/Include/core_cm0.h **** 
 634:Drivers/CMSIS/Include/core_cm0.h **** 
 635:Drivers/CMSIS/Include/core_cm0.h **** /**
 636:Drivers/CMSIS/Include/core_cm0.h ****   \brief   Disable External Interrupt
 637:Drivers/CMSIS/Include/core_cm0.h ****   \details Disables a device-specific interrupt in the NVIC interrupt controller.
 638:Drivers/CMSIS/Include/core_cm0.h ****   \param [in]      IRQn  External interrupt number. Value cannot be negative.
 639:Drivers/CMSIS/Include/core_cm0.h ****  */
 640:Drivers/CMSIS/Include/core_cm0.h **** __STATIC_INLINE void NVIC_DisableIRQ(IRQn_Type IRQn)
 641:Drivers/CMSIS/Include/core_cm0.h **** {
 642:Drivers/CMSIS/Include/core_cm0.h ****   NVIC->ICER[0U] = (uint32_t)(1UL << (((uint32_t)(int32_t)IRQn) & 0x1FUL));
 643:Drivers/CMSIS/Include/core_cm0.h **** }
 644:Drivers/CMSIS/Include/core_cm0.h **** 
 645:Drivers/CMSIS/Include/core_cm0.h **** 
 646:Drivers/CMSIS/Include/core_cm0.h **** /**
 647:Drivers/CMSIS/Include/core_cm0.h ****   \brief   Get Pending Interrupt
 648:Drivers/CMSIS/Include/core_cm0.h ****   \details Reads the pending register in the NVIC and returns the pending bit for the specified int
 649:Drivers/CMSIS/Include/core_cm0.h ****   \param [in]      IRQn  Interrupt number.
 650:Drivers/CMSIS/Include/core_cm0.h ****   \return             0  Interrupt status is not pending.
 651:Drivers/CMSIS/Include/core_cm0.h ****   \return             1  Interrupt status is pending.
 652:Drivers/CMSIS/Include/core_cm0.h ****  */
 653:Drivers/CMSIS/Include/core_cm0.h **** __STATIC_INLINE uint32_t NVIC_GetPendingIRQ(IRQn_Type IRQn)
 654:Drivers/CMSIS/Include/core_cm0.h **** {
 655:Drivers/CMSIS/Include/core_cm0.h ****   return((uint32_t)(((NVIC->ISPR[0U] & (1UL << (((uint32_t)(int32_t)IRQn) & 0x1FUL))) != 0UL) ? 1UL
 656:Drivers/CMSIS/Include/core_cm0.h **** }
 657:Drivers/CMSIS/Include/core_cm0.h **** 
 658:Drivers/CMSIS/Include/core_cm0.h **** 
 659:Drivers/CMSIS/Include/core_cm0.h **** /**
 660:Drivers/CMSIS/Include/core_cm0.h ****   \brief   Set Pending Interrupt
 661:Drivers/CMSIS/Include/core_cm0.h ****   \details Sets the pending bit of an external interrupt.
 662:Drivers/CMSIS/Include/core_cm0.h ****   \param [in]      IRQn  Interrupt number. Value cannot be negative.
 663:Drivers/CMSIS/Include/core_cm0.h ****  */
 664:Drivers/CMSIS/Include/core_cm0.h **** __STATIC_INLINE void NVIC_SetPendingIRQ(IRQn_Type IRQn)
 665:Drivers/CMSIS/Include/core_cm0.h **** {
 666:Drivers/CMSIS/Include/core_cm0.h ****   NVIC->ISPR[0U] = (uint32_t)(1UL << (((uint32_t)(int32_t)IRQn) & 0x1FUL));
 667:Drivers/CMSIS/Include/core_cm0.h **** }
 668:Drivers/CMSIS/Include/core_cm0.h **** 
 669:Drivers/CMSIS/Include/core_cm0.h **** 
 670:Drivers/CMSIS/Include/core_cm0.h **** /**
 671:Drivers/CMSIS/Include/core_cm0.h ****   \brief   Clear Pending Interrupt
 672:Drivers/CMSIS/Include/core_cm0.h ****   \details Clears the pending bit of an external interrupt.
 673:Drivers/CMSIS/Include/core_cm0.h ****   \param [in]      IRQn  External interrupt number. Value cannot be negative.
 674:Drivers/CMSIS/Include/core_cm0.h ****  */
 675:Drivers/CMSIS/Include/core_cm0.h **** __STATIC_INLINE void NVIC_ClearPendingIRQ(IRQn_Type IRQn)
 676:Drivers/CMSIS/Include/core_cm0.h **** {
 677:Drivers/CMSIS/Include/core_cm0.h ****   NVIC->ICPR[0U] = (uint32_t)(1UL << (((uint32_t)(int32_t)IRQn) & 0x1FUL));
 678:Drivers/CMSIS/Include/core_cm0.h **** }
 679:Drivers/CMSIS/Include/core_cm0.h **** 
 680:Drivers/CMSIS/Include/core_cm0.h **** 
 681:Drivers/CMSIS/Include/core_cm0.h **** /**
 682:Drivers/CMSIS/Include/core_cm0.h ****   \brief   Set Interrupt Priority
 683:Drivers/CMSIS/Include/core_cm0.h ****   \details Sets the priority of an interrupt.
 684:Drivers/CMSIS/Include/core_cm0.h ****   \note    The priority cannot be set for every core interrupt.
ARM GAS  E:\cygwin64\tmp\ccQfFINq.s 			page 14


 685:Drivers/CMSIS/Include/core_cm0.h ****   \param [in]      IRQn  Interrupt number.
 686:Drivers/CMSIS/Include/core_cm0.h ****   \param [in]  priority  Priority to set.
 687:Drivers/CMSIS/Include/core_cm0.h ****  */
 688:Drivers/CMSIS/Include/core_cm0.h **** __STATIC_INLINE void NVIC_SetPriority(IRQn_Type IRQn, uint32_t priority)
 689:Drivers/CMSIS/Include/core_cm0.h **** {
 690:Drivers/CMSIS/Include/core_cm0.h ****   if ((int32_t)(IRQn) < 0)
 691:Drivers/CMSIS/Include/core_cm0.h ****   {
 692:Drivers/CMSIS/Include/core_cm0.h ****     SCB->SHP[_SHP_IDX(IRQn)] = ((uint32_t)(SCB->SHP[_SHP_IDX(IRQn)] & ~(0xFFUL << _BIT_SHIFT(IRQn))
 693:Drivers/CMSIS/Include/core_cm0.h ****        (((priority << (8U - __NVIC_PRIO_BITS)) & (uint32_t)0xFFUL) << _BIT_SHIFT(IRQn)));
 694:Drivers/CMSIS/Include/core_cm0.h ****   }
 695:Drivers/CMSIS/Include/core_cm0.h ****   else
 696:Drivers/CMSIS/Include/core_cm0.h ****   {
 697:Drivers/CMSIS/Include/core_cm0.h ****     NVIC->IP[_IP_IDX(IRQn)]  = ((uint32_t)(NVIC->IP[_IP_IDX(IRQn)]  & ~(0xFFUL << _BIT_SHIFT(IRQn))
 698:Drivers/CMSIS/Include/core_cm0.h ****        (((priority << (8U - __NVIC_PRIO_BITS)) & (uint32_t)0xFFUL) << _BIT_SHIFT(IRQn)));
 699:Drivers/CMSIS/Include/core_cm0.h ****   }
 700:Drivers/CMSIS/Include/core_cm0.h **** }
 701:Drivers/CMSIS/Include/core_cm0.h **** 
 702:Drivers/CMSIS/Include/core_cm0.h **** 
 703:Drivers/CMSIS/Include/core_cm0.h **** /**
 704:Drivers/CMSIS/Include/core_cm0.h ****   \brief   Get Interrupt Priority
 705:Drivers/CMSIS/Include/core_cm0.h ****   \details Reads the priority of an interrupt.
 706:Drivers/CMSIS/Include/core_cm0.h ****            The interrupt number can be positive to specify an external (device specific) interrupt,
 707:Drivers/CMSIS/Include/core_cm0.h ****            or negative to specify an internal (core) interrupt.
 708:Drivers/CMSIS/Include/core_cm0.h ****   \param [in]   IRQn  Interrupt number.
 709:Drivers/CMSIS/Include/core_cm0.h ****   \return             Interrupt Priority.
 710:Drivers/CMSIS/Include/core_cm0.h ****                       Value is aligned automatically to the implemented priority bits of the microc
 711:Drivers/CMSIS/Include/core_cm0.h ****  */
 712:Drivers/CMSIS/Include/core_cm0.h **** __STATIC_INLINE uint32_t NVIC_GetPriority(IRQn_Type IRQn)
 713:Drivers/CMSIS/Include/core_cm0.h **** {
 714:Drivers/CMSIS/Include/core_cm0.h **** 
 715:Drivers/CMSIS/Include/core_cm0.h ****   if ((int32_t)(IRQn) < 0)
 716:Drivers/CMSIS/Include/core_cm0.h ****   {
 717:Drivers/CMSIS/Include/core_cm0.h ****     return((uint32_t)(((SCB->SHP[_SHP_IDX(IRQn)] >> _BIT_SHIFT(IRQn) ) & (uint32_t)0xFFUL) >> (8U -
 718:Drivers/CMSIS/Include/core_cm0.h ****   }
 719:Drivers/CMSIS/Include/core_cm0.h ****   else
 720:Drivers/CMSIS/Include/core_cm0.h ****   {
 721:Drivers/CMSIS/Include/core_cm0.h ****     return((uint32_t)(((NVIC->IP[ _IP_IDX(IRQn)] >> _BIT_SHIFT(IRQn) ) & (uint32_t)0xFFUL) >> (8U -
 722:Drivers/CMSIS/Include/core_cm0.h ****   }
 723:Drivers/CMSIS/Include/core_cm0.h **** }
 724:Drivers/CMSIS/Include/core_cm0.h **** 
 725:Drivers/CMSIS/Include/core_cm0.h **** 
 726:Drivers/CMSIS/Include/core_cm0.h **** /**
 727:Drivers/CMSIS/Include/core_cm0.h ****   \brief   System Reset
 728:Drivers/CMSIS/Include/core_cm0.h ****   \details Initiates a system reset request to reset the MCU.
 729:Drivers/CMSIS/Include/core_cm0.h ****  */
 730:Drivers/CMSIS/Include/core_cm0.h **** __STATIC_INLINE void NVIC_SystemReset(void)
 731:Drivers/CMSIS/Include/core_cm0.h **** {
 732:Drivers/CMSIS/Include/core_cm0.h ****   __DSB();                                                          /* Ensure all outstanding memor
 733:Drivers/CMSIS/Include/core_cm0.h ****                                                                        buffered write are completed
 734:Drivers/CMSIS/Include/core_cm0.h ****   SCB->AIRCR  = ((0x5FAUL << SCB_AIRCR_VECTKEY_Pos) |
 735:Drivers/CMSIS/Include/core_cm0.h ****                  SCB_AIRCR_SYSRESETREQ_Msk);
 736:Drivers/CMSIS/Include/core_cm0.h ****   __DSB();                                                          /* Ensure completion of memory 
 737:Drivers/CMSIS/Include/core_cm0.h **** 
 738:Drivers/CMSIS/Include/core_cm0.h ****   for(;;)                                                           /* wait until reset */
 739:Drivers/CMSIS/Include/core_cm0.h ****   {
 740:Drivers/CMSIS/Include/core_cm0.h ****     __NOP();
 741:Drivers/CMSIS/Include/core_cm0.h ****   }
ARM GAS  E:\cygwin64\tmp\ccQfFINq.s 			page 15


 742:Drivers/CMSIS/Include/core_cm0.h **** }
 743:Drivers/CMSIS/Include/core_cm0.h **** 
 744:Drivers/CMSIS/Include/core_cm0.h **** /*@} end of CMSIS_Core_NVICFunctions */
 745:Drivers/CMSIS/Include/core_cm0.h **** 
 746:Drivers/CMSIS/Include/core_cm0.h **** 
 747:Drivers/CMSIS/Include/core_cm0.h **** 
 748:Drivers/CMSIS/Include/core_cm0.h **** /* ##################################    SysTick function  ########################################
 749:Drivers/CMSIS/Include/core_cm0.h **** /**
 750:Drivers/CMSIS/Include/core_cm0.h ****   \ingroup  CMSIS_Core_FunctionInterface
 751:Drivers/CMSIS/Include/core_cm0.h ****   \defgroup CMSIS_Core_SysTickFunctions SysTick Functions
 752:Drivers/CMSIS/Include/core_cm0.h ****   \brief    Functions that configure the System.
 753:Drivers/CMSIS/Include/core_cm0.h ****   @{
 754:Drivers/CMSIS/Include/core_cm0.h ****  */
 755:Drivers/CMSIS/Include/core_cm0.h **** 
 756:Drivers/CMSIS/Include/core_cm0.h **** #if (__Vendor_SysTickConfig == 0U)
 757:Drivers/CMSIS/Include/core_cm0.h **** 
 758:Drivers/CMSIS/Include/core_cm0.h **** /**
 759:Drivers/CMSIS/Include/core_cm0.h ****   \brief   System Tick Configuration
 760:Drivers/CMSIS/Include/core_cm0.h ****   \details Initializes the System Timer and its interrupt, and starts the System Tick Timer.
 761:Drivers/CMSIS/Include/core_cm0.h ****            Counter is in free running mode to generate periodic interrupts.
 762:Drivers/CMSIS/Include/core_cm0.h ****   \param [in]  ticks  Number of ticks between two interrupts.
 763:Drivers/CMSIS/Include/core_cm0.h ****   \return          0  Function succeeded.
 764:Drivers/CMSIS/Include/core_cm0.h ****   \return          1  Function failed.
 765:Drivers/CMSIS/Include/core_cm0.h ****   \note    When the variable <b>__Vendor_SysTickConfig</b> is set to 1, then the
 766:Drivers/CMSIS/Include/core_cm0.h ****            function <b>SysTick_Config</b> is not included. In this case, the file <b><i>device</i>.
 767:Drivers/CMSIS/Include/core_cm0.h ****            must contain a vendor-specific implementation of this function.
 768:Drivers/CMSIS/Include/core_cm0.h ****  */
 769:Drivers/CMSIS/Include/core_cm0.h **** __STATIC_INLINE uint32_t SysTick_Config(uint32_t ticks)
 770:Drivers/CMSIS/Include/core_cm0.h **** {
 771:Drivers/CMSIS/Include/core_cm0.h ****   if ((ticks - 1UL) > SysTick_LOAD_RELOAD_Msk)
  46              		.loc 2 771 0
  47 000e 0138     		subs	r0, r0, #1
  48              	.LVL1:
  49 0010 094B     		ldr	r3, .L3+4
  50 0012 9842     		cmp	r0, r3
  51 0014 0DD8     		bhi	.L1
 772:Drivers/CMSIS/Include/core_cm0.h ****   {
 773:Drivers/CMSIS/Include/core_cm0.h ****     return (1UL);                                                   /* Reload value impossible */
 774:Drivers/CMSIS/Include/core_cm0.h ****   }
 775:Drivers/CMSIS/Include/core_cm0.h **** 
 776:Drivers/CMSIS/Include/core_cm0.h ****   SysTick->LOAD  = (uint32_t)(ticks - 1UL);                         /* set reload register */
  52              		.loc 2 776 0
  53 0016 094A     		ldr	r2, .L3+8
  54 0018 5060     		str	r0, [r2, #4]
  55              	.LVL2:
  56              	.LBB10:
  57              	.LBB11:
 692:Drivers/CMSIS/Include/core_cm0.h ****        (((priority << (8U - __NVIC_PRIO_BITS)) & (uint32_t)0xFFUL) << _BIT_SHIFT(IRQn)));
  58              		.loc 2 692 0
  59 001a 0948     		ldr	r0, .L3+12
  60              	.LVL3:
  61 001c 036A     		ldr	r3, [r0, #32]
  62 001e 1B02     		lsls	r3, r3, #8
  63 0020 1B0A     		lsrs	r3, r3, #8
  64 0022 C021     		movs	r1, #192
  65 0024 0906     		lsls	r1, r1, #24
  66 0026 0B43     		orrs	r3, r1
ARM GAS  E:\cygwin64\tmp\ccQfFINq.s 			page 16


  67 0028 0362     		str	r3, [r0, #32]
  68              	.LVL4:
  69              	.LBE11:
  70              	.LBE10:
 777:Drivers/CMSIS/Include/core_cm0.h ****   NVIC_SetPriority (SysTick_IRQn, (1UL << __NVIC_PRIO_BITS) - 1UL); /* set Priority for Systick Int
 778:Drivers/CMSIS/Include/core_cm0.h ****   SysTick->VAL   = 0UL;                                             /* Load the SysTick Counter Val
  71              		.loc 2 778 0
  72 002a 0023     		movs	r3, #0
  73 002c 9360     		str	r3, [r2, #8]
 779:Drivers/CMSIS/Include/core_cm0.h ****   SysTick->CTRL  = SysTick_CTRL_CLKSOURCE_Msk |
  74              		.loc 2 779 0
  75 002e 0733     		adds	r3, r3, #7
  76 0030 1360     		str	r3, [r2]
  77              	.L1:
  78              	.LBE9:
  79              	.LBE8:
  14:OSAL/hal/timer.c **** }
  80              		.loc 1 14 0
  81              		@ sp needed
  82 0032 10BD     		pop	{r4, pc}
  83              	.L4:
  84              		.align	2
  85              	.L3:
  86 0034 00000000 		.word	SystemCoreClock
  87 0038 FFFFFF00 		.word	16777215
  88 003c 10E000E0 		.word	-536813552
  89 0040 00ED00E0 		.word	-536810240
  90              		.cfi_endproc
  91              	.LFE37:
  93              		.section	.text.OSAL_TIMER_TICKSTART,"ax",%progbits
  94              		.align	1
  95              		.global	OSAL_TIMER_TICKSTART
  96              		.syntax unified
  97              		.code	16
  98              		.thumb_func
  99              		.fpu softvfp
 101              	OSAL_TIMER_TICKSTART:
 102              	.LFB38:
  15:OSAL/hal/timer.c **** 
  16:OSAL/hal/timer.c **** //å¼€å¯ç¡¬ä»¶å®šæ—¶å™¨
  17:OSAL/hal/timer.c **** void OSAL_TIMER_TICKSTART(void )
  18:OSAL/hal/timer.c **** {
 103              		.loc 1 18 0
 104              		.cfi_startproc
 105              		@ args = 0, pretend = 0, frame = 0
 106              		@ frame_needed = 0, uses_anonymous_args = 0
 107              		@ link register save eliminated.
  19:OSAL/hal/timer.c **** 
  20:OSAL/hal/timer.c **** }
 108              		.loc 1 20 0
 109              		@ sp needed
 110 0000 7047     		bx	lr
 111              		.cfi_endproc
 112              	.LFE38:
 114              		.section	.text.OSAL_TIMER_TICKSTOP,"ax",%progbits
 115              		.align	1
 116              		.global	OSAL_TIMER_TICKSTOP
ARM GAS  E:\cygwin64\tmp\ccQfFINq.s 			page 17


 117              		.syntax unified
 118              		.code	16
 119              		.thumb_func
 120              		.fpu softvfp
 122              	OSAL_TIMER_TICKSTOP:
 123              	.LFB39:
  21:OSAL/hal/timer.c **** 
  22:OSAL/hal/timer.c **** //å…³é—­ç¡¬ä»¶å®šæ—¶å™¨
  23:OSAL/hal/timer.c **** void OSAL_TIMER_TICKSTOP(void )
  24:OSAL/hal/timer.c **** {
 124              		.loc 1 24 0
 125              		.cfi_startproc
 126              		@ args = 0, pretend = 0, frame = 0
 127              		@ frame_needed = 0, uses_anonymous_args = 0
 128              		@ link register save eliminated.
  25:OSAL/hal/timer.c **** 
  26:OSAL/hal/timer.c **** }
 129              		.loc 1 26 0
 130              		@ sp needed
 131 0000 7047     		bx	lr
 132              		.cfi_endproc
 133              	.LFE39:
 135              		.section	.text.SysTick_CallBack,"ax",%progbits
 136              		.align	1
 137              		.global	SysTick_CallBack
 138              		.syntax unified
 139              		.code	16
 140              		.thumb_func
 141              		.fpu softvfp
 143              	SysTick_CallBack:
 144              	.LFB40:
  27:OSAL/hal/timer.c **** 
  28:OSAL/hal/timer.c **** //æ­¤å¤„æ·»åŠ ç¡¬ä»¶å®šæ—¶å™¨ä¸­æ–­æº¢å‡ºå‡½æ•°ï¼Œå¹¶è°ƒç”¨ç³»ç»Ÿæ—¶é’Ÿæ›´æ–°å‡½æ•°osal_update_time
  29:OSAL/hal/timer.c **** /**
  30:OSAL/hal/timer.c ****   * @brief  This function handles SysTick Handler.
  31:OSAL/hal/timer.c ****   * @param  None
  32:OSAL/hal/timer.c ****   * @retval None
  33:OSAL/hal/timer.c ****   */
  34:OSAL/hal/timer.c **** void SysTick_CallBack(void)
  35:OSAL/hal/timer.c **** {
 145              		.loc 1 35 0
 146              		.cfi_startproc
 147              		@ args = 0, pretend = 0, frame = 0
 148              		@ frame_needed = 0, uses_anonymous_args = 0
 149 0000 10B5     		push	{r4, lr}
 150              	.LCFI1:
 151              		.cfi_def_cfa_offset 8
 152              		.cfi_offset 4, -8
 153              		.cfi_offset 14, -4
  36:OSAL/hal/timer.c **** 	osal_update_timers();
 154              		.loc 1 36 0
 155 0002 FFF7FEFF 		bl	osal_update_timers
 156              	.LVL5:
  37:OSAL/hal/timer.c **** }
 157              		.loc 1 37 0
 158              		@ sp needed
 159 0006 10BD     		pop	{r4, pc}
ARM GAS  E:\cygwin64\tmp\ccQfFINq.s 			page 18


 160              		.cfi_endproc
 161              	.LFE40:
 163              		.text
 164              	.Letext0:
 165              		.file 3 "Drivers/CMSIS/Device/ST/STM32F0xx/Include/stm32f042x6.h"
 166              		.file 4 "d:\\program files (x86)\\gnu tools arm embedded\\7 2018-q2-update\\arm-none-eabi\\include
 167              		.file 5 "d:\\program files (x86)\\gnu tools arm embedded\\7 2018-q2-update\\arm-none-eabi\\include
 168              		.file 6 "Drivers/CMSIS/Device/ST/STM32F0xx/Include/system_stm32f0xx.h"
 169              		.file 7 "d:\\program files (x86)\\gnu tools arm embedded\\7 2018-q2-update\\arm-none-eabi\\include
 170              		.file 8 "d:\\program files (x86)\\gnu tools arm embedded\\7 2018-q2-update\\arm-none-eabi\\include
 171              		.file 9 "d:\\program files (x86)\\gnu tools arm embedded\\7 2018-q2-update\\lib\\gcc\\arm-none-eab
 172              		.file 10 "d:\\program files (x86)\\gnu tools arm embedded\\7 2018-q2-update\\arm-none-eabi\\includ
 173              		.file 11 "OSAL/include/osal_timer.h"
ARM GAS  E:\cygwin64\tmp\ccQfFINq.s 			page 19


DEFINED SYMBOLS
                            *ABS*:00000000 timer.c
E:\cygwin64\tmp\ccQfFINq.s:17     .text.OSAL_TIMER_TICKINIT:00000000 $t
E:\cygwin64\tmp\ccQfFINq.s:24     .text.OSAL_TIMER_TICKINIT:00000000 OSAL_TIMER_TICKINIT
E:\cygwin64\tmp\ccQfFINq.s:86     .text.OSAL_TIMER_TICKINIT:00000034 $d
E:\cygwin64\tmp\ccQfFINq.s:94     .text.OSAL_TIMER_TICKSTART:00000000 $t
E:\cygwin64\tmp\ccQfFINq.s:101    .text.OSAL_TIMER_TICKSTART:00000000 OSAL_TIMER_TICKSTART
E:\cygwin64\tmp\ccQfFINq.s:115    .text.OSAL_TIMER_TICKSTOP:00000000 $t
E:\cygwin64\tmp\ccQfFINq.s:122    .text.OSAL_TIMER_TICKSTOP:00000000 OSAL_TIMER_TICKSTOP
E:\cygwin64\tmp\ccQfFINq.s:136    .text.SysTick_CallBack:00000000 $t
E:\cygwin64\tmp\ccQfFINq.s:143    .text.SysTick_CallBack:00000000 SysTick_CallBack

UNDEFINED SYMBOLS
__aeabi_uidiv
SystemCoreClock
osal_update_timers
